{"C:\\Users\\עדן אהרון\\source\\repos\\advanced applications\\Hobiz\\dist\\chat.js": {"path":"C:\\Users\\עדן אהרון\\source\\repos\\advanced applications\\Hobiz\\dist\\chat.js","statementMap":{"0":{"start":{"line":2,"column":16},"end":{"line":10,"column":1}},"1":{"start":{"line":3,"column":28},"end":{"line":3,"column":110}},"2":{"start":{"line":3,"column":91},"end":{"line":3,"column":106}},"3":{"start":{"line":4,"column":4},"end":{"line":9,"column":7}},"4":{"start":{"line":5,"column":36},"end":{"line":5,"column":97}},"5":{"start":{"line":5,"column":42},"end":{"line":5,"column":70}},"6":{"start":{"line":5,"column":85},"end":{"line":5,"column":95}},"7":{"start":{"line":6,"column":35},"end":{"line":6,"column":100}},"8":{"start":{"line":6,"column":41},"end":{"line":6,"column":73}},"9":{"start":{"line":6,"column":88},"end":{"line":6,"column":98}},"10":{"start":{"line":7,"column":32},"end":{"line":7,"column":116}},"11":{"start":{"line":8,"column":8},"end":{"line":8,"column":78}},"12":{"start":{"line":11,"column":22},"end":{"line":13,"column":1}},"13":{"start":{"line":12,"column":4},"end":{"line":12,"column":62}},"14":{"start":{"line":14,"column":0},"end":{"line":14,"column":62}},"15":{"start":{"line":15,"column":0},"end":{"line":15,"column":46}},"16":{"start":{"line":16,"column":17},"end":{"line":16,"column":51}},"17":{"start":{"line":17,"column":15},"end":{"line":19,"column":2}},"18":{"start":{"line":21,"column":4},"end":{"line":34,"column":7}},"19":{"start":{"line":23,"column":8},"end":{"line":33,"column":9}},"20":{"start":{"line":24,"column":35},"end":{"line":27,"column":14}},"21":{"start":{"line":28,"column":12},"end":{"line":28,"column":214}},"22":{"start":{"line":31,"column":12},"end":{"line":31,"column":54}},"23":{"start":{"line":32,"column":12},"end":{"line":32,"column":24}}},"fnMap":{"0":{"name":"(anonymous_0)","decl":{"start":{"line":2,"column":44},"end":{"line":2,"column":45}},"loc":{"start":{"line":2,"column":89},"end":{"line":10,"column":1}},"line":2},"1":{"name":"adopt","decl":{"start":{"line":3,"column":13},"end":{"line":3,"column":18}},"loc":{"start":{"line":3,"column":26},"end":{"line":3,"column":112}},"line":3},"2":{"name":"(anonymous_2)","decl":{"start":{"line":3,"column":70},"end":{"line":3,"column":71}},"loc":{"start":{"line":3,"column":89},"end":{"line":3,"column":108}},"line":3},"3":{"name":"(anonymous_3)","decl":{"start":{"line":4,"column":36},"end":{"line":4,"column":37}},"loc":{"start":{"line":4,"column":63},"end":{"line":9,"column":5}},"line":4},"4":{"name":"fulfilled","decl":{"start":{"line":5,"column":17},"end":{"line":5,"column":26}},"loc":{"start":{"line":5,"column":34},"end":{"line":5,"column":99}},"line":5},"5":{"name":"rejected","decl":{"start":{"line":6,"column":17},"end":{"line":6,"column":25}},"loc":{"start":{"line":6,"column":33},"end":{"line":6,"column":102}},"line":6},"6":{"name":"step","decl":{"start":{"line":7,"column":17},"end":{"line":7,"column":21}},"loc":{"start":{"line":7,"column":30},"end":{"line":7,"column":118}},"line":7},"7":{"name":"(anonymous_7)","decl":{"start":{"line":11,"column":56},"end":{"line":11,"column":57}},"loc":{"start":{"line":11,"column":71},"end":{"line":13,"column":1}},"line":11},"8":{"name":"getChatCompletion","decl":{"start":{"line":20,"column":9},"end":{"line":20,"column":26}},"loc":{"start":{"line":20,"column":35},"end":{"line":35,"column":1}},"line":20},"9":{"name":"(anonymous_9)","decl":{"start":{"line":21,"column":43},"end":{"line":21,"column":44}},"loc":{"start":{"line":21,"column":56},"end":{"line":34,"column":5}},"line":21}},"branchMap":{"0":{"loc":{"start":{"line":2,"column":16},"end":{"line":10,"column":1}},"type":"binary-expr","locations":[{"start":{"line":2,"column":17},"end":{"line":2,"column":21}},{"start":{"line":2,"column":25},"end":{"line":2,"column":39}},{"start":{"line":2,"column":44},"end":{"line":10,"column":1}}],"line":2},"1":{"loc":{"start":{"line":3,"column":35},"end":{"line":3,"column":109}},"type":"cond-expr","locations":[{"start":{"line":3,"column":56},"end":{"line":3,"column":61}},{"start":{"line":3,"column":64},"end":{"line":3,"column":109}}],"line":3},"2":{"loc":{"start":{"line":4,"column":16},"end":{"line":4,"column":34}},"type":"binary-expr","locations":[{"start":{"line":4,"column":16},"end":{"line":4,"column":17}},{"start":{"line":4,"column":22},"end":{"line":4,"column":33}}],"line":4},"3":{"loc":{"start":{"line":7,"column":32},"end":{"line":7,"column":115}},"type":"cond-expr","locations":[{"start":{"line":7,"column":46},"end":{"line":7,"column":67}},{"start":{"line":7,"column":70},"end":{"line":7,"column":115}}],"line":7},"4":{"loc":{"start":{"line":8,"column":51},"end":{"line":8,"column":67}},"type":"binary-expr","locations":[{"start":{"line":8,"column":51},"end":{"line":8,"column":61}},{"start":{"line":8,"column":65},"end":{"line":8,"column":67}}],"line":8},"5":{"loc":{"start":{"line":11,"column":22},"end":{"line":13,"column":1}},"type":"binary-expr","locations":[{"start":{"line":11,"column":23},"end":{"line":11,"column":27}},{"start":{"line":11,"column":31},"end":{"line":11,"column":51}},{"start":{"line":11,"column":56},"end":{"line":13,"column":1}}],"line":11},"6":{"loc":{"start":{"line":12,"column":11},"end":{"line":12,"column":61}},"type":"cond-expr","locations":[{"start":{"line":12,"column":37},"end":{"line":12,"column":40}},{"start":{"line":12,"column":43},"end":{"line":12,"column":61}}],"line":12},"7":{"loc":{"start":{"line":12,"column":12},"end":{"line":12,"column":33}},"type":"binary-expr","locations":[{"start":{"line":12,"column":12},"end":{"line":12,"column":15}},{"start":{"line":12,"column":19},"end":{"line":12,"column":33}}],"line":12},"8":{"loc":{"start":{"line":28,"column":19},"end":{"line":28,"column":213}},"type":"cond-expr","locations":[{"start":{"line":28,"column":190},"end":{"line":28,"column":192}},{"start":{"line":28,"column":195},"end":{"line":28,"column":213}}],"line":28},"9":{"loc":{"start":{"line":28,"column":19},"end":{"line":28,"column":187}},"type":"binary-expr","locations":[{"start":{"line":28,"column":19},"end":{"line":28,"column":170}},{"start":{"line":28,"column":174},"end":{"line":28,"column":187}}],"line":28},"10":{"loc":{"start":{"line":28,"column":25},"end":{"line":28,"column":160}},"type":"cond-expr","locations":[{"start":{"line":28,"column":141},"end":{"line":28,"column":147}},{"start":{"line":28,"column":150},"end":{"line":28,"column":160}}],"line":28},"11":{"loc":{"start":{"line":28,"column":25},"end":{"line":28,"column":138}},"type":"binary-expr","locations":[{"start":{"line":28,"column":25},"end":{"line":28,"column":121}},{"start":{"line":28,"column":125},"end":{"line":28,"column":138}}],"line":28},"12":{"loc":{"start":{"line":28,"column":31},"end":{"line":28,"column":111}},"type":"cond-expr","locations":[{"start":{"line":28,"column":92},"end":{"line":28,"column":98}},{"start":{"line":28,"column":101},"end":{"line":28,"column":111}}],"line":28},"13":{"loc":{"start":{"line":28,"column":31},"end":{"line":28,"column":89}},"type":"binary-expr","locations":[{"start":{"line":28,"column":31},"end":{"line":28,"column":72}},{"start":{"line":28,"column":76},"end":{"line":28,"column":89}}],"line":28}},"s":{"0":5,"1":0,"2":0,"3":0,"4":0,"5":0,"6":0,"7":0,"8":0,"9":0,"10":0,"11":0,"12":5,"13":5,"14":5,"15":5,"16":5,"17":5,"18":0,"19":0,"20":0,"21":0,"22":0,"23":0},"f":{"0":0,"1":0,"2":0,"3":0,"4":0,"5":0,"6":0,"7":5,"8":0,"9":0},"b":{"0":[5,5,5],"1":[0,0],"2":[0,0],"3":[0,0],"4":[0,0],"5":[5,5,5],"6":[0,5],"7":[5,5],"8":[0,0],"9":[0,0],"10":[0,0],"11":[0,0],"12":[0,0],"13":[0,0]},"inputSourceMap":null,"_coverageSchema":"1a1c01bbd47fc00a2c39e90264f33305004495a9","hash":"b20ed728adf205e5e0bb4efe8959dabbc2fcf3e8"}
,"C:\\Users\\עדן אהרון\\source\\repos\\advanced applications\\Hobiz\\dist\\server.js": {"path":"C:\\Users\\עדן אהרון\\source\\repos\\advanced applications\\Hobiz\\dist\\server.js","statementMap":{"0":{"start":{"line":2,"column":22},"end":{"line":4,"column":1}},"1":{"start":{"line":3,"column":4},"end":{"line":3,"column":62}},"2":{"start":{"line":5,"column":0},"end":{"line":5,"column":62}},"3":{"start":{"line":6,"column":17},"end":{"line":6,"column":51}},"4":{"start":{"line":7,"column":0},"end":{"line":7,"column":26}},"5":{"start":{"line":8,"column":19},"end":{"line":8,"column":55}},"6":{"start":{"line":9,"column":22},"end":{"line":9,"column":61}},"7":{"start":{"line":10,"column":18},"end":{"line":10,"column":53}},"8":{"start":{"line":11,"column":23},"end":{"line":11,"column":72}},"9":{"start":{"line":12,"column":26},"end":{"line":12,"column":78}},"10":{"start":{"line":13,"column":22},"end":{"line":13,"column":70}},"11":{"start":{"line":14,"column":22},"end":{"line":14,"column":70}},"12":{"start":{"line":15,"column":15},"end":{"line":15,"column":47}},"13":{"start":{"line":16,"column":15},"end":{"line":16,"column":47}},"14":{"start":{"line":17,"column":22},"end":{"line":17,"column":70}},"15":{"start":{"line":18,"column":29},"end":{"line":18,"column":75}},"16":{"start":{"line":19,"column":24},"end":{"line":19,"column":65}},"17":{"start":{"line":20,"column":22},"end":{"line":20,"column":70}},"18":{"start":{"line":21,"column":12},"end":{"line":21,"column":36}},"19":{"start":{"line":22,"column":16},"end":{"line":33,"column":1}},"20":{"start":{"line":34,"column":14},"end":{"line":34,"column":51}},"21":{"start":{"line":35,"column":0},"end":{"line":35,"column":100}},"22":{"start":{"line":36,"column":0},"end":{"line":42,"column":4}},"23":{"start":{"line":43,"column":0},"end":{"line":43,"column":34}},"24":{"start":{"line":44,"column":0},"end":{"line":44,"column":40}},"25":{"start":{"line":45,"column":0},"end":{"line":52,"column":3}},"26":{"start":{"line":46,"column":4},"end":{"line":46,"column":56}},"27":{"start":{"line":47,"column":4},"end":{"line":47,"column":41}},"28":{"start":{"line":48,"column":4},"end":{"line":50,"column":5}},"29":{"start":{"line":49,"column":8},"end":{"line":49,"column":39}},"30":{"start":{"line":51,"column":4},"end":{"line":51,"column":11}},"31":{"start":{"line":53,"column":0},"end":{"line":53,"column":38}},"32":{"start":{"line":54,"column":0},"end":{"line":54,"column":62}},"33":{"start":{"line":56,"column":0},"end":{"line":56,"column":45}},"34":{"start":{"line":58,"column":0},"end":{"line":60,"column":3}},"35":{"start":{"line":59,"column":4},"end":{"line":59,"column":35}},"36":{"start":{"line":61,"column":0},"end":{"line":61,"column":42}},"37":{"start":{"line":62,"column":0},"end":{"line":62,"column":48}},"38":{"start":{"line":63,"column":0},"end":{"line":63,"column":41}},"39":{"start":{"line":64,"column":0},"end":{"line":64,"column":41}},"40":{"start":{"line":65,"column":0},"end":{"line":65,"column":92}},"41":{"start":{"line":67,"column":0},"end":{"line":67,"column":44}},"42":{"start":{"line":68,"column":11},"end":{"line":68,"column":40}},"43":{"start":{"line":69,"column":0},"end":{"line":69,"column":48}},"44":{"start":{"line":69,"column":26},"end":{"line":69,"column":46}},"45":{"start":{"line":70,"column":0},"end":{"line":70,"column":60}},"46":{"start":{"line":70,"column":22},"end":{"line":70,"column":58}},"47":{"start":{"line":71,"column":16},"end":{"line":88,"column":1}},"48":{"start":{"line":72,"column":4},"end":{"line":87,"column":7}},"49":{"start":{"line":73,"column":8},"end":{"line":86,"column":9}},"50":{"start":{"line":74,"column":12},"end":{"line":74,"column":61}},"51":{"start":{"line":77,"column":12},"end":{"line":85,"column":15}},"52":{"start":{"line":80,"column":16},"end":{"line":80,"column":29}},"53":{"start":{"line":81,"column":16},"end":{"line":81,"column":53}},"54":{"start":{"line":84,"column":16},"end":{"line":84,"column":30}},"55":{"start":{"line":89,"column":0},"end":{"line":89,"column":26}}},"fnMap":{"0":{"name":"(anonymous_0)","decl":{"start":{"line":2,"column":56},"end":{"line":2,"column":57}},"loc":{"start":{"line":2,"column":71},"end":{"line":4,"column":1}},"line":2},"1":{"name":"(anonymous_1)","decl":{"start":{"line":45,"column":8},"end":{"line":45,"column":9}},"loc":{"start":{"line":45,"column":28},"end":{"line":52,"column":1}},"line":45},"2":{"name":"(anonymous_2)","decl":{"start":{"line":58,"column":13},"end":{"line":58,"column":14}},"loc":{"start":{"line":58,"column":27},"end":{"line":60,"column":1}},"line":58},"3":{"name":"(anonymous_3)","decl":{"start":{"line":69,"column":15},"end":{"line":69,"column":16}},"loc":{"start":{"line":69,"column":26},"end":{"line":69,"column":46}},"line":69},"4":{"name":"(anonymous_4)","decl":{"start":{"line":70,"column":16},"end":{"line":70,"column":17}},"loc":{"start":{"line":70,"column":22},"end":{"line":70,"column":58}},"line":70},"5":{"name":"(anonymous_5)","decl":{"start":{"line":71,"column":16},"end":{"line":71,"column":17}},"loc":{"start":{"line":71,"column":22},"end":{"line":88,"column":1}},"line":71},"6":{"name":"(anonymous_6)","decl":{"start":{"line":72,"column":23},"end":{"line":72,"column":24}},"loc":{"start":{"line":72,"column":44},"end":{"line":87,"column":5}},"line":72},"7":{"name":"(anonymous_7)","decl":{"start":{"line":79,"column":22},"end":{"line":79,"column":23}},"loc":{"start":{"line":79,"column":28},"end":{"line":82,"column":13}},"line":79},"8":{"name":"(anonymous_8)","decl":{"start":{"line":83,"column":23},"end":{"line":83,"column":24}},"loc":{"start":{"line":83,"column":34},"end":{"line":85,"column":13}},"line":83}},"branchMap":{"0":{"loc":{"start":{"line":2,"column":22},"end":{"line":4,"column":1}},"type":"binary-expr","locations":[{"start":{"line":2,"column":23},"end":{"line":2,"column":27}},{"start":{"line":2,"column":31},"end":{"line":2,"column":51}},{"start":{"line":2,"column":56},"end":{"line":4,"column":1}}],"line":2},"1":{"loc":{"start":{"line":3,"column":11},"end":{"line":3,"column":61}},"type":"cond-expr","locations":[{"start":{"line":3,"column":37},"end":{"line":3,"column":40}},{"start":{"line":3,"column":43},"end":{"line":3,"column":61}}],"line":3},"2":{"loc":{"start":{"line":3,"column":12},"end":{"line":3,"column":33}},"type":"binary-expr","locations":[{"start":{"line":3,"column":12},"end":{"line":3,"column":15}},{"start":{"line":3,"column":19},"end":{"line":3,"column":33}}],"line":3},"3":{"loc":{"start":{"line":48,"column":4},"end":{"line":50,"column":5}},"type":"if","locations":[{"start":{"line":48,"column":4},"end":{"line":50,"column":5}},{"start":{},"end":{}}],"line":48},"4":{"loc":{"start":{"line":48,"column":8},"end":{"line":48,"column":53}},"type":"binary-expr","locations":[{"start":{"line":48,"column":8},"end":{"line":48,"column":29}},{"start":{"line":48,"column":33},"end":{"line":48,"column":53}}],"line":48},"5":{"loc":{"start":{"line":73,"column":8},"end":{"line":86,"column":9}},"type":"if","locations":[{"start":{"line":73,"column":8},"end":{"line":86,"column":9}},{"start":{"line":76,"column":13},"end":{"line":86,"column":9}}],"line":73}},"s":{"0":5,"1":70,"2":5,"3":5,"4":5,"5":5,"6":5,"7":5,"8":5,"9":5,"10":5,"11":5,"12":5,"13":5,"14":5,"15":5,"16":5,"17":5,"18":5,"19":5,"20":5,"21":5,"22":5,"23":5,"24":5,"25":5,"26":24,"27":24,"28":24,"29":8,"30":24,"31":5,"32":5,"33":5,"34":5,"35":0,"36":5,"37":5,"38":5,"39":5,"40":5,"41":5,"42":5,"43":5,"44":0,"45":5,"46":5,"47":5,"48":5,"49":5,"50":0,"51":5,"52":5,"53":5,"54":0,"55":5},"f":{"0":70,"1":24,"2":0,"3":0,"4":5,"5":5,"6":5,"7":5,"8":0},"b":{"0":[5,5,5],"1":[30,40],"2":[70,70],"3":[8,16],"4":[24,18],"5":[0,5]},"inputSourceMap":null,"_coverageSchema":"1a1c01bbd47fc00a2c39e90264f33305004495a9","hash":"6392845f6436a2e25a2a9fac9126c5b111d50803"}
,"C:\\Users\\עדן אהרון\\source\\repos\\advanced applications\\Hobiz\\dist\\controllers\\auth_controller.js": {"path":"C:\\Users\\עדן אהרון\\source\\repos\\advanced applications\\Hobiz\\dist\\controllers\\auth_controller.js","statementMap":{"0":{"start":{"line":2,"column":16},"end":{"line":10,"column":1}},"1":{"start":{"line":3,"column":28},"end":{"line":3,"column":110}},"2":{"start":{"line":3,"column":91},"end":{"line":3,"column":106}},"3":{"start":{"line":4,"column":4},"end":{"line":9,"column":7}},"4":{"start":{"line":5,"column":36},"end":{"line":5,"column":97}},"5":{"start":{"line":5,"column":42},"end":{"line":5,"column":70}},"6":{"start":{"line":5,"column":85},"end":{"line":5,"column":95}},"7":{"start":{"line":6,"column":35},"end":{"line":6,"column":100}},"8":{"start":{"line":6,"column":41},"end":{"line":6,"column":73}},"9":{"start":{"line":6,"column":88},"end":{"line":6,"column":98}},"10":{"start":{"line":7,"column":32},"end":{"line":7,"column":116}},"11":{"start":{"line":8,"column":8},"end":{"line":8,"column":78}},"12":{"start":{"line":11,"column":22},"end":{"line":13,"column":1}},"13":{"start":{"line":12,"column":4},"end":{"line":12,"column":62}},"14":{"start":{"line":14,"column":0},"end":{"line":14,"column":62}},"15":{"start":{"line":15,"column":0},"end":{"line":15,"column":32}},"16":{"start":{"line":16,"column":21},"end":{"line":16,"column":69}},"17":{"start":{"line":17,"column":17},"end":{"line":17,"column":51}},"18":{"start":{"line":18,"column":23},"end":{"line":18,"column":63}},"19":{"start":{"line":19,"column":30},"end":{"line":19,"column":60}},"20":{"start":{"line":20,"column":15},"end":{"line":20,"column":83}},"21":{"start":{"line":21,"column":21},"end":{"line":65,"column":2}},"22":{"start":{"line":21,"column":35},"end":{"line":65,"column":2}},"23":{"start":{"line":22,"column":4},"end":{"line":22,"column":48}},"24":{"start":{"line":23,"column":4},"end":{"line":64,"column":5}},"25":{"start":{"line":24,"column":26},"end":{"line":24,"column":34}},"26":{"start":{"line":25,"column":8},"end":{"line":27,"column":9}},"27":{"start":{"line":26,"column":12},"end":{"line":26,"column":80}},"28":{"start":{"line":28,"column":23},"end":{"line":31,"column":10}},"29":{"start":{"line":32,"column":24},"end":{"line":32,"column":43}},"30":{"start":{"line":33,"column":8},"end":{"line":35,"column":9}},"31":{"start":{"line":34,"column":12},"end":{"line":34,"column":68}},"32":{"start":{"line":36,"column":32},"end":{"line":36,"column":39}},"33":{"start":{"line":38,"column":27},"end":{"line":38,"column":72}},"34":{"start":{"line":39,"column":8},"end":{"line":41,"column":9}},"35":{"start":{"line":40,"column":12},"end":{"line":40,"column":73}},"36":{"start":{"line":43,"column":31},"end":{"line":43,"column":67}},"37":{"start":{"line":44,"column":21},"end":{"line":44,"column":55}},"38":{"start":{"line":45,"column":31},"end":{"line":45,"column":80}},"39":{"start":{"line":46,"column":24},"end":{"line":50,"column":10}},"40":{"start":{"line":51,"column":23},"end":{"line":51,"column":60}},"41":{"start":{"line":52,"column":8},"end":{"line":54,"column":9}},"42":{"start":{"line":53,"column":12},"end":{"line":53,"column":73}},"43":{"start":{"line":55,"column":8},"end":{"line":59,"column":11}},"44":{"start":{"line":62,"column":8},"end":{"line":62,"column":54}},"45":{"start":{"line":63,"column":8},"end":{"line":63,"column":51}},"46":{"start":{"line":66,"column":20},"end":{"line":110,"column":2}},"47":{"start":{"line":66,"column":34},"end":{"line":110,"column":2}},"48":{"start":{"line":67,"column":4},"end":{"line":67,"column":47}},"49":{"start":{"line":68,"column":4},"end":{"line":109,"column":5}},"50":{"start":{"line":69,"column":26},"end":{"line":69,"column":34}},"51":{"start":{"line":70,"column":8},"end":{"line":72,"column":9}},"52":{"start":{"line":71,"column":12},"end":{"line":71,"column":80}},"53":{"start":{"line":73,"column":23},"end":{"line":76,"column":10}},"54":{"start":{"line":77,"column":24},"end":{"line":77,"column":43}},"55":{"start":{"line":78,"column":8},"end":{"line":80,"column":9}},"56":{"start":{"line":79,"column":12},"end":{"line":79,"column":68}},"57":{"start":{"line":81,"column":32},"end":{"line":81,"column":39}},"58":{"start":{"line":82,"column":19},"end":{"line":82,"column":64}},"59":{"start":{"line":83,"column":8},"end":{"line":94,"column":9}},"60":{"start":{"line":85,"column":35},"end":{"line":85,"column":71}},"61":{"start":{"line":86,"column":25},"end":{"line":86,"column":59}},"62":{"start":{"line":87,"column":35},"end":{"line":87,"column":84}},"63":{"start":{"line":88,"column":12},"end":{"line":93,"column":15}},"64":{"start":{"line":96,"column":23},"end":{"line":96,"column":57}},"65":{"start":{"line":97,"column":8},"end":{"line":99,"column":9}},"66":{"start":{"line":98,"column":12},"end":{"line":98,"column":73}},"67":{"start":{"line":100,"column":8},"end":{"line":104,"column":11}},"68":{"start":{"line":107,"column":8},"end":{"line":107,"column":56}},"69":{"start":{"line":108,"column":8},"end":{"line":108,"column":54}},"70":{"start":{"line":111,"column":22},"end":{"line":134,"column":1}},"71":{"start":{"line":112,"column":4},"end":{"line":114,"column":5}},"72":{"start":{"line":113,"column":8},"end":{"line":113,"column":20}},"73":{"start":{"line":115,"column":19},"end":{"line":115,"column":43}},"74":{"start":{"line":116,"column":4},"end":{"line":133,"column":5}},"75":{"start":{"line":117,"column":28},"end":{"line":120,"column":88}},"76":{"start":{"line":121,"column":29},"end":{"line":124,"column":96}},"77":{"start":{"line":125,"column":8},"end":{"line":128,"column":10}},"78":{"start":{"line":131,"column":8},"end":{"line":131,"column":57}},"79":{"start":{"line":132,"column":8},"end":{"line":132,"column":20}},"80":{"start":{"line":135,"column":17},"end":{"line":159,"column":2}},"81":{"start":{"line":135,"column":31},"end":{"line":159,"column":2}},"82":{"start":{"line":136,"column":4},"end":{"line":158,"column":5}},"83":{"start":{"line":137,"column":25},"end":{"line":137,"column":42}},"84":{"start":{"line":138,"column":21},"end":{"line":138,"column":55}},"85":{"start":{"line":139,"column":31},"end":{"line":139,"column":74}},"86":{"start":{"line":140,"column":21},"end":{"line":144,"column":10}},"87":{"start":{"line":146,"column":23},"end":{"line":146,"column":57}},"88":{"start":{"line":147,"column":8},"end":{"line":149,"column":9}},"89":{"start":{"line":148,"column":12},"end":{"line":148,"column":81}},"90":{"start":{"line":150,"column":8},"end":{"line":154,"column":11}},"91":{"start":{"line":157,"column":8},"end":{"line":157,"column":34}},"92":{"start":{"line":160,"column":14},"end":{"line":200,"column":2}},"93":{"start":{"line":160,"column":28},"end":{"line":200,"column":2}},"94":{"start":{"line":161,"column":4},"end":{"line":199,"column":5}},"95":{"start":{"line":162,"column":21},"end":{"line":162,"column":82}},"96":{"start":{"line":163,"column":8},"end":{"line":166,"column":9}},"97":{"start":{"line":164,"column":12},"end":{"line":164,"column":63}},"98":{"start":{"line":165,"column":12},"end":{"line":165,"column":19}},"99":{"start":{"line":167,"column":8},"end":{"line":170,"column":9}},"100":{"start":{"line":168,"column":12},"end":{"line":168,"column":63}},"101":{"start":{"line":169,"column":12},"end":{"line":169,"column":19}},"102":{"start":{"line":171,"column":30},"end":{"line":171,"column":94}},"103":{"start":{"line":172,"column":8},"end":{"line":175,"column":9}},"104":{"start":{"line":173,"column":12},"end":{"line":173,"column":63}},"105":{"start":{"line":174,"column":12},"end":{"line":174,"column":19}},"106":{"start":{"line":176,"column":8},"end":{"line":179,"column":9}},"107":{"start":{"line":177,"column":12},"end":{"line":177,"column":49}},"108":{"start":{"line":178,"column":12},"end":{"line":178,"column":19}},"109":{"start":{"line":181,"column":23},"end":{"line":181,"column":57}},"110":{"start":{"line":182,"column":8},"end":{"line":185,"column":9}},"111":{"start":{"line":183,"column":12},"end":{"line":183,"column":49}},"112":{"start":{"line":184,"column":12},"end":{"line":184,"column":19}},"113":{"start":{"line":186,"column":8},"end":{"line":188,"column":9}},"114":{"start":{"line":187,"column":12},"end":{"line":187,"column":35}},"115":{"start":{"line":189,"column":8},"end":{"line":189,"column":52}},"116":{"start":{"line":190,"column":8},"end":{"line":190,"column":26}},"117":{"start":{"line":191,"column":8},"end":{"line":195,"column":11}},"118":{"start":{"line":198,"column":8},"end":{"line":198,"column":34}},"119":{"start":{"line":201,"column":27},"end":{"line":239,"column":1}},"120":{"start":{"line":202,"column":4},"end":{"line":238,"column":8}},"121":{"start":{"line":202,"column":44},"end":{"line":238,"column":6}},"122":{"start":{"line":203,"column":8},"end":{"line":203,"column":59}},"123":{"start":{"line":204,"column":8},"end":{"line":207,"column":9}},"124":{"start":{"line":205,"column":12},"end":{"line":205,"column":72}},"125":{"start":{"line":206,"column":12},"end":{"line":206,"column":34}},"126":{"start":{"line":208,"column":8},"end":{"line":237,"column":12}},"127":{"start":{"line":208,"column":96},"end":{"line":237,"column":10}},"128":{"start":{"line":209,"column":12},"end":{"line":211,"column":13}},"129":{"start":{"line":210,"column":16},"end":{"line":210,"column":38}},"130":{"start":{"line":212,"column":27},"end":{"line":212,"column":38}},"131":{"start":{"line":213,"column":12},"end":{"line":236,"column":13}},"132":{"start":{"line":214,"column":29},"end":{"line":214,"column":72}},"133":{"start":{"line":215,"column":16},"end":{"line":217,"column":17}},"134":{"start":{"line":216,"column":20},"end":{"line":216,"column":42}},"135":{"start":{"line":218,"column":16},"end":{"line":218,"column":53}},"136":{"start":{"line":219,"column":16},"end":{"line":219,"column":72}},"137":{"start":{"line":220,"column":16},"end":{"line":220,"column":74}},"138":{"start":{"line":221,"column":16},"end":{"line":225,"column":17}},"139":{"start":{"line":222,"column":20},"end":{"line":222,"column":43}},"140":{"start":{"line":223,"column":20},"end":{"line":223,"column":38}},"141":{"start":{"line":224,"column":20},"end":{"line":224,"column":42}},"142":{"start":{"line":226,"column":16},"end":{"line":226,"column":94}},"143":{"start":{"line":226,"column":70},"end":{"line":226,"column":92}},"144":{"start":{"line":227,"column":16},"end":{"line":227,"column":34}},"145":{"start":{"line":228,"column":36},"end":{"line":228,"column":79}},"146":{"start":{"line":229,"column":16},"end":{"line":231,"column":17}},"147":{"start":{"line":230,"column":20},"end":{"line":230,"column":42}},"148":{"start":{"line":232,"column":16},"end":{"line":232,"column":119}},"149":{"start":{"line":235,"column":16},"end":{"line":235,"column":38}},"150":{"start":{"line":240,"column":15},"end":{"line":248,"column":2}},"151":{"start":{"line":240,"column":29},"end":{"line":248,"column":2}},"152":{"start":{"line":241,"column":4},"end":{"line":247,"column":5}},"153":{"start":{"line":242,"column":8},"end":{"line":242,"column":56}},"154":{"start":{"line":243,"column":8},"end":{"line":243,"column":40}},"155":{"start":{"line":246,"column":8},"end":{"line":246,"column":37}},"156":{"start":{"line":249,"column":16},"end":{"line":274,"column":2}},"157":{"start":{"line":249,"column":30},"end":{"line":274,"column":2}},"158":{"start":{"line":250,"column":4},"end":{"line":273,"column":5}},"159":{"start":{"line":251,"column":21},"end":{"line":251,"column":68}},"160":{"start":{"line":252,"column":8},"end":{"line":254,"column":9}},"161":{"start":{"line":253,"column":12},"end":{"line":253,"column":85}},"162":{"start":{"line":255,"column":23},"end":{"line":255,"column":46}},"163":{"start":{"line":256,"column":8},"end":{"line":258,"column":9}},"164":{"start":{"line":257,"column":12},"end":{"line":257,"column":93}},"165":{"start":{"line":259,"column":8},"end":{"line":261,"column":9}},"166":{"start":{"line":260,"column":12},"end":{"line":260,"column":35}},"167":{"start":{"line":262,"column":8},"end":{"line":262,"column":52}},"168":{"start":{"line":263,"column":8},"end":{"line":263,"column":26}},"169":{"start":{"line":264,"column":8},"end":{"line":268,"column":11}},"170":{"start":{"line":272,"column":8},"end":{"line":272,"column":70}},"171":{"start":{"line":275,"column":23},"end":{"line":306,"column":1}},"172":{"start":{"line":276,"column":4},"end":{"line":276,"column":57}},"173":{"start":{"line":277,"column":23},"end":{"line":277,"column":50}},"174":{"start":{"line":278,"column":4},"end":{"line":278,"column":53}},"175":{"start":{"line":279,"column":18},"end":{"line":281,"column":14}},"176":{"start":{"line":282,"column":4},"end":{"line":282,"column":43}},"177":{"start":{"line":283,"column":4},"end":{"line":287,"column":5}},"178":{"start":{"line":284,"column":8},"end":{"line":284,"column":43}},"179":{"start":{"line":285,"column":8},"end":{"line":285,"column":46}},"180":{"start":{"line":286,"column":8},"end":{"line":286,"column":15}},"181":{"start":{"line":288,"column":19},"end":{"line":288,"column":43}},"182":{"start":{"line":289,"column":4},"end":{"line":293,"column":5}},"183":{"start":{"line":290,"column":8},"end":{"line":290,"column":55}},"184":{"start":{"line":291,"column":8},"end":{"line":291,"column":45}},"185":{"start":{"line":292,"column":8},"end":{"line":292,"column":15}},"186":{"start":{"line":294,"column":4},"end":{"line":305,"column":7}},"187":{"start":{"line":295,"column":8},"end":{"line":299,"column":9}},"188":{"start":{"line":296,"column":12},"end":{"line":296,"column":69}},"189":{"start":{"line":297,"column":12},"end":{"line":297,"column":50}},"190":{"start":{"line":298,"column":12},"end":{"line":298,"column":19}},"191":{"start":{"line":300,"column":8},"end":{"line":300,"column":47}},"192":{"start":{"line":301,"column":24},"end":{"line":301,"column":31}},"193":{"start":{"line":302,"column":8},"end":{"line":302,"column":54}},"194":{"start":{"line":303,"column":8},"end":{"line":303,"column":23}},"195":{"start":{"line":304,"column":8},"end":{"line":304,"column":15}},"196":{"start":{"line":307,"column":0},"end":{"line":307,"column":40}},"197":{"start":{"line":308,"column":0},"end":{"line":315,"column":2}}},"fnMap":{"0":{"name":"(anonymous_0)","decl":{"start":{"line":2,"column":44},"end":{"line":2,"column":45}},"loc":{"start":{"line":2,"column":89},"end":{"line":10,"column":1}},"line":2},"1":{"name":"adopt","decl":{"start":{"line":3,"column":13},"end":{"line":3,"column":18}},"loc":{"start":{"line":3,"column":26},"end":{"line":3,"column":112}},"line":3},"2":{"name":"(anonymous_2)","decl":{"start":{"line":3,"column":70},"end":{"line":3,"column":71}},"loc":{"start":{"line":3,"column":89},"end":{"line":3,"column":108}},"line":3},"3":{"name":"(anonymous_3)","decl":{"start":{"line":4,"column":36},"end":{"line":4,"column":37}},"loc":{"start":{"line":4,"column":63},"end":{"line":9,"column":5}},"line":4},"4":{"name":"fulfilled","decl":{"start":{"line":5,"column":17},"end":{"line":5,"column":26}},"loc":{"start":{"line":5,"column":34},"end":{"line":5,"column":99}},"line":5},"5":{"name":"rejected","decl":{"start":{"line":6,"column":17},"end":{"line":6,"column":25}},"loc":{"start":{"line":6,"column":33},"end":{"line":6,"column":102}},"line":6},"6":{"name":"step","decl":{"start":{"line":7,"column":17},"end":{"line":7,"column":21}},"loc":{"start":{"line":7,"column":30},"end":{"line":7,"column":118}},"line":7},"7":{"name":"(anonymous_7)","decl":{"start":{"line":11,"column":56},"end":{"line":11,"column":57}},"loc":{"start":{"line":11,"column":71},"end":{"line":13,"column":1}},"line":11},"8":{"name":"(anonymous_8)","decl":{"start":{"line":21,"column":21},"end":{"line":21,"column":22}},"loc":{"start":{"line":21,"column":35},"end":{"line":65,"column":2}},"line":21},"9":{"name":"(anonymous_9)","decl":{"start":{"line":21,"column":69},"end":{"line":21,"column":70}},"loc":{"start":{"line":21,"column":82},"end":{"line":65,"column":1}},"line":21},"10":{"name":"(anonymous_10)","decl":{"start":{"line":66,"column":20},"end":{"line":66,"column":21}},"loc":{"start":{"line":66,"column":34},"end":{"line":110,"column":2}},"line":66},"11":{"name":"(anonymous_11)","decl":{"start":{"line":66,"column":68},"end":{"line":66,"column":69}},"loc":{"start":{"line":66,"column":81},"end":{"line":110,"column":1}},"line":66},"12":{"name":"(anonymous_12)","decl":{"start":{"line":111,"column":22},"end":{"line":111,"column":23}},"loc":{"start":{"line":111,"column":34},"end":{"line":134,"column":1}},"line":111},"13":{"name":"(anonymous_13)","decl":{"start":{"line":135,"column":17},"end":{"line":135,"column":18}},"loc":{"start":{"line":135,"column":31},"end":{"line":159,"column":2}},"line":135},"14":{"name":"(anonymous_14)","decl":{"start":{"line":135,"column":65},"end":{"line":135,"column":66}},"loc":{"start":{"line":135,"column":78},"end":{"line":159,"column":1}},"line":135},"15":{"name":"(anonymous_15)","decl":{"start":{"line":160,"column":14},"end":{"line":160,"column":15}},"loc":{"start":{"line":160,"column":28},"end":{"line":200,"column":2}},"line":160},"16":{"name":"(anonymous_16)","decl":{"start":{"line":160,"column":62},"end":{"line":160,"column":63}},"loc":{"start":{"line":160,"column":75},"end":{"line":200,"column":1}},"line":160},"17":{"name":"(anonymous_17)","decl":{"start":{"line":201,"column":27},"end":{"line":201,"column":28}},"loc":{"start":{"line":201,"column":45},"end":{"line":239,"column":1}},"line":201},"18":{"name":"(anonymous_18)","decl":{"start":{"line":202,"column":23},"end":{"line":202,"column":24}},"loc":{"start":{"line":202,"column":44},"end":{"line":238,"column":6}},"line":202},"19":{"name":"(anonymous_19)","decl":{"start":{"line":202,"column":78},"end":{"line":202,"column":79}},"loc":{"start":{"line":202,"column":91},"end":{"line":238,"column":5}},"line":202},"20":{"name":"(anonymous_20)","decl":{"start":{"line":208,"column":78},"end":{"line":208,"column":79}},"loc":{"start":{"line":208,"column":96},"end":{"line":237,"column":10}},"line":208},"21":{"name":"(anonymous_21)","decl":{"start":{"line":208,"column":130},"end":{"line":208,"column":131}},"loc":{"start":{"line":208,"column":143},"end":{"line":237,"column":9}},"line":208},"22":{"name":"(anonymous_22)","decl":{"start":{"line":226,"column":61},"end":{"line":226,"column":62}},"loc":{"start":{"line":226,"column":70},"end":{"line":226,"column":92}},"line":226},"23":{"name":"(anonymous_23)","decl":{"start":{"line":240,"column":15},"end":{"line":240,"column":16}},"loc":{"start":{"line":240,"column":29},"end":{"line":248,"column":2}},"line":240},"24":{"name":"(anonymous_24)","decl":{"start":{"line":240,"column":63},"end":{"line":240,"column":64}},"loc":{"start":{"line":240,"column":76},"end":{"line":248,"column":1}},"line":240},"25":{"name":"(anonymous_25)","decl":{"start":{"line":249,"column":16},"end":{"line":249,"column":17}},"loc":{"start":{"line":249,"column":30},"end":{"line":274,"column":2}},"line":249},"26":{"name":"(anonymous_26)","decl":{"start":{"line":249,"column":64},"end":{"line":249,"column":65}},"loc":{"start":{"line":249,"column":77},"end":{"line":274,"column":1}},"line":249},"27":{"name":"(anonymous_27)","decl":{"start":{"line":275,"column":23},"end":{"line":275,"column":24}},"loc":{"start":{"line":275,"column":43},"end":{"line":306,"column":1}},"line":275},"28":{"name":"(anonymous_28)","decl":{"start":{"line":294,"column":49},"end":{"line":294,"column":50}},"loc":{"start":{"line":294,"column":67},"end":{"line":305,"column":5}},"line":294}},"branchMap":{"0":{"loc":{"start":{"line":2,"column":16},"end":{"line":10,"column":1}},"type":"binary-expr","locations":[{"start":{"line":2,"column":17},"end":{"line":2,"column":21}},{"start":{"line":2,"column":25},"end":{"line":2,"column":39}},{"start":{"line":2,"column":44},"end":{"line":10,"column":1}}],"line":2},"1":{"loc":{"start":{"line":3,"column":35},"end":{"line":3,"column":109}},"type":"cond-expr","locations":[{"start":{"line":3,"column":56},"end":{"line":3,"column":61}},{"start":{"line":3,"column":64},"end":{"line":3,"column":109}}],"line":3},"2":{"loc":{"start":{"line":4,"column":16},"end":{"line":4,"column":34}},"type":"binary-expr","locations":[{"start":{"line":4,"column":16},"end":{"line":4,"column":17}},{"start":{"line":4,"column":22},"end":{"line":4,"column":33}}],"line":4},"3":{"loc":{"start":{"line":7,"column":32},"end":{"line":7,"column":115}},"type":"cond-expr","locations":[{"start":{"line":7,"column":46},"end":{"line":7,"column":67}},{"start":{"line":7,"column":70},"end":{"line":7,"column":115}}],"line":7},"4":{"loc":{"start":{"line":8,"column":51},"end":{"line":8,"column":67}},"type":"binary-expr","locations":[{"start":{"line":8,"column":51},"end":{"line":8,"column":61}},{"start":{"line":8,"column":65},"end":{"line":8,"column":67}}],"line":8},"5":{"loc":{"start":{"line":11,"column":22},"end":{"line":13,"column":1}},"type":"binary-expr","locations":[{"start":{"line":11,"column":23},"end":{"line":11,"column":27}},{"start":{"line":11,"column":31},"end":{"line":11,"column":51}},{"start":{"line":11,"column":56},"end":{"line":13,"column":1}}],"line":11},"6":{"loc":{"start":{"line":12,"column":11},"end":{"line":12,"column":61}},"type":"cond-expr","locations":[{"start":{"line":12,"column":37},"end":{"line":12,"column":40}},{"start":{"line":12,"column":43},"end":{"line":12,"column":61}}],"line":12},"7":{"loc":{"start":{"line":12,"column":12},"end":{"line":12,"column":33}},"type":"binary-expr","locations":[{"start":{"line":12,"column":12},"end":{"line":12,"column":15}},{"start":{"line":12,"column":19},"end":{"line":12,"column":33}}],"line":12},"8":{"loc":{"start":{"line":25,"column":8},"end":{"line":27,"column":9}},"type":"if","locations":[{"start":{"line":25,"column":8},"end":{"line":27,"column":9}},{"start":{},"end":{}}],"line":25},"9":{"loc":{"start":{"line":33,"column":8},"end":{"line":35,"column":9}},"type":"if","locations":[{"start":{"line":33,"column":8},"end":{"line":35,"column":9}},{"start":{},"end":{}}],"line":33},"10":{"loc":{"start":{"line":39,"column":8},"end":{"line":41,"column":9}},"type":"if","locations":[{"start":{"line":39,"column":8},"end":{"line":41,"column":9}},{"start":{},"end":{}}],"line":39},"11":{"loc":{"start":{"line":52,"column":8},"end":{"line":54,"column":9}},"type":"if","locations":[{"start":{"line":52,"column":8},"end":{"line":54,"column":9}},{"start":{},"end":{}}],"line":52},"12":{"loc":{"start":{"line":70,"column":8},"end":{"line":72,"column":9}},"type":"if","locations":[{"start":{"line":70,"column":8},"end":{"line":72,"column":9}},{"start":{},"end":{}}],"line":70},"13":{"loc":{"start":{"line":78,"column":8},"end":{"line":80,"column":9}},"type":"if","locations":[{"start":{"line":78,"column":8},"end":{"line":80,"column":9}},{"start":{},"end":{}}],"line":78},"14":{"loc":{"start":{"line":83,"column":8},"end":{"line":94,"column":9}},"type":"if","locations":[{"start":{"line":83,"column":8},"end":{"line":94,"column":9}},{"start":{},"end":{}}],"line":83},"15":{"loc":{"start":{"line":97,"column":8},"end":{"line":99,"column":9}},"type":"if","locations":[{"start":{"line":97,"column":8},"end":{"line":99,"column":9}},{"start":{},"end":{}}],"line":97},"16":{"loc":{"start":{"line":112,"column":4},"end":{"line":114,"column":5}},"type":"if","locations":[{"start":{"line":112,"column":4},"end":{"line":114,"column":5}},{"start":{},"end":{}}],"line":112},"17":{"loc":{"start":{"line":112,"column":8},"end":{"line":112,"column":101}},"type":"binary-expr","locations":[{"start":{"line":112,"column":8},"end":{"line":112,"column":33}},{"start":{"line":112,"column":37},"end":{"line":112,"column":63}},{"start":{"line":112,"column":67},"end":{"line":112,"column":101}}],"line":112},"18":{"loc":{"start":{"line":147,"column":8},"end":{"line":149,"column":9}},"type":"if","locations":[{"start":{"line":147,"column":8},"end":{"line":149,"column":9}},{"start":{},"end":{}}],"line":147},"19":{"loc":{"start":{"line":163,"column":8},"end":{"line":166,"column":9}},"type":"if","locations":[{"start":{"line":163,"column":8},"end":{"line":166,"column":9}},{"start":{},"end":{}}],"line":163},"20":{"loc":{"start":{"line":167,"column":8},"end":{"line":170,"column":9}},"type":"if","locations":[{"start":{"line":167,"column":8},"end":{"line":170,"column":9}},{"start":{},"end":{}}],"line":167},"21":{"loc":{"start":{"line":172,"column":8},"end":{"line":175,"column":9}},"type":"if","locations":[{"start":{"line":172,"column":8},"end":{"line":175,"column":9}},{"start":{},"end":{}}],"line":172},"22":{"loc":{"start":{"line":176,"column":8},"end":{"line":179,"column":9}},"type":"if","locations":[{"start":{"line":176,"column":8},"end":{"line":179,"column":9}},{"start":{},"end":{}}],"line":176},"23":{"loc":{"start":{"line":182,"column":8},"end":{"line":185,"column":9}},"type":"if","locations":[{"start":{"line":182,"column":8},"end":{"line":185,"column":9}},{"start":{},"end":{}}],"line":182},"24":{"loc":{"start":{"line":186,"column":8},"end":{"line":188,"column":9}},"type":"if","locations":[{"start":{"line":186,"column":8},"end":{"line":188,"column":9}},{"start":{},"end":{}}],"line":186},"25":{"loc":{"start":{"line":204,"column":8},"end":{"line":207,"column":9}},"type":"if","locations":[{"start":{"line":204,"column":8},"end":{"line":207,"column":9}},{"start":{},"end":{}}],"line":204},"26":{"loc":{"start":{"line":204,"column":12},"end":{"line":204,"column":54}},"type":"binary-expr","locations":[{"start":{"line":204,"column":12},"end":{"line":204,"column":25}},{"start":{"line":204,"column":29},"end":{"line":204,"column":54}}],"line":204},"27":{"loc":{"start":{"line":209,"column":12},"end":{"line":211,"column":13}},"type":"if","locations":[{"start":{"line":209,"column":12},"end":{"line":211,"column":13}},{"start":{},"end":{}}],"line":209},"28":{"loc":{"start":{"line":215,"column":16},"end":{"line":217,"column":17}},"type":"if","locations":[{"start":{"line":215,"column":16},"end":{"line":217,"column":17}},{"start":{},"end":{}}],"line":215},"29":{"loc":{"start":{"line":221,"column":16},"end":{"line":225,"column":17}},"type":"if","locations":[{"start":{"line":221,"column":16},"end":{"line":225,"column":17}},{"start":{},"end":{}}],"line":221},"30":{"loc":{"start":{"line":221,"column":20},"end":{"line":221,"column":83}},"type":"binary-expr","locations":[{"start":{"line":221,"column":20},"end":{"line":221,"column":38}},{"start":{"line":221,"column":42},"end":{"line":221,"column":83}}],"line":221},"31":{"loc":{"start":{"line":229,"column":16},"end":{"line":231,"column":17}},"type":"if","locations":[{"start":{"line":229,"column":16},"end":{"line":231,"column":17}},{"start":{},"end":{}}],"line":229},"32":{"loc":{"start":{"line":252,"column":8},"end":{"line":254,"column":9}},"type":"if","locations":[{"start":{"line":252,"column":8},"end":{"line":254,"column":9}},{"start":{},"end":{}}],"line":252},"33":{"loc":{"start":{"line":256,"column":8},"end":{"line":258,"column":9}},"type":"if","locations":[{"start":{"line":256,"column":8},"end":{"line":258,"column":9}},{"start":{},"end":{}}],"line":256},"34":{"loc":{"start":{"line":259,"column":8},"end":{"line":261,"column":9}},"type":"if","locations":[{"start":{"line":259,"column":8},"end":{"line":261,"column":9}},{"start":{},"end":{}}],"line":259},"35":{"loc":{"start":{"line":279,"column":18},"end":{"line":281,"column":14}},"type":"cond-expr","locations":[{"start":{"line":280,"column":10},"end":{"line":280,"column":34}},{"start":{"line":281,"column":10},"end":{"line":281,"column":14}}],"line":279},"36":{"loc":{"start":{"line":279,"column":19},"end":{"line":279,"column":107}},"type":"cond-expr","locations":[{"start":{"line":279,"column":66},"end":{"line":279,"column":72}},{"start":{"line":279,"column":75},"end":{"line":279,"column":107}}],"line":279},"37":{"loc":{"start":{"line":279,"column":19},"end":{"line":279,"column":63}},"type":"binary-expr","locations":[{"start":{"line":279,"column":19},"end":{"line":279,"column":38}},{"start":{"line":279,"column":42},"end":{"line":279,"column":63}}],"line":279},"38":{"loc":{"start":{"line":283,"column":4},"end":{"line":287,"column":5}},"type":"if","locations":[{"start":{"line":283,"column":4},"end":{"line":287,"column":5}},{"start":{},"end":{}}],"line":283},"39":{"loc":{"start":{"line":289,"column":4},"end":{"line":293,"column":5}},"type":"if","locations":[{"start":{"line":289,"column":4},"end":{"line":293,"column":5}},{"start":{},"end":{}}],"line":289},"40":{"loc":{"start":{"line":295,"column":8},"end":{"line":299,"column":9}},"type":"if","locations":[{"start":{"line":295,"column":8},"end":{"line":299,"column":9}},{"start":{},"end":{}}],"line":295}},"s":{"0":5,"1":48,"2":12,"3":26,"4":40,"5":40,"6":0,"7":8,"8":8,"9":0,"10":74,"11":26,"12":5,"13":15,"14":5,"15":5,"16":5,"17":5,"18":5,"19":5,"20":5,"21":5,"22":0,"23":0,"24":0,"25":0,"26":0,"27":0,"28":0,"29":0,"30":0,"31":0,"32":0,"33":0,"34":0,"35":0,"36":0,"37":0,"38":0,"39":0,"40":0,"41":0,"42":0,"43":0,"44":0,"45":0,"46":5,"47":0,"48":0,"49":0,"50":0,"51":0,"52":0,"53":0,"54":0,"55":0,"56":0,"57":0,"58":0,"59":0,"60":0,"61":0,"62":0,"63":0,"64":0,"65":0,"66":0,"67":0,"68":0,"69":0,"70":5,"71":7,"72":0,"73":7,"74":7,"75":7,"76":7,"77":7,"78":0,"79":0,"80":5,"81":6,"82":6,"83":6,"84":6,"85":6,"86":5,"87":1,"88":1,"89":0,"90":1,"91":5,"92":5,"93":7,"94":7,"95":7,"96":7,"97":1,"98":1,"99":6,"100":0,"101":0,"102":6,"103":6,"104":1,"105":1,"106":5,"107":0,"108":0,"109":5,"110":5,"111":0,"112":0,"113":5,"114":0,"115":5,"116":5,"117":5,"118":0,"119":5,"120":5,"121":5,"122":5,"123":5,"124":2,"125":2,"126":3,"127":3,"128":3,"129":0,"130":3,"131":3,"132":3,"133":3,"134":0,"135":3,"136":3,"137":3,"138":3,"139":1,"140":1,"141":1,"142":2,"143":3,"144":2,"145":2,"146":2,"147":0,"148":2,"149":0,"150":5,"151":1,"152":1,"153":1,"154":1,"155":0,"156":5,"157":4,"158":4,"159":4,"160":1,"161":0,"162":1,"163":1,"164":0,"165":1,"166":0,"167":1,"168":1,"169":0,"170":4,"171":5,"172":9,"173":9,"174":9,"175":9,"176":9,"177":9,"178":3,"179":3,"180":3,"181":6,"182":6,"183":0,"184":0,"185":0,"186":6,"187":6,"188":0,"189":0,"190":0,"191":6,"192":6,"193":6,"194":6,"195":6,"196":5,"197":5},"f":{"0":26,"1":48,"2":12,"3":26,"4":40,"5":8,"6":74,"7":15,"8":0,"9":0,"10":0,"11":0,"12":7,"13":6,"14":6,"15":7,"16":7,"17":5,"18":5,"19":5,"20":3,"21":3,"22":3,"23":1,"24":1,"25":4,"26":4,"27":9,"28":6},"b":{"0":[5,5,5],"1":[36,12],"2":[26,26],"3":[26,48],"4":[26,26],"5":[5,5,5],"6":[5,10],"7":[15,15],"8":[0,0],"9":[0,0],"10":[0,0],"11":[0,0],"12":[0,0],"13":[0,0],"14":[0,0],"15":[0,0],"16":[0,7],"17":[7,7,7],"18":[0,1],"19":[1,6],"20":[0,6],"21":[1,5],"22":[0,5],"23":[0,5],"24":[0,5],"25":[2,3],"26":[5,3],"27":[0,3],"28":[0,3],"29":[1,2],"30":[3,3],"31":[0,2],"32":[0,1],"33":[0,1],"34":[0,1],"35":[6,3],"36":[1,8],"37":[9,9],"38":[3,6],"39":[0,6],"40":[0,6]},"inputSourceMap":null,"_coverageSchema":"1a1c01bbd47fc00a2c39e90264f33305004495a9","hash":"03ba51f1b1ab85051092c859106c81eed726c486"}
,"C:\\Users\\עדן אהרון\\source\\repos\\advanced applications\\Hobiz\\dist\\controllers\\base_controller.js": {"path":"C:\\Users\\עדן אהרון\\source\\repos\\advanced applications\\Hobiz\\dist\\controllers\\base_controller.js","statementMap":{"0":{"start":{"line":2,"column":16},"end":{"line":10,"column":1}},"1":{"start":{"line":3,"column":28},"end":{"line":3,"column":110}},"2":{"start":{"line":3,"column":91},"end":{"line":3,"column":106}},"3":{"start":{"line":4,"column":4},"end":{"line":9,"column":7}},"4":{"start":{"line":5,"column":36},"end":{"line":5,"column":97}},"5":{"start":{"line":5,"column":42},"end":{"line":5,"column":70}},"6":{"start":{"line":5,"column":85},"end":{"line":5,"column":95}},"7":{"start":{"line":6,"column":35},"end":{"line":6,"column":100}},"8":{"start":{"line":6,"column":41},"end":{"line":6,"column":73}},"9":{"start":{"line":6,"column":88},"end":{"line":6,"column":98}},"10":{"start":{"line":7,"column":32},"end":{"line":7,"column":116}},"11":{"start":{"line":8,"column":8},"end":{"line":8,"column":78}},"12":{"start":{"line":11,"column":0},"end":{"line":11,"column":62}},"13":{"start":{"line":14,"column":8},"end":{"line":14,"column":27}},"14":{"start":{"line":17,"column":8},"end":{"line":32,"column":11}},"15":{"start":{"line":18,"column":27},"end":{"line":18,"column":42}},"16":{"start":{"line":19,"column":12},"end":{"line":31,"column":13}},"17":{"start":{"line":20,"column":16},"end":{"line":27,"column":17}},"18":{"start":{"line":21,"column":33},"end":{"line":21,"column":73}},"19":{"start":{"line":22,"column":20},"end":{"line":22,"column":35}},"20":{"start":{"line":25,"column":34},"end":{"line":25,"column":57}},"21":{"start":{"line":26,"column":20},"end":{"line":26,"column":36}},"22":{"start":{"line":30,"column":16},"end":{"line":30,"column":44}},"23":{"start":{"line":36,"column":8},"end":{"line":50,"column":11}},"24":{"start":{"line":37,"column":23},"end":{"line":37,"column":36}},"25":{"start":{"line":38,"column":12},"end":{"line":49,"column":13}},"26":{"start":{"line":39,"column":29},"end":{"line":39,"column":58}},"27":{"start":{"line":40,"column":16},"end":{"line":45,"column":17}},"28":{"start":{"line":41,"column":20},"end":{"line":41,"column":35}},"29":{"start":{"line":44,"column":20},"end":{"line":44,"column":54}},"30":{"start":{"line":48,"column":16},"end":{"line":48,"column":44}},"31":{"start":{"line":54,"column":8},"end":{"line":63,"column":11}},"32":{"start":{"line":55,"column":25},"end":{"line":55,"column":33}},"33":{"start":{"line":56,"column":12},"end":{"line":62,"column":13}},"34":{"start":{"line":57,"column":29},"end":{"line":57,"column":58}},"35":{"start":{"line":58,"column":16},"end":{"line":58,"column":43}},"36":{"start":{"line":61,"column":16},"end":{"line":61,"column":44}},"37":{"start":{"line":67,"column":8},"end":{"line":76,"column":11}},"38":{"start":{"line":68,"column":23},"end":{"line":68,"column":36}},"39":{"start":{"line":69,"column":12},"end":{"line":75,"column":13}},"40":{"start":{"line":70,"column":27},"end":{"line":70,"column":65}},"41":{"start":{"line":71,"column":16},"end":{"line":71,"column":48}},"42":{"start":{"line":74,"column":16},"end":{"line":74,"column":44}},"43":{"start":{"line":80,"column":0},"end":{"line":80,"column":33}}},"fnMap":{"0":{"name":"(anonymous_0)","decl":{"start":{"line":2,"column":44},"end":{"line":2,"column":45}},"loc":{"start":{"line":2,"column":89},"end":{"line":10,"column":1}},"line":2},"1":{"name":"adopt","decl":{"start":{"line":3,"column":13},"end":{"line":3,"column":18}},"loc":{"start":{"line":3,"column":26},"end":{"line":3,"column":112}},"line":3},"2":{"name":"(anonymous_2)","decl":{"start":{"line":3,"column":70},"end":{"line":3,"column":71}},"loc":{"start":{"line":3,"column":89},"end":{"line":3,"column":108}},"line":3},"3":{"name":"(anonymous_3)","decl":{"start":{"line":4,"column":36},"end":{"line":4,"column":37}},"loc":{"start":{"line":4,"column":63},"end":{"line":9,"column":5}},"line":4},"4":{"name":"fulfilled","decl":{"start":{"line":5,"column":17},"end":{"line":5,"column":26}},"loc":{"start":{"line":5,"column":34},"end":{"line":5,"column":99}},"line":5},"5":{"name":"rejected","decl":{"start":{"line":6,"column":17},"end":{"line":6,"column":25}},"loc":{"start":{"line":6,"column":33},"end":{"line":6,"column":102}},"line":6},"6":{"name":"step","decl":{"start":{"line":7,"column":17},"end":{"line":7,"column":21}},"loc":{"start":{"line":7,"column":30},"end":{"line":7,"column":118}},"line":7},"7":{"name":"(anonymous_7)","decl":{"start":{"line":13,"column":4},"end":{"line":13,"column":5}},"loc":{"start":{"line":13,"column":23},"end":{"line":15,"column":5}},"line":13},"8":{"name":"(anonymous_8)","decl":{"start":{"line":16,"column":4},"end":{"line":16,"column":5}},"loc":{"start":{"line":16,"column":21},"end":{"line":33,"column":5}},"line":16},"9":{"name":"(anonymous_9)","decl":{"start":{"line":17,"column":47},"end":{"line":17,"column":48}},"loc":{"start":{"line":17,"column":60},"end":{"line":32,"column":9}},"line":17},"10":{"name":"(anonymous_10)","decl":{"start":{"line":35,"column":4},"end":{"line":35,"column":5}},"loc":{"start":{"line":35,"column":22},"end":{"line":51,"column":5}},"line":35},"11":{"name":"(anonymous_11)","decl":{"start":{"line":36,"column":47},"end":{"line":36,"column":48}},"loc":{"start":{"line":36,"column":60},"end":{"line":50,"column":9}},"line":36},"12":{"name":"(anonymous_12)","decl":{"start":{"line":53,"column":4},"end":{"line":53,"column":5}},"loc":{"start":{"line":53,"column":21},"end":{"line":64,"column":5}},"line":53},"13":{"name":"(anonymous_13)","decl":{"start":{"line":54,"column":47},"end":{"line":54,"column":48}},"loc":{"start":{"line":54,"column":60},"end":{"line":63,"column":9}},"line":54},"14":{"name":"(anonymous_14)","decl":{"start":{"line":66,"column":4},"end":{"line":66,"column":5}},"loc":{"start":{"line":66,"column":25},"end":{"line":77,"column":5}},"line":66},"15":{"name":"(anonymous_15)","decl":{"start":{"line":67,"column":47},"end":{"line":67,"column":48}},"loc":{"start":{"line":67,"column":60},"end":{"line":76,"column":9}},"line":67}},"branchMap":{"0":{"loc":{"start":{"line":2,"column":16},"end":{"line":10,"column":1}},"type":"binary-expr","locations":[{"start":{"line":2,"column":17},"end":{"line":2,"column":21}},{"start":{"line":2,"column":25},"end":{"line":2,"column":39}},{"start":{"line":2,"column":44},"end":{"line":10,"column":1}}],"line":2},"1":{"loc":{"start":{"line":3,"column":35},"end":{"line":3,"column":109}},"type":"cond-expr","locations":[{"start":{"line":3,"column":56},"end":{"line":3,"column":61}},{"start":{"line":3,"column":64},"end":{"line":3,"column":109}}],"line":3},"2":{"loc":{"start":{"line":4,"column":16},"end":{"line":4,"column":34}},"type":"binary-expr","locations":[{"start":{"line":4,"column":16},"end":{"line":4,"column":17}},{"start":{"line":4,"column":22},"end":{"line":4,"column":33}}],"line":4},"3":{"loc":{"start":{"line":7,"column":32},"end":{"line":7,"column":115}},"type":"cond-expr","locations":[{"start":{"line":7,"column":46},"end":{"line":7,"column":67}},{"start":{"line":7,"column":70},"end":{"line":7,"column":115}}],"line":7},"4":{"loc":{"start":{"line":8,"column":51},"end":{"line":8,"column":67}},"type":"binary-expr","locations":[{"start":{"line":8,"column":51},"end":{"line":8,"column":61}},{"start":{"line":8,"column":65},"end":{"line":8,"column":67}}],"line":8},"5":{"loc":{"start":{"line":20,"column":16},"end":{"line":27,"column":17}},"type":"if","locations":[{"start":{"line":20,"column":16},"end":{"line":27,"column":17}},{"start":{"line":24,"column":21},"end":{"line":27,"column":17}}],"line":20},"6":{"loc":{"start":{"line":40,"column":16},"end":{"line":45,"column":17}},"type":"if","locations":[{"start":{"line":40,"column":16},"end":{"line":45,"column":17}},{"start":{"line":43,"column":21},"end":{"line":45,"column":17}}],"line":40}},"s":{"0":5,"1":4,"2":4,"3":4,"4":4,"5":4,"6":0,"7":0,"8":0,"9":0,"10":8,"11":4,"12":5,"13":10,"14":3,"15":3,"16":3,"17":3,"18":1,"19":1,"20":2,"21":2,"22":0,"23":0,"24":0,"25":0,"26":0,"27":0,"28":0,"29":0,"30":0,"31":0,"32":0,"33":0,"34":0,"35":0,"36":0,"37":1,"38":1,"39":1,"40":1,"41":1,"42":0,"43":5},"f":{"0":4,"1":4,"2":4,"3":4,"4":4,"5":0,"6":8,"7":10,"8":3,"9":3,"10":0,"11":0,"12":0,"13":0,"14":1,"15":1},"b":{"0":[5,5,5],"1":[0,4],"2":[4,4],"3":[4,4],"4":[4,4],"5":[1,2],"6":[0,0]},"inputSourceMap":null,"_coverageSchema":"1a1c01bbd47fc00a2c39e90264f33305004495a9","hash":"2e0a2a1d0da7af7e58409a42e2e91bb19c6678e2"}
,"C:\\Users\\עדן אהרון\\source\\repos\\advanced applications\\Hobiz\\dist\\controllers\\comments_controller.js": {"path":"C:\\Users\\עדן אהרון\\source\\repos\\advanced applications\\Hobiz\\dist\\controllers\\comments_controller.js","statementMap":{"0":{"start":{"line":2,"column":16},"end":{"line":10,"column":1}},"1":{"start":{"line":3,"column":28},"end":{"line":3,"column":110}},"2":{"start":{"line":3,"column":91},"end":{"line":3,"column":106}},"3":{"start":{"line":4,"column":4},"end":{"line":9,"column":7}},"4":{"start":{"line":5,"column":36},"end":{"line":5,"column":97}},"5":{"start":{"line":5,"column":42},"end":{"line":5,"column":70}},"6":{"start":{"line":5,"column":85},"end":{"line":5,"column":95}},"7":{"start":{"line":6,"column":35},"end":{"line":6,"column":100}},"8":{"start":{"line":6,"column":41},"end":{"line":6,"column":73}},"9":{"start":{"line":6,"column":88},"end":{"line":6,"column":98}},"10":{"start":{"line":7,"column":32},"end":{"line":7,"column":116}},"11":{"start":{"line":8,"column":8},"end":{"line":8,"column":78}},"12":{"start":{"line":11,"column":22},"end":{"line":13,"column":1}},"13":{"start":{"line":12,"column":4},"end":{"line":12,"column":62}},"14":{"start":{"line":14,"column":0},"end":{"line":14,"column":62}},"15":{"start":{"line":15,"column":25},"end":{"line":15,"column":77}},"16":{"start":{"line":16,"column":26},"end":{"line":16,"column":71}},"17":{"start":{"line":19,"column":8},"end":{"line":19,"column":40}},"18":{"start":{"line":22,"column":8},"end":{"line":36,"column":11}},"19":{"start":{"line":23,"column":12},"end":{"line":35,"column":13}},"20":{"start":{"line":24,"column":34},"end":{"line":24,"column":47}},"21":{"start":{"line":25,"column":32},"end":{"line":25,"column":82}},"22":{"start":{"line":26,"column":16},"end":{"line":29,"column":17}},"23":{"start":{"line":27,"column":20},"end":{"line":27,"column":75}},"24":{"start":{"line":28,"column":20},"end":{"line":28,"column":27}},"25":{"start":{"line":30,"column":16},"end":{"line":30,"column":46}},"26":{"start":{"line":33,"column":16},"end":{"line":33,"column":37}},"27":{"start":{"line":34,"column":16},"end":{"line":34,"column":72}},"28":{"start":{"line":39,"column":8},"end":{"line":49,"column":11}},"29":{"start":{"line":40,"column":12},"end":{"line":48,"column":13}},"30":{"start":{"line":41,"column":31},"end":{"line":41,"column":48}},"31":{"start":{"line":42,"column":33},"end":{"line":42,"column":118}},"32":{"start":{"line":43,"column":16},"end":{"line":43,"column":47}},"33":{"start":{"line":46,"column":16},"end":{"line":46,"column":37}},"34":{"start":{"line":47,"column":16},"end":{"line":47,"column":86}},"35":{"start":{"line":52,"column":0},"end":{"line":52,"column":43}}},"fnMap":{"0":{"name":"(anonymous_0)","decl":{"start":{"line":2,"column":44},"end":{"line":2,"column":45}},"loc":{"start":{"line":2,"column":89},"end":{"line":10,"column":1}},"line":2},"1":{"name":"adopt","decl":{"start":{"line":3,"column":13},"end":{"line":3,"column":18}},"loc":{"start":{"line":3,"column":26},"end":{"line":3,"column":112}},"line":3},"2":{"name":"(anonymous_2)","decl":{"start":{"line":3,"column":70},"end":{"line":3,"column":71}},"loc":{"start":{"line":3,"column":89},"end":{"line":3,"column":108}},"line":3},"3":{"name":"(anonymous_3)","decl":{"start":{"line":4,"column":36},"end":{"line":4,"column":37}},"loc":{"start":{"line":4,"column":63},"end":{"line":9,"column":5}},"line":4},"4":{"name":"fulfilled","decl":{"start":{"line":5,"column":17},"end":{"line":5,"column":26}},"loc":{"start":{"line":5,"column":34},"end":{"line":5,"column":99}},"line":5},"5":{"name":"rejected","decl":{"start":{"line":6,"column":17},"end":{"line":6,"column":25}},"loc":{"start":{"line":6,"column":33},"end":{"line":6,"column":102}},"line":6},"6":{"name":"step","decl":{"start":{"line":7,"column":17},"end":{"line":7,"column":21}},"loc":{"start":{"line":7,"column":30},"end":{"line":7,"column":118}},"line":7},"7":{"name":"(anonymous_7)","decl":{"start":{"line":11,"column":56},"end":{"line":11,"column":57}},"loc":{"start":{"line":11,"column":71},"end":{"line":13,"column":1}},"line":11},"8":{"name":"(anonymous_8)","decl":{"start":{"line":18,"column":4},"end":{"line":18,"column":5}},"loc":{"start":{"line":18,"column":18},"end":{"line":20,"column":5}},"line":18},"9":{"name":"(anonymous_9)","decl":{"start":{"line":21,"column":4},"end":{"line":21,"column":5}},"loc":{"start":{"line":21,"column":22},"end":{"line":37,"column":5}},"line":21},"10":{"name":"(anonymous_10)","decl":{"start":{"line":22,"column":47},"end":{"line":22,"column":48}},"loc":{"start":{"line":22,"column":60},"end":{"line":36,"column":9}},"line":22},"11":{"name":"(anonymous_11)","decl":{"start":{"line":38,"column":4},"end":{"line":38,"column":5}},"loc":{"start":{"line":38,"column":26},"end":{"line":50,"column":5}},"line":38},"12":{"name":"(anonymous_12)","decl":{"start":{"line":39,"column":47},"end":{"line":39,"column":48}},"loc":{"start":{"line":39,"column":60},"end":{"line":49,"column":9}},"line":39}},"branchMap":{"0":{"loc":{"start":{"line":2,"column":16},"end":{"line":10,"column":1}},"type":"binary-expr","locations":[{"start":{"line":2,"column":17},"end":{"line":2,"column":21}},{"start":{"line":2,"column":25},"end":{"line":2,"column":39}},{"start":{"line":2,"column":44},"end":{"line":10,"column":1}}],"line":2},"1":{"loc":{"start":{"line":3,"column":35},"end":{"line":3,"column":109}},"type":"cond-expr","locations":[{"start":{"line":3,"column":56},"end":{"line":3,"column":61}},{"start":{"line":3,"column":64},"end":{"line":3,"column":109}}],"line":3},"2":{"loc":{"start":{"line":4,"column":16},"end":{"line":4,"column":34}},"type":"binary-expr","locations":[{"start":{"line":4,"column":16},"end":{"line":4,"column":17}},{"start":{"line":4,"column":22},"end":{"line":4,"column":33}}],"line":4},"3":{"loc":{"start":{"line":7,"column":32},"end":{"line":7,"column":115}},"type":"cond-expr","locations":[{"start":{"line":7,"column":46},"end":{"line":7,"column":67}},{"start":{"line":7,"column":70},"end":{"line":7,"column":115}}],"line":7},"4":{"loc":{"start":{"line":8,"column":51},"end":{"line":8,"column":67}},"type":"binary-expr","locations":[{"start":{"line":8,"column":51},"end":{"line":8,"column":61}},{"start":{"line":8,"column":65},"end":{"line":8,"column":67}}],"line":8},"5":{"loc":{"start":{"line":11,"column":22},"end":{"line":13,"column":1}},"type":"binary-expr","locations":[{"start":{"line":11,"column":23},"end":{"line":11,"column":27}},{"start":{"line":11,"column":31},"end":{"line":11,"column":51}},{"start":{"line":11,"column":56},"end":{"line":13,"column":1}}],"line":11},"6":{"loc":{"start":{"line":12,"column":11},"end":{"line":12,"column":61}},"type":"cond-expr","locations":[{"start":{"line":12,"column":37},"end":{"line":12,"column":40}},{"start":{"line":12,"column":43},"end":{"line":12,"column":61}}],"line":12},"7":{"loc":{"start":{"line":12,"column":12},"end":{"line":12,"column":33}},"type":"binary-expr","locations":[{"start":{"line":12,"column":12},"end":{"line":12,"column":15}},{"start":{"line":12,"column":19},"end":{"line":12,"column":33}}],"line":12},"8":{"loc":{"start":{"line":26,"column":16},"end":{"line":29,"column":17}},"type":"if","locations":[{"start":{"line":26,"column":16},"end":{"line":29,"column":17}},{"start":{},"end":{}}],"line":26}},"s":{"0":5,"1":3,"2":3,"3":3,"4":2,"5":2,"6":0,"7":1,"8":1,"9":0,"10":6,"11":3,"12":5,"13":10,"14":5,"15":5,"16":5,"17":5,"18":1,"19":1,"20":1,"21":1,"22":0,"23":0,"24":0,"25":0,"26":1,"27":1,"28":2,"29":2,"30":2,"31":2,"32":2,"33":0,"34":0,"35":5},"f":{"0":3,"1":3,"2":3,"3":3,"4":2,"5":1,"6":6,"7":10,"8":5,"9":1,"10":1,"11":2,"12":2},"b":{"0":[5,5,5],"1":[0,3],"2":[3,3],"3":[3,3],"4":[3,3],"5":[5,5,5],"6":[10,0],"7":[10,10],"8":[0,0]},"inputSourceMap":null,"_coverageSchema":"1a1c01bbd47fc00a2c39e90264f33305004495a9","hash":"ecc38290568b0888d92a0cb2f607cbc052b16438"}
,"C:\\Users\\עדן אהרון\\source\\repos\\advanced applications\\Hobiz\\dist\\controllers\\post_controller.js": {"path":"C:\\Users\\עדן אהרון\\source\\repos\\advanced applications\\Hobiz\\dist\\controllers\\post_controller.js","statementMap":{"0":{"start":{"line":2,"column":16},"end":{"line":10,"column":1}},"1":{"start":{"line":3,"column":28},"end":{"line":3,"column":110}},"2":{"start":{"line":3,"column":91},"end":{"line":3,"column":106}},"3":{"start":{"line":4,"column":4},"end":{"line":9,"column":7}},"4":{"start":{"line":5,"column":36},"end":{"line":5,"column":97}},"5":{"start":{"line":5,"column":42},"end":{"line":5,"column":70}},"6":{"start":{"line":5,"column":85},"end":{"line":5,"column":95}},"7":{"start":{"line":6,"column":35},"end":{"line":6,"column":100}},"8":{"start":{"line":6,"column":41},"end":{"line":6,"column":73}},"9":{"start":{"line":6,"column":88},"end":{"line":6,"column":98}},"10":{"start":{"line":7,"column":32},"end":{"line":7,"column":116}},"11":{"start":{"line":8,"column":8},"end":{"line":8,"column":78}},"12":{"start":{"line":11,"column":22},"end":{"line":13,"column":1}},"13":{"start":{"line":12,"column":4},"end":{"line":12,"column":62}},"14":{"start":{"line":14,"column":0},"end":{"line":14,"column":62}},"15":{"start":{"line":15,"column":21},"end":{"line":15,"column":69}},"16":{"start":{"line":16,"column":26},"end":{"line":16,"column":71}},"17":{"start":{"line":17,"column":19},"end":{"line":17,"column":55}},"18":{"start":{"line":18,"column":25},"end":{"line":18,"column":77}},"19":{"start":{"line":21,"column":8},"end":{"line":21,"column":36}},"20":{"start":{"line":24,"column":8},"end":{"line":52,"column":11}},"21":{"start":{"line":25,"column":12},"end":{"line":51,"column":13}},"22":{"start":{"line":26,"column":30},"end":{"line":45,"column":18}},"23":{"start":{"line":46,"column":16},"end":{"line":46,"column":32}},"24":{"start":{"line":49,"column":16},"end":{"line":49,"column":82}},"25":{"start":{"line":50,"column":16},"end":{"line":50,"column":76}},"26":{"start":{"line":56,"column":8},"end":{"line":71,"column":11}},"27":{"start":{"line":57,"column":12},"end":{"line":70,"column":13}},"28":{"start":{"line":58,"column":31},"end":{"line":58,"column":44}},"29":{"start":{"line":59,"column":29},"end":{"line":59,"column":72}},"30":{"start":{"line":60,"column":16},"end":{"line":63,"column":17}},"31":{"start":{"line":61,"column":20},"end":{"line":61,"column":73}},"32":{"start":{"line":62,"column":20},"end":{"line":62,"column":27}},"33":{"start":{"line":64,"column":33},"end":{"line":64,"column":88}},"34":{"start":{"line":65,"column":16},"end":{"line":65,"column":90}},"35":{"start":{"line":68,"column":16},"end":{"line":68,"column":81}},"36":{"start":{"line":69,"column":16},"end":{"line":69,"column":75}},"37":{"start":{"line":74,"column":8},"end":{"line":92,"column":11}},"38":{"start":{"line":75,"column":12},"end":{"line":91,"column":13}},"39":{"start":{"line":76,"column":57},"end":{"line":76,"column":65}},"40":{"start":{"line":77,"column":16},"end":{"line":80,"column":17}},"41":{"start":{"line":78,"column":20},"end":{"line":78,"column":82}},"42":{"start":{"line":79,"column":20},"end":{"line":79,"column":27}},"43":{"start":{"line":81,"column":29},"end":{"line":81,"column":96}},"44":{"start":{"line":82,"column":16},"end":{"line":82,"column":43}},"45":{"start":{"line":85,"column":16},"end":{"line":88,"column":17}},"46":{"start":{"line":86,"column":20},"end":{"line":86,"column":69}},"47":{"start":{"line":87,"column":20},"end":{"line":87,"column":27}},"48":{"start":{"line":89,"column":16},"end":{"line":89,"column":61}},"49":{"start":{"line":90,"column":16},"end":{"line":90,"column":76}},"50":{"start":{"line":95,"column":8},"end":{"line":163,"column":11}},"51":{"start":{"line":96,"column":12},"end":{"line":96,"column":59}},"52":{"start":{"line":97,"column":12},"end":{"line":162,"column":13}},"53":{"start":{"line":98,"column":31},"end":{"line":98,"column":44}},"54":{"start":{"line":99,"column":16},"end":{"line":102,"column":17}},"55":{"start":{"line":100,"column":20},"end":{"line":100,"column":70}},"56":{"start":{"line":101,"column":20},"end":{"line":101,"column":27}},"57":{"start":{"line":103,"column":31},"end":{"line":103,"column":39}},"58":{"start":{"line":104,"column":16},"end":{"line":104,"column":59}},"59":{"start":{"line":105,"column":16},"end":{"line":105,"column":96}},"60":{"start":{"line":106,"column":16},"end":{"line":106,"column":80}},"61":{"start":{"line":107,"column":29},"end":{"line":107,"column":72}},"62":{"start":{"line":108,"column":16},"end":{"line":112,"column":17}},"63":{"start":{"line":109,"column":20},"end":{"line":109,"column":72}},"64":{"start":{"line":110,"column":20},"end":{"line":110,"column":72}},"65":{"start":{"line":111,"column":20},"end":{"line":111,"column":27}},"66":{"start":{"line":113,"column":16},"end":{"line":115,"column":17}},"67":{"start":{"line":114,"column":20},"end":{"line":114,"column":74}},"68":{"start":{"line":114,"column":61},"end":{"line":114,"column":72}},"69":{"start":{"line":116,"column":16},"end":{"line":116,"column":67}},"70":{"start":{"line":117,"column":16},"end":{"line":117,"column":59}},"71":{"start":{"line":119,"column":32},"end":{"line":119,"column":37}},"72":{"start":{"line":120,"column":16},"end":{"line":127,"column":17}},"73":{"start":{"line":121,"column":20},"end":{"line":126,"column":21}},"74":{"start":{"line":121,"column":33},"end":{"line":121,"column":34}},"75":{"start":{"line":122,"column":24},"end":{"line":125,"column":25}},"76":{"start":{"line":123,"column":28},"end":{"line":123,"column":45}},"77":{"start":{"line":124,"column":28},"end":{"line":124,"column":34}},"78":{"start":{"line":128,"column":16},"end":{"line":128,"column":56}},"79":{"start":{"line":130,"column":16},"end":{"line":144,"column":17}},"80":{"start":{"line":132,"column":20},"end":{"line":132,"column":100}},"81":{"start":{"line":132,"column":63},"end":{"line":132,"column":98}},"82":{"start":{"line":133,"column":20},"end":{"line":133,"column":71}},"83":{"start":{"line":134,"column":20},"end":{"line":134,"column":109}},"84":{"start":{"line":138,"column":20},"end":{"line":140,"column":21}},"85":{"start":{"line":139,"column":24},"end":{"line":139,"column":42}},"86":{"start":{"line":141,"column":20},"end":{"line":141,"column":57}},"87":{"start":{"line":142,"column":20},"end":{"line":142,"column":38}},"88":{"start":{"line":143,"column":20},"end":{"line":143,"column":107}},"89":{"start":{"line":145,"column":16},"end":{"line":145,"column":73}},"90":{"start":{"line":147,"column":16},"end":{"line":147,"column":34}},"91":{"start":{"line":148,"column":16},"end":{"line":148,"column":107}},"92":{"start":{"line":150,"column":16},"end":{"line":150,"column":87}},"93":{"start":{"line":151,"column":16},"end":{"line":151,"column":163}},"94":{"start":{"line":154,"column":16},"end":{"line":161,"column":17}},"95":{"start":{"line":155,"column":20},"end":{"line":155,"column":73}},"96":{"start":{"line":156,"column":20},"end":{"line":156,"column":69}},"97":{"start":{"line":159,"column":20},"end":{"line":159,"column":73}},"98":{"start":{"line":160,"column":20},"end":{"line":160,"column":84}},"99":{"start":{"line":166,"column":8},"end":{"line":215,"column":11}},"100":{"start":{"line":167,"column":12},"end":{"line":167,"column":60}},"101":{"start":{"line":168,"column":12},"end":{"line":168,"column":51}},"102":{"start":{"line":169,"column":12},"end":{"line":169,"column":63}},"103":{"start":{"line":170,"column":12},"end":{"line":170,"column":62}},"104":{"start":{"line":171,"column":12},"end":{"line":214,"column":13}},"105":{"start":{"line":172,"column":31},"end":{"line":172,"column":44}},"106":{"start":{"line":173,"column":16},"end":{"line":173,"column":76}},"107":{"start":{"line":174,"column":16},"end":{"line":174,"column":70}},"108":{"start":{"line":175,"column":16},"end":{"line":175,"column":66}},"109":{"start":{"line":176,"column":16},"end":{"line":176,"column":60}},"110":{"start":{"line":177,"column":29},"end":{"line":177,"column":72}},"111":{"start":{"line":178,"column":16},"end":{"line":181,"column":17}},"112":{"start":{"line":179,"column":20},"end":{"line":179,"column":72}},"113":{"start":{"line":180,"column":20},"end":{"line":180,"column":27}},"114":{"start":{"line":182,"column":16},"end":{"line":182,"column":81}},"115":{"start":{"line":183,"column":16},"end":{"line":183,"column":75}},"116":{"start":{"line":184,"column":16},"end":{"line":187,"column":17}},"117":{"start":{"line":185,"column":20},"end":{"line":185,"column":72}},"118":{"start":{"line":186,"column":20},"end":{"line":186,"column":27}},"119":{"start":{"line":188,"column":43},"end":{"line":188,"column":51}},"120":{"start":{"line":189,"column":30},"end":{"line":189,"column":120}},"121":{"start":{"line":190,"column":16},"end":{"line":190,"column":63}},"122":{"start":{"line":191,"column":16},"end":{"line":191,"column":58}},"123":{"start":{"line":192,"column":16},"end":{"line":192,"column":62}},"124":{"start":{"line":193,"column":16},"end":{"line":193,"column":58}},"125":{"start":{"line":194,"column":16},"end":{"line":194,"column":57}},"126":{"start":{"line":195,"column":36},"end":{"line":199,"column":33}},"127":{"start":{"line":200,"column":16},"end":{"line":200,"column":81}},"128":{"start":{"line":201,"column":16},"end":{"line":204,"column":17}},"129":{"start":{"line":202,"column":20},"end":{"line":202,"column":80}},"130":{"start":{"line":203,"column":20},"end":{"line":203,"column":27}},"131":{"start":{"line":205,"column":16},"end":{"line":205,"column":38}},"132":{"start":{"line":208,"column":16},"end":{"line":211,"column":17}},"133":{"start":{"line":209,"column":20},"end":{"line":209,"column":69}},"134":{"start":{"line":210,"column":20},"end":{"line":210,"column":27}},"135":{"start":{"line":212,"column":16},"end":{"line":212,"column":61}},"136":{"start":{"line":213,"column":16},"end":{"line":213,"column":76}},"137":{"start":{"line":218,"column":0},"end":{"line":218,"column":40}}},"fnMap":{"0":{"name":"(anonymous_0)","decl":{"start":{"line":2,"column":44},"end":{"line":2,"column":45}},"loc":{"start":{"line":2,"column":89},"end":{"line":10,"column":1}},"line":2},"1":{"name":"adopt","decl":{"start":{"line":3,"column":13},"end":{"line":3,"column":18}},"loc":{"start":{"line":3,"column":26},"end":{"line":3,"column":112}},"line":3},"2":{"name":"(anonymous_2)","decl":{"start":{"line":3,"column":70},"end":{"line":3,"column":71}},"loc":{"start":{"line":3,"column":89},"end":{"line":3,"column":108}},"line":3},"3":{"name":"(anonymous_3)","decl":{"start":{"line":4,"column":36},"end":{"line":4,"column":37}},"loc":{"start":{"line":4,"column":63},"end":{"line":9,"column":5}},"line":4},"4":{"name":"fulfilled","decl":{"start":{"line":5,"column":17},"end":{"line":5,"column":26}},"loc":{"start":{"line":5,"column":34},"end":{"line":5,"column":99}},"line":5},"5":{"name":"rejected","decl":{"start":{"line":6,"column":17},"end":{"line":6,"column":25}},"loc":{"start":{"line":6,"column":33},"end":{"line":6,"column":102}},"line":6},"6":{"name":"step","decl":{"start":{"line":7,"column":17},"end":{"line":7,"column":21}},"loc":{"start":{"line":7,"column":30},"end":{"line":7,"column":118}},"line":7},"7":{"name":"(anonymous_7)","decl":{"start":{"line":11,"column":56},"end":{"line":11,"column":57}},"loc":{"start":{"line":11,"column":71},"end":{"line":13,"column":1}},"line":11},"8":{"name":"(anonymous_8)","decl":{"start":{"line":20,"column":4},"end":{"line":20,"column":5}},"loc":{"start":{"line":20,"column":18},"end":{"line":22,"column":5}},"line":20},"9":{"name":"(anonymous_9)","decl":{"start":{"line":23,"column":4},"end":{"line":23,"column":5}},"loc":{"start":{"line":23,"column":21},"end":{"line":53,"column":5}},"line":23},"10":{"name":"(anonymous_10)","decl":{"start":{"line":24,"column":47},"end":{"line":24,"column":48}},"loc":{"start":{"line":24,"column":60},"end":{"line":52,"column":9}},"line":24},"11":{"name":"(anonymous_11)","decl":{"start":{"line":55,"column":4},"end":{"line":55,"column":5}},"loc":{"start":{"line":55,"column":22},"end":{"line":72,"column":5}},"line":55},"12":{"name":"(anonymous_12)","decl":{"start":{"line":56,"column":47},"end":{"line":56,"column":48}},"loc":{"start":{"line":56,"column":60},"end":{"line":71,"column":9}},"line":56},"13":{"name":"(anonymous_13)","decl":{"start":{"line":73,"column":4},"end":{"line":73,"column":5}},"loc":{"start":{"line":73,"column":21},"end":{"line":93,"column":5}},"line":73},"14":{"name":"(anonymous_14)","decl":{"start":{"line":74,"column":47},"end":{"line":74,"column":48}},"loc":{"start":{"line":74,"column":60},"end":{"line":92,"column":9}},"line":74},"15":{"name":"(anonymous_15)","decl":{"start":{"line":94,"column":4},"end":{"line":94,"column":5}},"loc":{"start":{"line":94,"column":23},"end":{"line":164,"column":5}},"line":94},"16":{"name":"(anonymous_16)","decl":{"start":{"line":95,"column":47},"end":{"line":95,"column":48}},"loc":{"start":{"line":95,"column":60},"end":{"line":163,"column":9}},"line":95},"17":{"name":"(anonymous_17)","decl":{"start":{"line":114,"column":55},"end":{"line":114,"column":56}},"loc":{"start":{"line":114,"column":61},"end":{"line":114,"column":72}},"line":114},"18":{"name":"(anonymous_18)","decl":{"start":{"line":132,"column":55},"end":{"line":132,"column":56}},"loc":{"start":{"line":132,"column":63},"end":{"line":132,"column":98}},"line":132},"19":{"name":"(anonymous_19)","decl":{"start":{"line":165,"column":4},"end":{"line":165,"column":5}},"loc":{"start":{"line":165,"column":21},"end":{"line":216,"column":5}},"line":165},"20":{"name":"(anonymous_20)","decl":{"start":{"line":166,"column":47},"end":{"line":166,"column":48}},"loc":{"start":{"line":166,"column":60},"end":{"line":215,"column":9}},"line":166}},"branchMap":{"0":{"loc":{"start":{"line":2,"column":16},"end":{"line":10,"column":1}},"type":"binary-expr","locations":[{"start":{"line":2,"column":17},"end":{"line":2,"column":21}},{"start":{"line":2,"column":25},"end":{"line":2,"column":39}},{"start":{"line":2,"column":44},"end":{"line":10,"column":1}}],"line":2},"1":{"loc":{"start":{"line":3,"column":35},"end":{"line":3,"column":109}},"type":"cond-expr","locations":[{"start":{"line":3,"column":56},"end":{"line":3,"column":61}},{"start":{"line":3,"column":64},"end":{"line":3,"column":109}}],"line":3},"2":{"loc":{"start":{"line":4,"column":16},"end":{"line":4,"column":34}},"type":"binary-expr","locations":[{"start":{"line":4,"column":16},"end":{"line":4,"column":17}},{"start":{"line":4,"column":22},"end":{"line":4,"column":33}}],"line":4},"3":{"loc":{"start":{"line":7,"column":32},"end":{"line":7,"column":115}},"type":"cond-expr","locations":[{"start":{"line":7,"column":46},"end":{"line":7,"column":67}},{"start":{"line":7,"column":70},"end":{"line":7,"column":115}}],"line":7},"4":{"loc":{"start":{"line":8,"column":51},"end":{"line":8,"column":67}},"type":"binary-expr","locations":[{"start":{"line":8,"column":51},"end":{"line":8,"column":61}},{"start":{"line":8,"column":65},"end":{"line":8,"column":67}}],"line":8},"5":{"loc":{"start":{"line":11,"column":22},"end":{"line":13,"column":1}},"type":"binary-expr","locations":[{"start":{"line":11,"column":23},"end":{"line":11,"column":27}},{"start":{"line":11,"column":31},"end":{"line":11,"column":51}},{"start":{"line":11,"column":56},"end":{"line":13,"column":1}}],"line":11},"6":{"loc":{"start":{"line":12,"column":11},"end":{"line":12,"column":61}},"type":"cond-expr","locations":[{"start":{"line":12,"column":37},"end":{"line":12,"column":40}},{"start":{"line":12,"column":43},"end":{"line":12,"column":61}}],"line":12},"7":{"loc":{"start":{"line":12,"column":12},"end":{"line":12,"column":33}},"type":"binary-expr","locations":[{"start":{"line":12,"column":12},"end":{"line":12,"column":15}},{"start":{"line":12,"column":19},"end":{"line":12,"column":33}}],"line":12},"8":{"loc":{"start":{"line":60,"column":16},"end":{"line":63,"column":17}},"type":"if","locations":[{"start":{"line":60,"column":16},"end":{"line":63,"column":17}},{"start":{},"end":{}}],"line":60},"9":{"loc":{"start":{"line":77,"column":16},"end":{"line":80,"column":17}},"type":"if","locations":[{"start":{"line":77,"column":16},"end":{"line":80,"column":17}},{"start":{},"end":{}}],"line":77},"10":{"loc":{"start":{"line":77,"column":20},"end":{"line":77,"column":48}},"type":"binary-expr","locations":[{"start":{"line":77,"column":20},"end":{"line":77,"column":26}},{"start":{"line":77,"column":30},"end":{"line":77,"column":38}},{"start":{"line":77,"column":42},"end":{"line":77,"column":48}}],"line":77},"11":{"loc":{"start":{"line":85,"column":16},"end":{"line":88,"column":17}},"type":"if","locations":[{"start":{"line":85,"column":16},"end":{"line":88,"column":17}},{"start":{},"end":{}}],"line":85},"12":{"loc":{"start":{"line":99,"column":16},"end":{"line":102,"column":17}},"type":"if","locations":[{"start":{"line":99,"column":16},"end":{"line":102,"column":17}},{"start":{},"end":{}}],"line":99},"13":{"loc":{"start":{"line":108,"column":16},"end":{"line":112,"column":17}},"type":"if","locations":[{"start":{"line":108,"column":16},"end":{"line":112,"column":17}},{"start":{},"end":{}}],"line":108},"14":{"loc":{"start":{"line":113,"column":16},"end":{"line":115,"column":17}},"type":"if","locations":[{"start":{"line":113,"column":16},"end":{"line":115,"column":17}},{"start":{},"end":{}}],"line":113},"15":{"loc":{"start":{"line":120,"column":16},"end":{"line":127,"column":17}},"type":"if","locations":[{"start":{"line":120,"column":16},"end":{"line":127,"column":17}},{"start":{},"end":{}}],"line":120},"16":{"loc
[...]
,"C:\\Users\\עדן אהרון\\source\\repos\\advanced applications\\Hobiz\\src\\models\\comments_model.ts": {"path":"C:\\Users\\עדן אהרון\\source\\repos\\advanced applications\\Hobiz\\src\\models\\comments_model.ts","statementMap":{"0":{"start":{"line":1,"column":0},"end":{"line":1,"column":44}},"1":{"start":{"line":9,"column":23},"end":{"line":22,"column":2}},"2":{"start":{"line":24,"column":22},"end":{"line":24,"column":74}},"3":{"start":{"line":26,"column":0},"end":{"line":26,"column":29}}},"fnMap":{},"branchMap":{},"s":{"0":5,"1":5,"2":5,"3":5},"f":{},"b":{}}
,"C:\\Users\\עדן אהרון\\source\\repos\\advanced applications\\Hobiz\\src\\models\\post_model.ts": {"path":"C:\\Users\\עדן אהרון\\source\\repos\\advanced applications\\Hobiz\\src\\models\\post_model.ts","statementMap":{"0":{"start":{"line":1,"column":0},"end":{"line":1,"column":32}},"1":{"start":{"line":12,"column":19},"end":{"line":34,"column":2}},"2":{"start":{"line":36,"column":18},"end":{"line":36,"column":60}},"3":{"start":{"line":38,"column":0},"end":{"line":38,"column":25}}},"fnMap":{},"branchMap":{},"s":{"0":5,"1":5,"2":5,"3":5},"f":{},"b":{}}
,"C:\\Users\\עדן אהרון\\source\\repos\\advanced applications\\Hobiz\\src\\models\\user_model.ts": {"path":"C:\\Users\\עדן אהרון\\source\\repos\\advanced applications\\Hobiz\\src\\models\\user_model.ts","statementMap":{"0":{"start":{"line":1,"column":0},"end":{"line":1,"column":32}},"1":{"start":{"line":11,"column":19},"end":{"line":33,"column":2}},"2":{"start":{"line":35,"column":18},"end":{"line":35,"column":60}},"3":{"start":{"line":37,"column":0},"end":{"line":37,"column":25}}},"fnMap":{},"branchMap":{},"s":{"0":5,"1":5,"2":5,"3":5},"f":{},"b":{}}
,"C:\\Users\\עדן אהרון\\source\\repos\\advanced applications\\Hobiz\\src\\routes\\auth_routes.ts": {"path":"C:\\Users\\עדן אהרון\\source\\repos\\advanced applications\\Hobiz\\src\\routes\\auth_routes.ts","statementMap":{"0":{"start":{"line":1,"column":0},"end":{"line":1,"column":30}},"1":{"start":{"line":2,"column":15},"end":{"line":2,"column":31}},"2":{"start":{"line":3,"column":0},"end":{"line":3,"column":60}},"3":{"start":{"line":248,"column":0},"end":{"line":248,"column":50}},"4":{"start":{"line":249,"column":0},"end":{"line":249,"column":44}},"5":{"start":{"line":250,"column":0},"end":{"line":250,"column":46}},"6":{"start":{"line":251,"column":0},"end":{"line":251,"column":48}},"7":{"start":{"line":252,"column":0},"end":{"line":252,"column":57}},"8":{"start":{"line":253,"column":0},"end":{"line":253,"column":59}},"9":{"start":{"line":255,"column":0},"end":{"line":255,"column":22}}},"fnMap":{},"branchMap":{},"s":{"0":5,"1":5,"2":5,"3":5,"4":5,"5":5,"6":5,"7":5,"8":5,"9":5},"f":{},"b":{}}
,"C:\\Users\\עדן אהרון\\source\\repos\\advanced applications\\Hobiz\\src\\routes\\chat_routes.ts": {"path":"C:\\Users\\עדן אהרון\\source\\repos\\advanced applications\\Hobiz\\src\\routes\\chat_routes.ts","statementMap":{"0":{"start":{"line":1,"column":0},"end":{"line":1,"column":30}},"1":{"start":{"line":2,"column":0},"end":{"line":2,"column":44}},"2":{"start":{"line":4,"column":15},"end":{"line":4,"column":31}},"3":{"start":{"line":6,"column":0},"end":{"line":20,"column":3}},"4":{"start":{"line":6,"column":86},"end":{"line":20,"column":2}},"5":{"start":{"line":7,"column":2},"end":{"line":19,"column":3}},"6":{"start":{"line":8,"column":23},"end":{"line":8,"column":31}},"7":{"start":{"line":9,"column":4},"end":{"line":12,"column":5}},"8":{"start":{"line":10,"column":6},"end":{"line":10,"column":56}},"9":{"start":{"line":11,"column":6},"end":{"line":11,"column":13}},"10":{"start":{"line":14,"column":21},"end":{"line":14,"column":52}},"11":{"start":{"line":15,"column":4},"end":{"line":15,"column":34}},"12":{"start":{"line":17,"column":4},"end":{"line":17,"column":42}},"13":{"start":{"line":18,"column":4},"end":{"line":18,"column":60}},"14":{"start":{"line":22,"column":0},"end":{"line":22,"column":22}}},"fnMap":{"0":{"name":"(anonymous_8)","decl":{"start":{"line":6,"column":17},"end":{"line":6,"column":24}},"loc":{"start":{"line":6,"column":86},"end":{"line":20,"column":2}}},"1":{"name":"(anonymous_9)","decl":{"start":{"line":6,"column":86},"end":{"line":6,"column":null}},"loc":{"start":{"line":6,"column":86},"end":{"line":20,"column":1}}}},"branchMap":{"0":{"loc":{"start":{"line":9,"column":4},"end":{"line":12,"column":5}},"type":"if","locations":[{"start":{"line":9,"column":4},"end":{"line":12,"column":5}}]}},"s":{"0":5,"1":5,"2":5,"3":5,"4":0,"5":0,"6":0,"7":0,"8":0,"9":0,"10":0,"11":0,"12":0,"13":0,"14":5},"f":{"0":0,"1":0},"b":{"0":[0]}}
,"C:\\Users\\עדן אהרון\\source\\repos\\advanced applications\\Hobiz\\src\\routes\\comments_routes.ts": {"path":"C:\\Users\\עדן אהרון\\source\\repos\\advanced applications\\Hobiz\\src\\routes\\comments_routes.ts","statementMap":{"0":{"start":{"line":1,"column":0},"end":{"line":1,"column":30}},"1":{"start":{"line":2,"column":15},"end":{"line":2,"column":31}},"2":{"start":{"line":3,"column":0},"end":{"line":3,"column":68}},"3":{"start":{"line":4,"column":0},"end":{"line":4,"column":64}},"4":{"start":{"line":81,"column":0},"end":{"line":81,"column":68}},"5":{"start":{"line":108,"column":0},"end":{"line":108,"column":72}},"6":{"start":{"line":137,"column":0},"end":{"line":137,"column":85}},"7":{"start":{"line":167,"column":0},"end":{"line":167,"column":85}},"8":{"start":{"line":194,"column":0},"end":{"line":194,"column":94}},"9":{"start":{"line":196,"column":0},"end":{"line":196,"column":22}}},"fnMap":{},"branchMap":{},"s":{"0":5,"1":5,"2":5,"3":5,"4":5,"5":5,"6":5,"7":5,"8":5,"9":5},"f":{},"b":{}}
,"C:\\Users\\עדן אהרון\\source\\repos\\advanced applications\\Hobiz\\src\\routes\\file_routes.ts": {"path":"C:\\Users\\עדן אהרון\\source\\repos\\advanced applications\\Hobiz\\src\\routes\\file_routes.ts","statementMap":{"0":{"start":{"line":1,"column":0},"end":{"line":1,"column":30}},"1":{"start":{"line":2,"column":15},"end":{"line":2,"column":31}},"2":{"start":{"line":3,"column":0},"end":{"line":3,"column":28}},"3":{"start":{"line":4,"column":0},"end":{"line":4,"column":24}},"4":{"start":{"line":5,"column":0},"end":{"line":5,"column":20}},"5":{"start":{"line":6,"column":0},"end":{"line":6,"column":45}},"6":{"start":{"line":7,"column":0},"end":{"line":7,"column":64}},"7":{"start":{"line":9,"column":23},"end":{"line":9,"column":46}},"8":{"start":{"line":18,"column":13},"end":{"line":22,"column":20}},"9":{"start":{"line":24,"column":16},"end":{"line":35,"column":2}},"10":{"start":{"line":26,"column":26},"end":{"line":26,"column":63}},"11":{"start":{"line":27,"column":8},"end":{"line":29,"column":9}},"12":{"start":{"line":28,"column":12},"end":{"line":28,"column":57}},"13":{"start":{"line":30,"column":8},"end":{"line":30,"column":28}},"14":{"start":{"line":33,"column":8},"end":{"line":33,"column":55}},"15":{"start":{"line":37,"column":15},"end":{"line":37,"column":34}},"16":{"start":{"line":70,"column":0},"end":{"line":89,"column":3}},"17":{"start":{"line":71,"column":4},"end":{"line":74,"column":5}},"18":{"start":{"line":72,"column":8},"end":{"line":72,"column":61}},"19":{"start":{"line":73,"column":8},"end":{"line":73,"column":15}},"20":{"start":{"line":76,"column":25},"end":{"line":76,"column":70}},"21":{"start":{"line":77,"column":21},"end":{"line":77,"column":40}},"22":{"start":{"line":79,"column":4},"end":{"line":88,"column":7}},"23":{"start":{"line":80,"column":8},"end":{"line":84,"column":9}},"24":{"start":{"line":81,"column":12},"end":{"line":81,"column":63}},"25":{"start":{"line":82,"column":12},"end":{"line":82,"column":67}},"26":{"start":{"line":83,"column":12},"end":{"line":83,"column":19}},"27":{"start":{"line":86,"column":8},"end":{"line":86,"column":52}},"28":{"start":{"line":87,"column":8},"end":{"line":87,"column":48}},"29":{"start":{"line":133,"column":0},"end":{"line":161,"column":3}},"30":{"start":{"line":133,"column":101},"end":{"line":161,"column":2}},"31":{"start":{"line":134,"column":4},"end":{"line":160,"column":5}},"32":{"start":{"line":135,"column":8},"end":{"line":138,"column":9}},"33":{"start":{"line":136,"column":12},"end":{"line":136,"column":74}},"34":{"start":{"line":137,"column":12},"end":{"line":137,"column":19}},"35":{"start":{"line":140,"column":29},"end":{"line":140,"column":74}},"36":{"start":{"line":141,"column":25},"end":{"line":141,"column":44}},"37":{"start":{"line":142,"column":23},"end":{"line":142,"column":40}},"38":{"start":{"line":144,"column":28},"end":{"line":147,"column":null}},"39":{"start":{"line":150,"column":8},"end":{"line":153,"column":9}},"40":{"start":{"line":151,"column":12},"end":{"line":151,"column":63}},"41":{"start":{"line":152,"column":12},"end":{"line":152,"column":19}},"42":{"start":{"line":155,"column":8},"end":{"line":155,"column":61}},"43":{"start":{"line":156,"column":8},"end":{"line":156,"column":52}},"44":{"start":{"line":158,"column":8},"end":{"line":158,"column":67}},"45":{"start":{"line":159,"column":8},"end":{"line":159,"column":75}},"46":{"start":{"line":163,"column":0},"end":{"line":163,"column":22}}},"fnMap":{"0":{"name":"(anonymous_8)","decl":{"start":{"line":25,"column":17},"end":{"line":25,"column":18}},"loc":{"start":{"line":25,"column":35},"end":{"line":31,"column":5}}},"1":{"name":"(anonymous_9)","decl":{"start":{"line":32,"column":14},"end":{"line":32,"column":15}},"loc":{"start":{"line":32,"column":32},"end":{"line":34,"column":5}}},"2":{"name":"(anonymous_10)","decl":{"start":{"line":70,"column":40},"end":{"line":70,"column":41}},"loc":{"start":{"line":70,"column":53},"end":{"line":89,"column":1}}},"3":{"name":"(anonymous_11)","decl":{"start":{"line":79,"column":48},"end":{"line":79,"column":49}},"loc":{"start":{"line":79,"column":56},"end":{"line":88,"column":5}}},"4":{"name":"(anonymous_12)","decl":{"start":{"line":133,"column":82},"end":{"line":133,"column":89}},"loc":{"start":{"line":133,"column":101},"end":{"line":161,"column":2}}},"5":{"name":"(anonymous_13)","decl":{"start":{"line":133,"column":101},"end":{"line":133,"column":null}},"loc":{"start":{"line":133,"column":101},"end":{"line":161,"column":1}}}},"branchMap":{"0":{"loc":{"start":{"line":18,"column":13},"end":{"line":22,"column":20}},"type":"cond-expr","locations":[{"start":{"line":19,"column":6},"end":{"line":21,"column":39}},{"start":{"line":22,"column":6},"end":{"line":22,"column":20}}]},"1":{"loc":{"start":{"line":19,"column":6},"end":{"line":21,"column":39}},"type":"cond-expr","locations":[{"start":{"line":20,"column":10},"end":{"line":20,"column":33}},{"start":{"line":21,"column":10},"end":{"line":21,"column":39}}]},"2":{"loc":{"start":{"line":27,"column":8},"end":{"line":29,"column":9}},"type":"if","locations":[{"start":{"line":27,"column":8},"end":{"line":29,"column":9}}]},"3":{"loc":{"start":{"line":71,"column":4},"end":{"line":74,"column":5}},"type":"if","locations":[{"start":{"line":71,"column":4},"end":{"line":74,"column":5}}]},"4":{"loc":{"start":{"line":80,"column":8},"end":{"line":84,"column":9}},"type":"if","locations":[{"start":{"line":80,"column":8},"end":{"line":84,"column":9}}]},"5":{"loc":{"start":{"line":135,"column":8},"end":{"line":138,"column":9}},"type":"if","locations":[{"start":{"line":135,"column":8},"end":{"line":138,"column":9}}]},"6":{"loc":{"start":{"line":150,"column":8},"end":{"line":153,"column":9}},"type":"if","locations":[{"start":{"line":150,"column":8},"end":{"line":153,"column":9}}]}},"s":{"0":5,"1":5,"2":5,"3":5,"4":5,"5":5,"6":5,"7":5,"8":5,"9":5,"10":0,"11":0,"12":0,"13":0,"14":0,"15":5,"16":5,"17":0,"18":0,"19":0,"20":0,"21":0,"22":0,"23":0,"24":0,"25":0,"26":0,"27":0,"28":0,"29":5,"30":0,"31":0,"32":0,"33":0,"34":0,"35":0,"36":0,"37":0,"38":0,"39":0,"40":0,"41":0,"42":0,"43":0,"44":0,"45":0,"46":5},"f":{"0":0,"1":0,"2":0,"3":0,"4":0,"5":0},"b":{"0":[5,0],"1":[0,5],"2":[0],"3":[0],"4":[0],"5":[0],"6":[0]}}
,"C:\\Users\\עדן אהרון\\source\\repos\\advanced applications\\Hobiz\\src\\routes\\posts_routes.ts": {"path":"C:\\Users\\עדן אהרון\\source\\repos\\advanced applications\\Hobiz\\src\\routes\\posts_routes.ts","statementMap":{"0":{"start":{"line":1,"column":0},"end":{"line":1,"column":30}},"1":{"start":{"line":2,"column":15},"end":{"line":2,"column":31}},"2":{"start":{"line":3,"column":0},"end":{"line":3,"column":61}},"3":{"start":{"line":4,"column":0},"end":{"line":4,"column":64}},"4":{"start":{"line":5,"column":0},"end":{"line":5,"column":57}},"5":{"start":{"line":64,"column":0},"end":{"line":64,"column":62}},"6":{"start":{"line":93,"column":0},"end":{"line":93,"column":66}},"7":{"start":{"line":134,"column":0},"end":{"line":136,"column":38}},"8":{"start":{"line":134,"column":52},"end":{"line":136,"column":37}},"9":{"start":{"line":135,"column":4},"end":{"line":136,"column":35}},"10":{"start":{"line":135,"column":9},"end":{"line":135,"column":48}},"11":{"start":{"line":136,"column":19},"end":{"line":136,"column":35}},"12":{"start":{"line":164,"column":0},"end":{"line":164,"column":88}},"13":{"start":{"line":236,"column":0},"end":{"line":241,"column":3}},"14":{"start":{"line":237,"column":2},"end":{"line":237,"column":58}},"15":{"start":{"line":238,"column":2},"end":{"line":238,"column":45}},"16":{"start":{"line":239,"column":2},"end":{"line":239,"column":41}},"17":{"start":{"line":240,"column":2},"end":{"line":240,"column":66}},"18":{"start":{"line":240,"column":46},"end":{"line":240,"column":52}},"19":{"start":{"line":243,"column":0},"end":{"line":243,"column":105}},"20":{"start":{"line":247,"column":0},"end":{"line":247,"column":22}}},"fnMap":{"0":{"name":"(anonymous_8)","decl":{"start":{"line":134,"column":33},"end":{"line":134,"column":40}},"loc":{"start":{"line":134,"column":52},"end":{"line":136,"column":37}}},"1":{"name":"(anonymous_9)","decl":{"start":{"line":134,"column":52},"end":{"line":134,"column":null}},"loc":{"start":{"line":134,"column":52},"end":{"line":136,"column":36}}},"2":{"name":"(anonymous_10)","decl":{"start":{"line":236,"column":40},"end":{"line":236,"column":41}},"loc":{"start":{"line":236,"column":59},"end":{"line":241,"column":1}}},"3":{"name":"(anonymous_11)","decl":{"start":{"line":240,"column":42},"end":{"line":240,"column":44}},"loc":{"start":{"line":240,"column":46},"end":{"line":240,"column":52}}}},"branchMap":{},"s":{"0":5,"1":5,"2":5,"3":5,"4":5,"5":5,"6":5,"7":5,"8":3,"9":3,"10":3,"11":0,"12":5,"13":5,"14":0,"15":0,"16":0,"17":0,"18":0,"19":5,"20":5},"f":{"0":3,"1":3,"2":0,"3":0},"b":{}}
,"C:\\Users\\עדן אהרון\\source\\repos\\advanced applications\\Hobiz\\src\\routes\\user_routes.ts": {"path":"C:\\Users\\עדן אהרון\\source\\repos\\advanced applications\\Hobiz\\src\\routes\\user_routes.ts","statementMap":{"0":{"start":{"line":1,"column":0},"end":{"line":1,"column":67}},"1":{"start":{"line":2,"column":0},"end":{"line":2,"column":117}},"2":{"start":{"line":3,"column":0},"end":{"line":3,"column":79}},"3":{"start":{"line":4,"column":0},"end":{"line":4,"column":28}},"4":{"start":{"line":5,"column":0},"end":{"line":5,"column":24}},"5":{"start":{"line":7,"column":15},"end":{"line":7,"column":31}},"6":{"start":{"line":75,"column":21},"end":{"line":77,"column":1}},"7":{"start":{"line":75,"column":96},"end":{"line":77,"column":1}},"8":{"start":{"line":76,"column":4},"end":{"line":76,"column":52}},"9":{"start":{"line":80,"column":16},"end":{"line":88,"column":2}},"10":{"start":{"line":82,"column":8},"end":{"line":82,"column":56}},"11":{"start":{"line":85,"column":29},"end":{"line":85,"column":79}},"12":{"start":{"line":86,"column":8},"end":{"line":86,"column":88}},"13":{"start":{"line":90,"column":15},"end":{"line":90,"column":43}},"14":{"start":{"line":118,"column":0},"end":{"line":118,"column":49}},"15":{"start":{"line":156,"column":0},"end":{"line":156,"column":65}},"16":{"start":{"line":198,"column":0},"end":{"line":198,"column":103}},"17":{"start":{"line":200,"column":0},"end":{"line":203,"column":3}},"18":{"start":{"line":201,"column":4},"end":{"line":201,"column":73}},"19":{"start":{"line":202,"column":4},"end":{"line":202,"column":11}},"20":{"start":{"line":254,"column":0},"end":{"line":254,"column":57}},"21":{"start":{"line":257,"column":0},"end":{"line":257,"column":22}}},"fnMap":{"0":{"name":"(anonymous_1)","decl":{"start":{"line":75,"column":21},"end":{"line":75,"column":22}},"loc":{"start":{"line":75,"column":96},"end":{"line":77,"column":1}}},"1":{"name":"(anonymous_2)","decl":{"start":{"line":75,"column":96},"end":{"line":75,"column":97}},"loc":{"start":{"line":75,"column":148},"end":{"line":77,"column":1}}},"2":{"name":"(anonymous_3)","decl":{"start":{"line":81,"column":17},"end":{"line":81,"column":18}},"loc":{"start":{"line":81,"column":35},"end":{"line":83,"column":5}}},"3":{"name":"(anonymous_4)","decl":{"start":{"line":84,"column":14},"end":{"line":84,"column":15}},"loc":{"start":{"line":84,"column":32},"end":{"line":87,"column":5}}},"4":{"name":"(anonymous_5)","decl":{"start":{"line":200,"column":11},"end":{"line":200,"column":12}},"loc":{"start":{"line":200,"column":63},"end":{"line":203,"column":1}}}},"branchMap":{},"s":{"0":5,"1":5,"2":5,"3":5,"4":5,"5":5,"6":5,"7":20,"8":6,"9":5,"10":0,"11":0,"12":0,"13":5,"14":5,"15":5,"16":5,"17":5,"18":2,"19":2,"20":5,"21":5},"f":{"0":20,"1":6,"2":0,"3":0,"4":2},"b":{}}
,"C:\\Users\\עדן אהרון\\source\\repos\\advanced applications\\Hobiz\\src\\tests\\setupTests.ts": {"path":"C:\\Users\\עדן אהרון\\source\\repos\\advanced applications\\Hobiz\\src\\tests\\setupTests.ts","statementMap":{"0":{"start":{"line":5,"column":0},"end":{"line":5,"column":60}},"1":{"start":{"line":1,"column":0},"end":{"line":1,"column":32}},"2":{"start":{"line":2,"column":0},"end":{"line":2,"column":32}},"3":{"start":{"line":10,"column":0},"end":{"line":39,"column":3}},"4":{"start":{"line":10,"column":21},"end":{"line":39,"column":2}},"5":{"start":{"line":11,"column":4},"end":{"line":11,"column":36}},"6":{"start":{"line":12,"column":4},"end":{"line":12,"column":26}},"7":{"start":{"line":15,"column":4},"end":{"line":20,"column":11}},"8":{"start":{"line":23,"column":26},"end":{"line":28,"column":10}},"9":{"start":{"line":30,"column":4},"end":{"line":30,"column":47}},"10":{"start":{"line":31,"column":4},"end":{"line":31,"column":57}},"11":{"start":{"line":33,"column":4},"end":{"line":36,"column":6}},"12":{"start":{"line":38,"column":4},"end":{"line":38,"column":39}}},"fnMap":{"0":{"name":"(anonymous_8)","decl":{"start":{"line":10,"column":10},"end":{"line":10,"column":19}},"loc":{"start":{"line":10,"column":21},"end":{"line":39,"column":2}}},"1":{"name":"(anonymous_9)","decl":{"start":{"line":10,"column":21},"end":{"line":10,"column":null}},"loc":{"start":{"line":10,"column":21},"end":{"line":39,"column":1}}}},"branchMap":{},"s":{"0":2,"1":2,"2":2,"3":2,"4":2,"5":2,"6":2,"7":2,"8":2,"9":2,"10":2,"11":2,"12":2},"f":{"0":2,"1":2},"b":{}}
}
