TN:
SF:dist\chat.js
FN:2,(anonymous_0)
FN:3,adopt
FN:3,(anonymous_2)
FN:4,(anonymous_3)
FN:5,fulfilled
FN:6,rejected
FN:7,step
FN:11,(anonymous_7)
FN:20,getChatCompletion
FN:21,(anonymous_9)
FNF:10
FNH:1
FNDA:0,(anonymous_0)
FNDA:0,adopt
FNDA:0,(anonymous_2)
FNDA:0,(anonymous_3)
FNDA:0,fulfilled
FNDA:0,rejected
FNDA:0,step
FNDA:5,(anonymous_7)
FNDA:0,getChatCompletion
FNDA:0,(anonymous_9)
DA:2,5
DA:3,0
DA:4,0
DA:5,0
DA:6,0
DA:7,0
DA:8,0
DA:11,5
DA:12,5
DA:14,5
DA:15,5
DA:16,5
DA:17,5
DA:21,0
DA:23,0
DA:24,0
DA:28,0
DA:31,0
DA:32,0
LF:19
LH:7
BRDA:2,0,0,5
BRDA:2,0,1,5
BRDA:2,0,2,5
BRDA:3,1,0,0
BRDA:3,1,1,0
BRDA:4,2,0,0
BRDA:4,2,1,0
BRDA:7,3,0,0
BRDA:7,3,1,0
BRDA:8,4,0,0
BRDA:8,4,1,0
BRDA:11,5,0,5
BRDA:11,5,1,5
BRDA:11,5,2,5
BRDA:12,6,0,0
BRDA:12,6,1,5
BRDA:12,7,0,5
BRDA:12,7,1,5
BRDA:28,8,0,0
BRDA:28,8,1,0
BRDA:28,9,0,0
BRDA:28,9,1,0
BRDA:28,10,0,0
BRDA:28,10,1,0
BRDA:28,11,0,0
BRDA:28,11,1,0
BRDA:28,12,0,0
BRDA:28,12,1,0
BRDA:28,13,0,0
BRDA:28,13,1,0
BRF:30
BRH:9
end_of_record
TN:
SF:dist\server.js
FN:2,(anonymous_0)
FN:45,(anonymous_1)
FN:58,(anonymous_2)
FN:69,(anonymous_3)
FN:70,(anonymous_4)
FN:71,(anonymous_5)
FN:72,(anonymous_6)
FN:79,(anonymous_7)
FN:83,(anonymous_8)
FNF:9
FNH:6
FNDA:70,(anonymous_0)
FNDA:24,(anonymous_1)
FNDA:0,(anonymous_2)
FNDA:0,(anonymous_3)
FNDA:5,(anonymous_4)
FNDA:5,(anonymous_5)
FNDA:5,(anonymous_6)
FNDA:5,(anonymous_7)
FNDA:0,(anonymous_8)
DA:2,5
DA:3,70
DA:5,5
DA:6,5
DA:7,5
DA:8,5
DA:9,5
DA:10,5
DA:11,5
DA:12,5
DA:13,5
DA:14,5
DA:15,5
DA:16,5
DA:17,5
DA:18,5
DA:19,5
DA:20,5
DA:21,5
DA:22,5
DA:34,5
DA:35,5
DA:36,5
DA:43,5
DA:44,5
DA:45,5
DA:46,24
DA:47,24
DA:48,24
DA:49,8
DA:51,24
DA:53,5
DA:54,5
DA:56,5
DA:58,5
DA:59,0
DA:61,5
DA:62,5
DA:63,5
DA:64,5
DA:65,5
DA:67,5
DA:68,5
DA:69,5
DA:70,5
DA:71,5
DA:72,5
DA:73,5
DA:74,0
DA:77,5
DA:80,5
DA:81,5
DA:84,0
DA:89,5
LF:54
LH:51
BRDA:2,0,0,5
BRDA:2,0,1,5
BRDA:2,0,2,5
BRDA:3,1,0,30
BRDA:3,1,1,40
BRDA:3,2,0,70
BRDA:3,2,1,70
BRDA:48,3,0,8
BRDA:48,3,1,16
BRDA:48,4,0,24
BRDA:48,4,1,18
BRDA:73,5,0,0
BRDA:73,5,1,5
BRF:13
BRH:12
end_of_record
TN:
SF:dist\controllers\auth_controller.js
FN:2,(anonymous_0)
FN:3,adopt
FN:3,(anonymous_2)
FN:4,(anonymous_3)
FN:5,fulfilled
FN:6,rejected
FN:7,step
FN:11,(anonymous_7)
FN:21,(anonymous_8)
FN:21,(anonymous_9)
FN:66,(anonymous_10)
FN:66,(anonymous_11)
FN:111,(anonymous_12)
FN:135,(anonymous_13)
FN:135,(anonymous_14)
FN:160,(anonymous_15)
FN:160,(anonymous_16)
FN:201,(anonymous_17)
FN:202,(anonymous_18)
FN:202,(anonymous_19)
FN:208,(anonymous_20)
FN:208,(anonymous_21)
FN:226,(anonymous_22)
FN:240,(anonymous_23)
FN:240,(anonymous_24)
FN:249,(anonymous_25)
FN:249,(anonymous_26)
FN:275,(anonymous_27)
FN:294,(anonymous_28)
FNF:29
FNH:25
FNDA:26,(anonymous_0)
FNDA:48,adopt
FNDA:12,(anonymous_2)
FNDA:26,(anonymous_3)
FNDA:40,fulfilled
FNDA:8,rejected
FNDA:74,step
FNDA:15,(anonymous_7)
FNDA:0,(anonymous_8)
FNDA:0,(anonymous_9)
FNDA:0,(anonymous_10)
FNDA:0,(anonymous_11)
FNDA:7,(anonymous_12)
FNDA:6,(anonymous_13)
FNDA:6,(anonymous_14)
FNDA:7,(anonymous_15)
FNDA:7,(anonymous_16)
FNDA:5,(anonymous_17)
FNDA:5,(anonymous_18)
FNDA:5,(anonymous_19)
FNDA:3,(anonymous_20)
FNDA:3,(anonymous_21)
FNDA:3,(anonymous_22)
FNDA:1,(anonymous_23)
FNDA:1,(anonymous_24)
FNDA:4,(anonymous_25)
FNDA:4,(anonymous_26)
FNDA:9,(anonymous_27)
FNDA:6,(anonymous_28)
DA:2,5
DA:3,48
DA:4,26
DA:5,40
DA:6,8
DA:7,74
DA:8,26
DA:11,5
DA:12,15
DA:14,5
DA:15,5
DA:16,5
DA:17,5
DA:18,5
DA:19,5
DA:20,5
DA:21,5
DA:22,0
DA:23,0
DA:24,0
DA:25,0
DA:26,0
DA:28,0
DA:32,0
DA:33,0
DA:34,0
DA:36,0
DA:38,0
DA:39,0
DA:40,0
DA:43,0
DA:44,0
DA:45,0
DA:46,0
DA:51,0
DA:52,0
DA:53,0
DA:55,0
DA:62,0
DA:63,0
DA:66,5
DA:67,0
DA:68,0
DA:69,0
DA:70,0
DA:71,0
DA:73,0
DA:77,0
DA:78,0
DA:79,0
DA:81,0
DA:82,0
DA:83,0
DA:85,0
DA:86,0
DA:87,0
DA:88,0
DA:96,0
DA:97,0
DA:98,0
DA:100,0
DA:107,0
DA:108,0
DA:111,5
DA:112,7
DA:113,0
DA:115,7
DA:116,7
DA:117,7
DA:121,7
DA:125,7
DA:131,0
DA:132,0
DA:135,6
DA:136,6
DA:137,6
DA:138,6
DA:139,6
DA:140,5
DA:146,1
DA:147,1
DA:148,0
DA:150,1
DA:157,5
DA:160,7
DA:161,7
DA:162,7
DA:163,7
DA:164,1
DA:165,1
DA:167,6
DA:168,0
DA:169,0
DA:171,6
DA:172,6
DA:173,1
DA:174,1
DA:176,5
DA:177,0
DA:178,0
DA:181,5
DA:182,5
DA:183,0
DA:184,0
DA:186,5
DA:187,0
DA:189,5
DA:190,5
DA:191,5
DA:198,0
DA:201,5
DA:202,5
DA:203,5
DA:204,5
DA:205,2
DA:206,2
DA:208,3
DA:209,3
DA:210,0
DA:212,3
DA:213,3
DA:214,3
DA:215,3
DA:216,0
DA:218,3
DA:219,3
DA:220,3
DA:221,3
DA:222,1
DA:223,1
DA:224,1
DA:226,3
DA:227,2
DA:228,2
DA:229,2
DA:230,0
DA:232,2
DA:235,0
DA:240,5
DA:241,1
DA:242,1
DA:243,1
DA:246,0
DA:249,5
DA:250,4
DA:251,4
DA:252,1
DA:253,0
DA:255,1
DA:256,1
DA:257,0
DA:259,1
DA:260,0
DA:262,1
DA:263,1
DA:264,0
DA:272,4
DA:275,5
DA:276,9
DA:277,9
DA:278,9
DA:279,9
DA:282,9
DA:283,9
DA:284,3
DA:285,3
DA:286,3
DA:288,6
DA:289,6
DA:290,0
DA:291,0
DA:292,0
DA:294,6
DA:295,6
DA:296,0
DA:297,0
DA:298,0
DA:300,6
DA:301,6
DA:302,6
DA:303,6
DA:304,6
DA:307,5
DA:308,5
LF:184
LH:112
BRDA:2,0,0,5
BRDA:2,0,1,5
BRDA:2,0,2,5
BRDA:3,1,0,36
BRDA:3,1,1,12
BRDA:4,2,0,26
BRDA:4,2,1,26
BRDA:7,3,0,26
BRDA:7,3,1,48
BRDA:8,4,0,26
BRDA:8,4,1,26
BRDA:11,5,0,5
BRDA:11,5,1,5
BRDA:11,5,2,5
BRDA:12,6,0,5
BRDA:12,6,1,10
BRDA:12,7,0,15
BRDA:12,7,1,15
BRDA:25,8,0,0
BRDA:25,8,1,0
BRDA:33,9,0,0
BRDA:33,9,1,0
BRDA:39,10,0,0
BRDA:39,10,1,0
BRDA:52,11,0,0
BRDA:52,11,1,0
BRDA:70,12,0,0
BRDA:70,12,1,0
BRDA:78,13,0,0
BRDA:78,13,1,0
BRDA:83,14,0,0
BRDA:83,14,1,0
BRDA:97,15,0,0
BRDA:97,15,1,0
BRDA:112,16,0,0
BRDA:112,16,1,7
BRDA:112,17,0,7
BRDA:112,17,1,7
BRDA:112,17,2,7
BRDA:147,18,0,0
BRDA:147,18,1,1
BRDA:163,19,0,1
BRDA:163,19,1,6
BRDA:167,20,0,0
BRDA:167,20,1,6
BRDA:172,21,0,1
BRDA:172,21,1,5
BRDA:176,22,0,0
BRDA:176,22,1,5
BRDA:182,23,0,0
BRDA:182,23,1,5
BRDA:186,24,0,0
BRDA:186,24,1,5
BRDA:204,25,0,2
BRDA:204,25,1,3
BRDA:204,26,0,5
BRDA:204,26,1,3
BRDA:209,27,0,0
BRDA:209,27,1,3
BRDA:215,28,0,0
BRDA:215,28,1,3
BRDA:221,29,0,1
BRDA:221,29,1,2
BRDA:221,30,0,3
BRDA:221,30,1,3
BRDA:229,31,0,0
BRDA:229,31,1,2
BRDA:252,32,0,0
BRDA:252,32,1,1
BRDA:256,33,0,0
BRDA:256,33,1,1
BRDA:259,34,0,0
BRDA:259,34,1,1
BRDA:279,35,0,6
BRDA:279,35,1,3
BRDA:279,36,0,1
BRDA:279,36,1,8
BRDA:279,37,0,9
BRDA:279,37,1,9
BRDA:283,38,0,3
BRDA:283,38,1,6
BRDA:289,39,0,0
BRDA:289,39,1,6
BRDA:295,40,0,0
BRDA:295,40,1,6
BRF:85
BRH:55
end_of_record
TN:
SF:dist\controllers\base_controller.js
FN:2,(anonymous_0)
FN:3,adopt
FN:3,(anonymous_2)
FN:4,(anonymous_3)
FN:5,fulfilled
FN:6,rejected
FN:7,step
FN:13,(anonymous_7)
FN:16,(anonymous_8)
FN:17,(anonymous_9)
FN:35,(anonymous_10)
FN:36,(anonymous_11)
FN:53,(anonymous_12)
FN:54,(anonymous_13)
FN:66,(anonymous_14)
FN:67,(anonymous_15)
FNF:16
FNH:11
FNDA:4,(anonymous_0)
FNDA:4,adopt
FNDA:4,(anonymous_2)
FNDA:4,(anonymous_3)
FNDA:4,fulfilled
FNDA:0,rejected
FNDA:8,step
FNDA:10,(anonymous_7)
FNDA:3,(anonymous_8)
FNDA:3,(anonymous_9)
FNDA:0,(anonymous_10)
FNDA:0,(anonymous_11)
FNDA:0,(anonymous_12)
FNDA:0,(anonymous_13)
FNDA:1,(anonymous_14)
FNDA:1,(anonymous_15)
DA:2,5
DA:3,4
DA:4,4
DA:5,4
DA:6,0
DA:7,8
DA:8,4
DA:11,5
DA:14,10
DA:17,3
DA:18,3
DA:19,3
DA:20,3
DA:21,1
DA:22,1
DA:25,2
DA:26,2
DA:30,0
DA:36,0
DA:37,0
DA:38,0
DA:39,0
DA:40,0
DA:41,0
DA:44,0
DA:48,0
DA:54,0
DA:55,0
DA:56,0
DA:57,0
DA:58,0
DA:61,0
DA:67,1
DA:68,1
DA:69,1
DA:70,1
DA:71,1
DA:74,0
DA:80,5
LF:39
LH:22
BRDA:2,0,0,5
BRDA:2,0,1,5
BRDA:2,0,2,5
BRDA:3,1,0,0
BRDA:3,1,1,4
BRDA:4,2,0,4
BRDA:4,2,1,4
BRDA:7,3,0,4
BRDA:7,3,1,4
BRDA:8,4,0,4
BRDA:8,4,1,4
BRDA:20,5,0,1
BRDA:20,5,1,2
BRDA:40,6,0,0
BRDA:40,6,1,0
BRF:15
BRH:12
end_of_record
TN:
SF:dist\controllers\comments_controller.js
FN:2,(anonymous_0)
FN:3,adopt
FN:3,(anonymous_2)
FN:4,(anonymous_3)
FN:5,fulfilled
FN:6,rejected
FN:7,step
FN:11,(anonymous_7)
FN:18,(anonymous_8)
FN:21,(anonymous_9)
FN:22,(anonymous_10)
FN:38,(anonymous_11)
FN:39,(anonymous_12)
FNF:13
FNH:13
FNDA:3,(anonymous_0)
FNDA:3,adopt
FNDA:3,(anonymous_2)
FNDA:3,(anonymous_3)
FNDA:2,fulfilled
FNDA:1,rejected
FNDA:6,step
FNDA:10,(anonymous_7)
FNDA:5,(anonymous_8)
FNDA:1,(anonymous_9)
FNDA:1,(anonymous_10)
FNDA:2,(anonymous_11)
FNDA:2,(anonymous_12)
DA:2,5
DA:3,3
DA:4,3
DA:5,2
DA:6,1
DA:7,6
DA:8,3
DA:11,5
DA:12,10
DA:14,5
DA:15,5
DA:16,5
DA:19,5
DA:22,1
DA:23,1
DA:24,1
DA:25,1
DA:26,0
DA:27,0
DA:28,0
DA:30,0
DA:33,1
DA:34,1
DA:39,2
DA:40,2
DA:41,2
DA:42,2
DA:43,2
DA:46,0
DA:47,0
DA:52,5
LF:31
LH:25
BRDA:2,0,0,5
BRDA:2,0,1,5
BRDA:2,0,2,5
BRDA:3,1,0,0
BRDA:3,1,1,3
BRDA:4,2,0,3
BRDA:4,2,1,3
BRDA:7,3,0,3
BRDA:7,3,1,3
BRDA:8,4,0,3
BRDA:8,4,1,3
BRDA:11,5,0,5
BRDA:11,5,1,5
BRDA:11,5,2,5
BRDA:12,6,0,10
BRDA:12,6,1,0
BRDA:12,7,0,10
BRDA:12,7,1,10
BRDA:26,8,0,0
BRDA:26,8,1,0
BRF:20
BRH:16
end_of_record
TN:
SF:dist\controllers\post_controller.js
FN:2,(anonymous_0)
FN:3,adopt
FN:3,(anonymous_2)
FN:4,(anonymous_3)
FN:5,fulfilled
FN:6,rejected
FN:7,step
FN:11,(anonymous_7)
FN:20,(anonymous_8)
FN:23,(anonymous_9)
FN:24,(anonymous_10)
FN:55,(anonymous_11)
FN:56,(anonymous_12)
FN:73,(anonymous_13)
FN:74,(anonymous_14)
FN:94,(anonymous_15)
FN:95,(anonymous_16)
FN:114,(anonymous_17)
FN:132,(anonymous_18)
FN:165,(anonymous_19)
FN:166,(anonymous_20)
FNF:21
FNH:14
FNDA:8,(anonymous_0)
FNDA:8,adopt
FNDA:6,(anonymous_2)
FNDA:8,(anonymous_3)
FNDA:8,fulfilled
FNDA:0,rejected
FNDA:16,step
FNDA:20,(anonymous_7)
FNDA:5,(anonymous_8)
FNDA:3,(anonymous_9)
FNDA:3,(anonymous_10)
FNDA:2,(anonymous_11)
FNDA:2,(anonymous_12)
FNDA:3,(anonymous_13)
FNDA:3,(anonymous_14)
FNDA:0,(anonymous_15)
FNDA:0,(anonymous_16)
FNDA:0,(anonymous_17)
FNDA:0,(anonymous_18)
FNDA:0,(anonymous_19)
FNDA:0,(anonymous_20)
DA:2,5
DA:3,8
DA:4,8
DA:5,8
DA:6,0
DA:7,16
DA:8,8
DA:11,5
DA:12,20
DA:14,5
DA:15,5
DA:16,5
DA:17,5
DA:18,5
DA:21,5
DA:24,3
DA:25,3
DA:26,3
DA:46,3
DA:49,0
DA:50,0
DA:56,2
DA:57,2
DA:58,2
DA:59,2
DA:60,2
DA:61,1
DA:62,1
DA:64,1
DA:65,1
DA:68,0
DA:69,0
DA:74,3
DA:75,3
DA:76,3
DA:77,3
DA:78,1
DA:79,1
DA:81,2
DA:82,2
DA:85,0
DA:86,0
DA:87,0
DA:89,0
DA:90,0
DA:95,0
DA:96,0
DA:97,0
DA:98,0
DA:99,0
DA:100,0
DA:101,0
DA:103,0
DA:104,0
DA:105,0
DA:106,0
DA:107,0
DA:108,0
DA:109,0
DA:110,0
DA:111,0
DA:113,0
DA:114,0
DA:116,0
DA:117,0
DA:119,0
DA:120,0
DA:121,0
DA:122,0
DA:123,0
DA:124,0
DA:128,0
DA:130,0
DA:132,0
DA:133,0
DA:134,0
DA:138,0
DA:139,0
DA:141,0
DA:142,0
DA:143,0
DA:145,0
DA:147,0
DA:148,0
DA:150,0
DA:151,0
DA:154,0
DA:155,0
DA:156,0
DA:159,0
DA:160,0
DA:166,0
DA:167,0
DA:168,0
DA:169,0
DA:170,0
DA:171,0
DA:172,0
DA:173,0
DA:174,0
DA:175,0
DA:176,0
DA:177,0
DA:178,0
DA:179,0
DA:180,0
DA:182,0
DA:183,0
DA:184,0
DA:185,0
DA:186,0
DA:188,0
DA:189,0
DA:190,0
DA:191,0
DA:192,0
DA:193,0
DA:194,0
DA:195,0
DA:200,0
DA:201,0
DA:202,0
DA:203,0
DA:205,0
DA:208,0
DA:209,0
DA:210,0
DA:212,0
DA:213,0
DA:218,5
LF:130
LH:36
BRDA:2,0,0,5
BRDA:2,0,1,5
BRDA:2,0,2,5
BRDA:3,1,0,2
BRDA:3,1,1,6
BRDA:4,2,0,8
BRDA:4,2,1,8
BRDA:7,3,0,8
BRDA:7,3,1,8
BRDA:8,4,0,8
BRDA:8,4,1,8
BRDA:11,5,0,5
BRDA:11,5,1,5
BRDA:11,5,2,5
BRDA:12,6,0,15
BRDA:12,6,1,5
BRDA:12,7,0,20
BRDA:12,7,1,20
BRDA:60,8,0,1
BRDA:60,8,1,1
BRDA:77,9,0,1
BRDA:77,9,1,2
BRDA:77,10,0,3
BRDA:77,10,1,2
BRDA:77,10,2,2
BRDA:85,11,0,0
BRDA:85,11,1,0
BRDA:99,12,0,0
BRDA:99,12,1,0
BRDA:108,13,0,0
BRDA:108,13,1,0
BRDA:113,14,0,0
BRDA:113,14,1,0
BRDA:120,15,0,0
BRDA:120,15,1,0
BRDA:122,16,0,0
BRDA:122,16,1,0
BRDA:130,17,0,0
BRDA:130,17,1,0
BRDA:138,18,0,0
BRDA:138,18,1,0
BRDA:150,19,0,0
BRDA:150,19,1,0
BRDA:151,20,0,0
BRDA:151,20,1,0
BRDA:154,21,0,0
BRDA:154,21,1,0
BRDA:178,22,0,0
BRDA:178,22,1,0
BRDA:184,23,0,0
BRDA:184,23,1,0
BRDA:189,24,0,0
BRDA:189,24,1,0
BRDA:196,25,0,0
BRDA:196,25,1,0
BRDA:197,26,0,0
BRDA:197,26,1,0
BRDA:198,27,0,0
BRDA:198,27,1,0
BRDA:201,28,0,0
BRDA:201,28,1,0
BRDA:208,29,0,0
BRDA:208,29,1,0
BRF:63
BRH:25
end_of_record
TN:
SF:dist\controllers\user_controller.js
FN:2,(anonymous_0)
FN:3,adopt
FN:3,(anonymous_2)
FN:4,(anonymous_3)
FN:5,fulfilled
FN:6,rejected
FN:7,step
FN:11,(anonymous_7)
FN:19,(anonymous_8)
FN:19,(anonymous_9)
FN:37,(anonymous_10)
FN:37,(anonymous_11)
FN:70,(anonymous_12)
FN:70,(anonymous_13)
FN:92,(anonymous_14)
FN:92,(anonymous_15)
FNF:16
FNH:13
FNDA:6,(anonymous_0)
FNDA:7,adopt
FNDA:7,(anonymous_2)
FNDA:6,(anonymous_3)
FNDA:7,fulfilled
FNDA:0,rejected
FNDA:13,step
FNDA:15,(anonymous_7)
FNDA:2,(anonymous_8)
FNDA:2,(anonymous_9)
FNDA:2,(anonymous_10)
FNDA:2,(anonymous_11)
FNDA:0,(anonymous_12)
FNDA:0,(anonymous_13)
FNDA:2,(anonymous_14)
FNDA:2,(anonymous_15)
DA:2,5
DA:3,7
DA:4,6
DA:5,7
DA:6,0
DA:7,13
DA:8,6
DA:11,5
DA:12,15
DA:14,5
DA:15,5
DA:16,5
DA:17,5
DA:18,5
DA:19,5
DA:20,2
DA:21,2
DA:22,2
DA:23,2
DA:24,1
DA:25,1
DA:27,1
DA:28,1
DA:29,1
DA:30,1
DA:33,0
DA:36,5
DA:37,5
DA:38,2
DA:39,2
DA:40,2
DA:41,2
DA:42,2
DA:43,2
DA:44,2
DA:45,2
DA:46,2
DA:48,2
DA:49,0
DA:51,2
DA:52,1
DA:54,2
DA:56,2
DA:57,1
DA:58,1
DA:60,1
DA:61,1
DA:64,0
DA:65,0
DA:68,5
DA:70,5
DA:71,0
DA:72,0
DA:73,0
DA:74,0
DA:75,0
DA:77,0
DA:78,0
DA:80,0
DA:81,0
DA:82,0
DA:83,0
DA:86,0
DA:87,0
DA:90,5
DA:92,5
DA:93,2
DA:94,2
DA:95,2
DA:96,2
DA:97,2
DA:98,2
DA:99,1
DA:100,1
DA:102,1
DA:105,0
DA:106,0
DA:109,5
LF:78
LH:58
BRDA:2,0,0,5
BRDA:2,0,1,5
BRDA:2,0,2,5
BRDA:3,1,0,0
BRDA:3,1,1,7
BRDA:4,2,0,6
BRDA:4,2,1,6
BRDA:7,3,0,6
BRDA:7,3,1,7
BRDA:8,4,0,6
BRDA:8,4,1,6
BRDA:11,5,0,5
BRDA:11,5,1,5
BRDA:11,5,2,5
BRDA:12,6,0,10
BRDA:12,6,1,5
BRDA:12,7,0,15
BRDA:12,7,1,15
BRDA:23,8,0,1
BRDA:23,8,1,1
BRDA:45,9,0,2
BRDA:45,9,1,0
BRDA:48,10,0,0
BRDA:48,10,1,2
BRDA:51,11,0,1
BRDA:51,11,1,1
BRDA:56,12,0,1
BRDA:56,12,1,1
BRDA:74,13,0,0
BRDA:74,13,1,0
BRDA:77,14,0,0
BRDA:77,14,1,0
BRDA:98,15,0,1
BRDA:98,15,1,1
BRDA:98,16,0,2
BRDA:98,16,1,2
BRF:36
BRH:29
end_of_record
TN:
SF:dist\middleware\multer.middleware.js
FN:2,(anonymous_0)
FN:10,(anonymous_1)
FN:15,(anonymous_2)
FN:22,(anonymous_3)
FNF:4
FNH:1
FNDA:10,(anonymous_0)
FNDA:0,(anonymous_1)
FNDA:0,(anonymous_2)
FNDA:0,(anonymous_3)
DA:2,5
DA:3,10
DA:5,5
DA:6,5
DA:7,5
DA:8,5
DA:9,5
DA:11,0
DA:12,0
DA:13,0
DA:16,0
DA:17,0
DA:18,0
DA:19,0
DA:22,5
DA:23,0
DA:24,0
DA:27,0
DA:30,5
DA:37,5
LF:20
LH:10
BRDA:2,0,0,5
BRDA:2,0,1,5
BRDA:2,0,2,5
BRDA:3,1,0,0
BRDA:3,1,1,10
BRDA:3,2,0,10
BRDA:3,2,1,10
BRDA:23,3,0,0
BRDA:23,3,1,0
BRF:9
BRH:6
end_of_record
TN:
SF:dist\models\comments_model.js
FN:2,(anonymous_0)
FN:6,(anonymous_1)
FN:9,(anonymous_2)
FN:13,(anonymous_3)
FN:15,(anonymous_4)
FN:18,(anonymous_5)
FN:19,(anonymous_6)
FN:20,(anonymous_7)
FN:27,(anonymous_8)
FNF:9
FNH:6
FNDA:265,(anonymous_0)
FNDA:10,(anonymous_1)
FNDA:0,(anonymous_2)
FNDA:5,(anonymous_3)
FNDA:0,(anonymous_4)
FNDA:5,(anonymous_5)
FNDA:5,(anonymous_6)
FNDA:0,(anonymous_7)
FNDA:5,(anonymous_8)
DA:2,5
DA:3,265
DA:4,265
DA:5,265
DA:6,260
DA:8,265
DA:10,0
DA:11,0
DA:13,5
DA:14,5
DA:16,0
DA:18,5
DA:19,5
DA:20,5
DA:21,0
DA:22,0
DA:23,0
DA:25,5
DA:27,5
DA:28,5
DA:29,5
DA:30,270
DA:31,5
DA:32,5
DA:35,5
DA:36,5
DA:37,5
DA:51,5
DA:52,5
LF:29
LH:23
BRDA:2,0,0,5
BRDA:2,0,1,5
BRDA:2,0,2,5
BRDA:2,1,0,5
BRDA:2,1,1,0
BRDA:3,2,0,265
BRDA:3,2,1,0
BRDA:5,3,0,260
BRDA:5,3,1,5
BRDA:5,4,0,265
BRDA:5,4,1,265
BRDA:5,5,0,0
BRDA:5,5,1,265
BRDA:5,6,0,265
BRDA:5,6,1,5
BRDA:10,7,0,0
BRDA:10,7,1,0
BRDA:13,8,0,5
BRDA:13,8,1,5
BRDA:13,8,2,5
BRDA:13,9,0,5
BRDA:13,9,1,0
BRDA:18,10,0,5
BRDA:18,10,1,5
BRDA:18,10,2,5
BRDA:20,11,0,5
BRDA:20,11,1,0
BRDA:22,12,0,0
BRDA:22,12,1,0
BRDA:28,13,0,0
BRDA:28,13,1,5
BRDA:28,14,0,5
BRDA:28,14,1,5
BRDA:30,15,0,5
BRDA:30,15,1,0
BRDA:30,16,0,265
BRDA:30,16,1,5
BRF:37
BRH:26
end_of_record
TN:
SF:dist\models\post_model.js
FN:2,(anonymous_0)
FNF:1
FNH:1
FNDA:5,(anonymous_0)
DA:2,5
DA:3,5
DA:5,5
DA:6,5
DA:7,5
DA:30,5
DA:31,5
LF:7
LH:7
BRDA:2,0,0,5
BRDA:2,0,1,5
BRDA:2,0,2,5
BRDA:3,1,0,0
BRDA:3,1,1,5
BRDA:3,2,0,5
BRDA:3,2,1,5
BRF:7
BRH:6
end_of_record
TN:
SF:dist\models\user_model.js
FN:2,(anonymous_0)
FNF:1
FNH:1
FNDA:5,(anonymous_0)
DA:2,5
DA:3,5
DA:5,5
DA:6,5
DA:7,5
DA:30,5
DA:31,5
LF:7
LH:7
BRDA:2,0,0,5
BRDA:2,0,1,5
BRDA:2,0,2,5
BRDA:3,1,0,0
BRDA:3,1,1,5
BRDA:3,2,0,5
BRDA:3,2,1,5
BRF:7
BRH:6
end_of_record
TN:
SF:dist\routes\auth_routes.js
FN:2,(anonymous_0)
FNF:1
FNH:1
FNDA:10,(anonymous_0)
DA:2,5
DA:3,10
DA:5,5
DA:6,5
DA:7,5
DA:8,5
DA:243,5
DA:244,5
DA:245,5
DA:246,5
DA:247,5
DA:248,5
DA:249,5
LF:13
LH:13
BRDA:2,0,0,5
BRDA:2,0,1,5
BRDA:2,0,2,5
BRDA:3,1,0,5
BRDA:3,1,1,5
BRDA:3,2,0,10
BRDA:3,2,1,10
BRF:7
BRH:7
end_of_record
TN:
SF:dist\routes\chat_routes.js
FN:2,(anonymous_0)
FN:3,adopt
FN:3,(anonymous_2)
FN:4,(anonymous_3)
FN:5,fulfilled
FN:6,rejected
FN:7,step
FN:11,(anonymous_7)
FN:18,(anonymous_8)
FN:18,(anonymous_9)
FNF:10
FNH:1
FNDA:0,(anonymous_0)
FNDA:0,adopt
FNDA:0,(anonymous_2)
FNDA:0,(anonymous_3)
FNDA:0,fulfilled
FNDA:0,rejected
FNDA:0,step
FNDA:5,(anonymous_7)
FNDA:0,(anonymous_8)
FNDA:0,(anonymous_9)
DA:2,5
DA:3,0
DA:4,0
DA:5,0
DA:6,0
DA:7,0
DA:8,0
DA:11,5
DA:12,5
DA:14,5
DA:15,5
DA:16,5
DA:17,5
DA:18,5
DA:19,0
DA:20,0
DA:21,0
DA:22,0
DA:23,0
DA:25,0
DA:26,0
DA:29,0
DA:30,0
DA:33,5
LF:24
LH:9
BRDA:2,0,0,5
BRDA:2,0,1,5
BRDA:2,0,2,5
BRDA:3,1,0,0
BRDA:3,1,1,0
BRDA:4,2,0,0
BRDA:4,2,1,0
BRDA:7,3,0,0
BRDA:7,3,1,0
BRDA:8,4,0,0
BRDA:8,4,1,0
BRDA:11,5,0,5
BRDA:11,5,1,5
BRDA:11,5,2,5
BRDA:12,6,0,0
BRDA:12,6,1,5
BRDA:12,7,0,5
BRDA:12,7,1,5
BRDA:21,8,0,0
BRDA:21,8,1,0
BRF:20
BRH:9
end_of_record
TN:
SF:dist\routes\comments_routes.js
FN:2,(anonymous_0)
FNF:1
FNH:1
FNDA:10,(anonymous_0)
DA:2,5
DA:3,10
DA:5,5
DA:6,5
DA:7,5
DA:8,5
DA:9,5
DA:83,5
DA:109,5
DA:137,5
DA:166,5
DA:192,5
DA:193,5
LF:13
LH:13
BRDA:2,0,0,5
BRDA:2,0,1,5
BRDA:2,0,2,5
BRDA:3,1,0,5
BRDA:3,1,1,5
BRDA:3,2,0,10
BRDA:3,2,1,10
BRF:7
BRH:7
end_of_record
TN:
SF:dist\routes\file_routes.js
FN:2,(anonymous_0)
FN:3,adopt
FN:3,(anonymous_2)
FN:4,(anonymous_3)
FN:5,fulfilled
FN:6,rejected
FN:7,step
FN:11,(anonymous_7)
FN:35,(anonymous_8)
FN:42,(anonymous_9)
FN:79,(anonymous_10)
FN:86,(anonymous_11)
FN:139,(anonymous_12)
FN:139,(anonymous_13)
FNF:14
FNH:1
FNDA:0,(anonymous_0)
FNDA:0,adopt
FNDA:0,(anonymous_2)
FNDA:0,(anonymous_3)
FNDA:0,fulfilled
FNDA:0,rejected
FNDA:0,step
FNDA:25,(anonymous_7)
FNDA:0,(anonymous_8)
FNDA:0,(anonymous_9)
FNDA:0,(anonymous_10)
FNDA:0,(anonymous_11)
FNDA:0,(anonymous_12)
FNDA:0,(anonymous_13)
DA:2,5
DA:3,0
DA:4,0
DA:5,0
DA:6,0
DA:7,0
DA:8,0
DA:11,5
DA:12,25
DA:14,5
DA:15,5
DA:16,5
DA:17,5
DA:18,5
DA:19,5
DA:20,5
DA:21,5
DA:22,5
DA:29,5
DA:34,5
DA:36,0
DA:37,0
DA:38,0
DA:40,0
DA:43,0
DA:46,5
DA:79,5
DA:80,0
DA:81,0
DA:82,0
DA:84,0
DA:85,0
DA:86,0
DA:87,0
DA:88,0
DA:89,0
DA:90,0
DA:92,0
DA:93,0
DA:139,5
DA:140,0
DA:141,0
DA:142,0
DA:143,0
DA:145,0
DA:146,0
DA:147,0
DA:148,0
DA:149,0
DA:150,0
DA:151,0
DA:153,0
DA:154,0
DA:157,0
DA:158,0
DA:161,5
LF:56
LH:18
BRDA:2,0,0,5
BRDA:2,0,1,5
BRDA:2,0,2,5
BRDA:3,1,0,0
BRDA:3,1,1,0
BRDA:4,2,0,0
BRDA:4,2,1,0
BRDA:7,3,0,0
BRDA:7,3,1,0
BRDA:8,4,0,0
BRDA:8,4,1,0
BRDA:11,5,0,5
BRDA:11,5,1,5
BRDA:11,5,2,5
BRDA:12,6,0,5
BRDA:12,6,1,20
BRDA:12,7,0,25
BRDA:12,7,1,25
BRDA:29,8,0,5
BRDA:29,8,1,0
BRDA:30,9,0,0
BRDA:30,9,1,5
BRDA:37,10,0,0
BRDA:37,10,1,0
BRDA:80,11,0,0
BRDA:80,11,1,0
BRDA:87,12,0,0
BRDA:87,12,1,0
BRDA:141,13,0,0
BRDA:141,13,1,0
BRDA:149,14,0,0
BRDA:149,14,1,0
BRF:32
BRH:12
end_of_record
TN:
SF:dist\routes\posts_routes.js
FN:2,(anonymous_0)
FN:3,adopt
FN:3,(anonymous_2)
FN:4,(anonymous_3)
FN:5,fulfilled
FN:6,rejected
FN:7,step
FN:11,(anonymous_7)
FN:141,(anonymous_8)
FN:141,(anonymous_9)
FN:244,(anonymous_10)
FN:248,(anonymous_11)
FNF:12
FNH:8
FNDA:3,(anonymous_0)
FNDA:3,adopt
FNDA:0,(anonymous_2)
FNDA:3,(anonymous_3)
FNDA:3,fulfilled
FNDA:0,rejected
FNDA:6,step
FNDA:10,(anonymous_7)
FNDA:3,(anonymous_8)
FNDA:3,(anonymous_9)
FNDA:0,(anonymous_10)
FNDA:0,(anonymous_11)
DA:2,5
DA:3,3
DA:4,3
DA:5,3
DA:6,0
DA:7,6
DA:8,3
DA:11,5
DA:12,10
DA:14,5
DA:15,5
DA:16,5
DA:17,5
DA:18,5
DA:19,5
DA:74,5
DA:102,5
DA:141,5
DA:142,3
DA:143,3
DA:146,0
DA:174,5
DA:244,5
DA:245,0
DA:246,0
DA:247,0
DA:248,0
DA:250,5
DA:251,5
LF:29
LH:23
BRDA:2,0,0,5
BRDA:2,0,1,5
BRDA:2,0,2,5
BRDA:3,1,0,3
BRDA:3,1,1,0
BRDA:4,2,0,3
BRDA:4,2,1,3
BRDA:7,3,0,3
BRDA:7,3,1,3
BRDA:8,4,0,3
BRDA:8,4,1,3
BRDA:11,5,0,5
BRDA:11,5,1,5
BRDA:11,5,2,5
BRDA:12,6,0,5
BRDA:12,6,1,5
BRDA:12,7,0,10
BRDA:12,7,1,10
BRF:18
BRH:17
end_of_record
TN:
SF:dist\routes\user_routes.js
FN:2,(anonymous_0)
FN:76,(anonymous_1)
FN:76,(anonymous_2)
FN:81,(anonymous_3)
FN:84,(anonymous_4)
FN:195,(anonymous_5)
FNF:6
FNH:4
FNDA:15,(anonymous_0)
FNDA:20,(anonymous_1)
FNDA:6,(anonymous_2)
FNDA:0,(anonymous_3)
FNDA:0,(anonymous_4)
FNDA:2,(anonymous_5)
DA:2,5
DA:3,15
DA:5,5
DA:6,5
DA:7,5
DA:8,5
DA:9,5
DA:10,5
DA:11,5
DA:76,20
DA:77,6
DA:80,5
DA:82,0
DA:85,0
DA:86,0
DA:89,5
DA:116,5
DA:153,5
DA:194,5
DA:195,5
DA:196,2
DA:197,2
DA:248,5
DA:249,5
LF:24
LH:21
BRDA:2,0,0,5
BRDA:2,0,1,5
BRDA:2,0,2,5
BRDA:3,1,0,0
BRDA:3,1,1,15
BRDA:3,2,0,15
BRDA:3,2,1,15
BRF:7
BRH:6
end_of_record
TN:
SF:dist\src\server.js
FN:2,(anonymous_0)
FN:30,(anonymous_1)
FN:43,(anonymous_2)
FN:66,(anonymous_3)
FN:67,(anonymous_4)
FN:68,(anonymous_5)
FN:69,(anonymous_6)
FN:76,(anonymous_7)
FN:80,(anonymous_8)
FNF:9
FNH:6
FNDA:65,(anonymous_0)
FNDA:18,(anonymous_1)
FNDA:0,(anonymous_2)
FNDA:0,(anonymous_3)
FNDA:5,(anonymous_4)
FNDA:5,(anonymous_5)
FNDA:5,(anonymous_6)
FNDA:5,(anonymous_7)
FNDA:0,(anonymous_8)
DA:2,5
DA:3,65
DA:5,5
DA:6,5
DA:7,5
DA:8,5
DA:9,5
DA:10,5
DA:11,5
DA:12,5
DA:13,5
DA:14,5
DA:15,5
DA:16,5
DA:17,5
DA:18,5
DA:19,5
DA:20,5
DA:21,5
DA:28,5
DA:29,5
DA:30,5
DA:31,18
DA:32,18
DA:33,18
DA:34,7
DA:36,18
DA:38,5
DA:39,5
DA:41,5
DA:43,5
DA:44,0
DA:46,5
DA:47,5
DA:48,5
DA:49,5
DA:50,5
DA:51,5
DA:63,5
DA:64,5
DA:65,5
DA:66,5
DA:67,5
DA:68,5
DA:69,5
DA:70,5
DA:71,0
DA:74,5
DA:77,5
DA:78,5
DA:81,0
DA:86,5
LF:52
LH:49
BRDA:2,0,0,5
BRDA:2,0,1,5
BRDA:2,0,2,5
BRDA:3,1,0,25
BRDA:3,1,1,40
BRDA:3,2,0,65
BRDA:3,2,1,65
BRDA:33,3,0,7
BRDA:33,3,1,11
BRDA:33,4,0,18
BRDA:33,4,1,12
BRDA:70,5,0,0
BRDA:70,5,1,5
BRF:13
BRH:12
end_of_record
TN:
SF:dist\src\controllers\auth_controller.js
FN:2,(anonymous_0)
FN:3,adopt
FN:3,(anonymous_2)
FN:4,(anonymous_3)
FN:5,fulfilled
FN:6,rejected
FN:7,step
FN:11,(anonymous_7)
FN:21,(anonymous_8)
FN:21,(anonymous_9)
FN:66,(anonymous_10)
FN:66,(anonymous_11)
FN:111,(anonymous_12)
FN:135,(anonymous_13)
FN:135,(anonymous_14)
FN:159,(anonymous_15)
FN:159,(anonymous_16)
FN:200,(anonymous_17)
FN:201,(anonymous_18)
FN:212,(anonymous_19)
FN:212,(anonymous_20)
FN:232,(anonymous_21)
FN:243,(anonymous_22)
FN:243,(anonymous_23)
FN:253,(anonymous_24)
FN:253,(anonymous_25)
FN:281,(anonymous_26)
FN:296,(anonymous_27)
FNF:28
FNH:24
FNDA:19,(anonymous_0)
FNDA:41,adopt
FNDA:10,(anonymous_2)
FNDA:19,(anonymous_3)
FNDA:36,fulfilled
FNDA:5,rejected
FNDA:60,step
FNDA:15,(anonymous_7)
FNDA:0,(anonymous_8)
FNDA:0,(anonymous_9)
FNDA:0,(anonymous_10)
FNDA:0,(anonymous_11)
FNDA:8,(anonymous_12)
FNDA:6,(anonymous_13)
FNDA:6,(anonymous_14)
FNDA:7,(anonymous_15)
FNDA:7,(anonymous_16)
FNDA:3,(anonymous_17)
FNDA:3,(anonymous_18)
FNDA:3,(anonymous_19)
FNDA:3,(anonymous_20)
FNDA:7,(anonymous_21)
FNDA:1,(anonymous_22)
FNDA:1,(anonymous_23)
FNDA:2,(anonymous_24)
FNDA:2,(anonymous_25)
FNDA:7,(anonymous_26)
FNDA:6,(anonymous_27)
DA:2,5
DA:3,41
DA:4,19
DA:5,36
DA:6,5
DA:7,60
DA:8,19
DA:11,5
DA:12,15
DA:14,5
DA:15,5
DA:16,5
DA:17,5
DA:18,5
DA:19,5
DA:20,5
DA:21,5
DA:22,0
DA:23,0
DA:24,0
DA:25,0
DA:26,0
DA:28,0
DA:32,0
DA:33,0
DA:34,0
DA:36,0
DA:38,0
DA:39,0
DA:40,0
DA:43,0
DA:44,0
DA:45,0
DA:46,0
DA:51,0
DA:52,0
DA:53,0
DA:55,0
DA:62,0
DA:63,0
DA:66,5
DA:67,0
DA:68,0
DA:69,0
DA:70,0
DA:71,0
DA:73,0
DA:77,0
DA:78,0
DA:79,0
DA:81,0
DA:82,0
DA:83,0
DA:85,0
DA:86,0
DA:87,0
DA:88,0
DA:96,0
DA:97,0
DA:98,0
DA:100,0
DA:107,0
DA:108,0
DA:111,5
DA:112,8
DA:113,0
DA:115,8
DA:116,8
DA:117,8
DA:121,8
DA:125,8
DA:131,0
DA:132,0
DA:135,6
DA:136,6
DA:137,6
DA:138,6
DA:139,6
DA:140,5
DA:145,1
DA:146,1
DA:147,0
DA:149,1
DA:156,5
DA:159,7
DA:160,7
DA:161,7
DA:162,7
DA:163,1
DA:164,1
DA:166,6
DA:167,0
DA:168,0
DA:170,6
DA:171,6
DA:172,1
DA:173,1
DA:175,5
DA:176,0
DA:177,0
DA:180,5
DA:181,5
DA:182,0
DA:183,0
DA:185,5
DA:186,0
DA:188,5
DA:189,5
DA:190,5
DA:197,0
DA:200,5
DA:201,3
DA:203,3
DA:204,0
DA:205,0
DA:208,3
DA:209,0
DA:210,0
DA:212,3
DA:213,3
DA:214,0
DA:215,0
DA:218,3
DA:219,3
DA:221,3
DA:222,3
DA:223,0
DA:224,0
DA:226,3
DA:227,0
DA:228,0
DA:229,0
DA:230,0
DA:232,7
DA:233,3
DA:234,3
DA:237,0
DA:238,0
DA:243,5
DA:244,1
DA:245,1
DA:246,1
DA:247,0
DA:250,1
DA:253,5
DA:254,2
DA:255,2
DA:256,2
DA:257,0
DA:258,0
DA:260,2
DA:261,2
DA:262,0
DA:263,0
DA:265,2
DA:266,0
DA:268,2
DA:269,2
DA:270,0
DA:278,2
DA:281,5
DA:282,7
DA:283,7
DA:284,7
DA:285,7
DA:286,7
DA:287,1
DA:288,1
DA:289,1
DA:291,6
DA:292,0
DA:293,0
DA:294,0
DA:296,6
DA:297,6
DA:298,0
DA:299,0
DA:300,0
DA:302,6
DA:303,6
DA:304,6
DA:307,5
DA:308,5
LF:183
LH:99
BRDA:2,0,0,5
BRDA:2,0,1,5
BRDA:2,0,2,5
BRDA:3,1,0,31
BRDA:3,1,1,10
BRDA:4,2,0,19
BRDA:4,2,1,19
BRDA:7,3,0,19
BRDA:7,3,1,41
BRDA:8,4,0,19
BRDA:8,4,1,19
BRDA:11,5,0,5
BRDA:11,5,1,5
BRDA:11,5,2,5
BRDA:12,6,0,5
BRDA:12,6,1,10
BRDA:12,7,0,15
BRDA:12,7,1,15
BRDA:25,8,0,0
BRDA:25,8,1,0
BRDA:33,9,0,0
BRDA:33,9,1,0
BRDA:39,10,0,0
BRDA:39,10,1,0
BRDA:52,11,0,0
BRDA:52,11,1,0
BRDA:70,12,0,0
BRDA:70,12,1,0
BRDA:78,13,0,0
BRDA:78,13,1,0
BRDA:83,14,0,0
BRDA:83,14,1,0
BRDA:97,15,0,0
BRDA:97,15,1,0
BRDA:112,16,0,0
BRDA:112,16,1,8
BRDA:112,17,0,8
BRDA:112,17,1,8
BRDA:112,17,2,8
BRDA:146,18,0,0
BRDA:146,18,1,1
BRDA:162,19,0,1
BRDA:162,19,1,6
BRDA:166,20,0,0
BRDA:166,20,1,6
BRDA:171,21,0,1
BRDA:171,21,1,5
BRDA:175,22,0,0
BRDA:175,22,1,5
BRDA:181,23,0,0
BRDA:181,23,1,5
BRDA:185,24,0,0
BRDA:185,24,1,5
BRDA:203,25,0,0
BRDA:203,25,1,3
BRDA:208,26,0,0
BRDA:208,26,1,3
BRDA:213,27,0,0
BRDA:213,27,1,3
BRDA:222,28,0,0
BRDA:222,28,1,3
BRDA:226,29,0,0
BRDA:226,29,1,3
BRDA:226,30,0,3
BRDA:226,30,1,3
BRDA:256,31,0,0
BRDA:256,31,1,2
BRDA:261,32,0,0
BRDA:261,32,1,2
BRDA:265,33,0,0
BRDA:265,33,1,2
BRDA:284,34,0,7
BRDA:284,34,1,6
BRDA:286,35,0,1
BRDA:286,35,1,6
BRDA:291,36,0,0
BRDA:291,36,1,6
BRDA:297,37,0,0
BRDA:297,37,1,6
BRF:79
BRH:47
end_of_record
TN:
SF:dist\src\controllers\base_controller.js
FN:2,(anonymous_0)
FN:3,adopt
FN:3,(anonymous_2)
FN:4,(anonymous_3)
FN:5,fulfilled
FN:6,rejected
FN:7,step
FN:13,(anonymous_7)
FN:16,(anonymous_8)
FN:17,(anonymous_9)
FN:35,(anonymous_10)
FN:36,(anonymous_11)
FN:53,(anonymous_12)
FN:54,(anonymous_13)
FN:66,(anonymous_14)
FN:67,(anonymous_15)
FNF:16
FNH:13
FNDA:4,(anonymous_0)
FNDA:4,adopt
FNDA:3,(anonymous_2)
FNDA:4,(anonymous_3)
FNDA:4,fulfilled
FNDA:0,rejected
FNDA:8,step
FNDA:10,(anonymous_7)
FNDA:2,(anonymous_8)
FNDA:2,(anonymous_9)
FNDA:0,(anonymous_10)
FNDA:0,(anonymous_11)
FNDA:1,(anonymous_12)
FNDA:1,(anonymous_13)
FNDA:1,(anonymous_14)
FNDA:1,(anonymous_15)
DA:2,5
DA:3,4
DA:4,4
DA:5,4
DA:6,0
DA:7,8
DA:8,4
DA:11,5
DA:14,10
DA:17,2
DA:18,2
DA:19,2
DA:20,2
DA:21,1
DA:22,1
DA:25,1
DA:26,1
DA:30,0
DA:36,0
DA:37,0
DA:38,0
DA:39,0
DA:40,0
DA:41,0
DA:44,0
DA:48,0
DA:54,1
DA:55,1
DA:56,1
DA:57,1
DA:58,1
DA:61,0
DA:67,1
DA:68,1
DA:69,1
DA:70,1
DA:71,1
DA:74,0
DA:80,5
LF:39
LH:27
BRDA:2,0,0,5
BRDA:2,0,1,5
BRDA:2,0,2,5
BRDA:3,1,0,1
BRDA:3,1,1,3
BRDA:4,2,0,4
BRDA:4,2,1,4
BRDA:7,3,0,4
BRDA:7,3,1,4
BRDA:8,4,0,4
BRDA:8,4,1,4
BRDA:20,5,0,1
BRDA:20,5,1,1
BRDA:40,6,0,0
BRDA:40,6,1,0
BRF:15
BRH:13
end_of_record
TN:
SF:dist\src\controllers\comments_controller.js
FN:2,(anonymous_0)
FN:3,adopt
FN:3,(anonymous_2)
FN:4,(anonymous_3)
FN:5,fulfilled
FN:6,rejected
FN:7,step
FN:11,(anonymous_7)
FN:18,(anonymous_8)
FN:21,(anonymous_9)
FN:22,(anonymous_10)
FNF:11
FNH:10
FNDA:2,(anonymous_0)
FNDA:2,adopt
FNDA:2,(anonymous_2)
FNDA:2,(anonymous_3)
FNDA:2,fulfilled
FNDA:0,rejected
FNDA:4,step
FNDA:10,(anonymous_7)
FNDA:5,(anonymous_8)
FNDA:2,(anonymous_9)
FNDA:2,(anonymous_10)
DA:2,5
DA:3,2
DA:4,2
DA:5,2
DA:6,0
DA:7,4
DA:8,2
DA:11,5
DA:12,10
DA:14,5
DA:15,5
DA:16,5
DA:19,5
DA:22,2
DA:23,2
DA:24,2
DA:25,2
DA:26,2
DA:28,0
DA:29,0
DA:31,2
DA:34,0
DA:36,0
DA:41,5
LF:24
LH:19
BRDA:2,0,0,5
BRDA:2,0,1,5
BRDA:2,0,2,5
BRDA:3,1,0,0
BRDA:3,1,1,2
BRDA:4,2,0,2
BRDA:4,2,1,2
BRDA:7,3,0,2
BRDA:7,3,1,2
BRDA:8,4,0,2
BRDA:8,4,1,2
BRDA:11,5,0,5
BRDA:11,5,1,5
BRDA:11,5,2,5
BRDA:12,6,0,10
BRDA:12,6,1,0
BRDA:12,7,0,10
BRDA:12,7,1,10
BRDA:26,8,0,0
BRDA:26,8,1,2
BRF:20
BRH:17
end_of_record
TN:
SF:dist\src\controllers\post_controller.js
FN:2,(anonymous_0)
FN:3,adopt
FN:3,(anonymous_2)
FN:4,(anonymous_3)
FN:5,fulfilled
FN:6,rejected
FN:7,step
FN:11,(anonymous_7)
FN:20,(anonymous_8)
FN:23,(anonymous_9)
FN:24,(anonymous_10)
FN:55,(anonymous_11)
FN:56,(anonymous_12)
FN:73,(anonymous_13)
FN:74,(anonymous_14)
FN:94,(anonymous_15)
FN:95,(anonymous_16)
FN:113,(anonymous_17)
FN:131,(anonymous_18)
FN:164,(anonymous_19)
FN:165,(anonymous_20)
FNF:21
FNH:14
FNDA:9,(anonymous_0)
FNDA:9,adopt
FNDA:6,(anonymous_2)
FNDA:9,(anonymous_3)
FNDA:9,fulfilled
FNDA:0,rejected
FNDA:18,step
FNDA:20,(anonymous_7)
FNDA:5,(anonymous_8)
FNDA:3,(anonymous_9)
FNDA:3,(anonymous_10)
FNDA:2,(anonymous_11)
FNDA:2,(anonymous_12)
FNDA:4,(anonymous_13)
FNDA:4,(anonymous_14)
FNDA:0,(anonymous_15)
FNDA:0,(anonymous_16)
FNDA:0,(anonymous_17)
FNDA:0,(anonymous_18)
FNDA:0,(anonymous_19)
FNDA:0,(anonymous_20)
DA:2,5
DA:3,9
DA:4,9
DA:5,9
DA:6,0
DA:7,18
DA:8,9
DA:11,5
DA:12,20
DA:14,5
DA:15,5
DA:16,5
DA:17,5
DA:18,5
DA:21,5
DA:24,3
DA:25,3
DA:26,3
DA:46,3
DA:49,0
DA:50,0
DA:56,2
DA:57,2
DA:58,2
DA:59,2
DA:60,2
DA:61,1
DA:62,1
DA:64,1
DA:65,1
DA:68,0
DA:69,0
DA:74,4
DA:75,4
DA:76,4
DA:77,4
DA:78,1
DA:79,1
DA:81,3
DA:82,3
DA:85,0
DA:86,0
DA:87,0
DA:89,0
DA:90,0
DA:95,0
DA:96,0
DA:97,0
DA:98,0
DA:99,0
DA:100,0
DA:102,0
DA:103,0
DA:104,0
DA:105,0
DA:106,0
DA:107,0
DA:108,0
DA:109,0
DA:110,0
DA:112,0
DA:113,0
DA:115,0
DA:116,0
DA:118,0
DA:119,0
DA:120,0
DA:121,0
DA:122,0
DA:123,0
DA:127,0
DA:129,0
DA:131,0
DA:132,0
DA:133,0
DA:137,0
DA:138,0
DA:140,0
DA:141,0
DA:142,0
DA:144,0
DA:146,0
DA:147,0
DA:149,0
DA:150,0
DA:153,0
DA:154,0
DA:155,0
DA:158,0
DA:159,0
DA:165,0
DA:166,0
DA:167,0
DA:168,0
DA:169,0
DA:170,0
DA:171,0
DA:172,0
DA:173,0
DA:174,0
DA:175,0
DA:176,0
DA:177,0
DA:178,0
DA:179,0
DA:181,0
DA:182,0
DA:183,0
DA:184,0
DA:185,0
DA:187,0
DA:188,0
DA:189,0
DA:190,0
DA:191,0
DA:192,0
DA:193,0
DA:194,0
DA:199,0
DA:200,0
DA:201,0
DA:202,0
DA:204,0
DA:207,0
DA:208,0
DA:209,0
DA:211,0
DA:212,0
DA:217,5
LF:129
LH:36
BRDA:2,0,0,5
BRDA:2,0,1,5
BRDA:2,0,2,5
BRDA:3,1,0,3
BRDA:3,1,1,6
BRDA:4,2,0,9
BRDA:4,2,1,9
BRDA:7,3,0,9
BRDA:7,3,1,9
BRDA:8,4,0,9
BRDA:8,4,1,9
BRDA:11,5,0,5
BRDA:11,5,1,5
BRDA:11,5,2,5
BRDA:12,6,0,15
BRDA:12,6,1,5
BRDA:12,7,0,20
BRDA:12,7,1,20
BRDA:60,8,0,1
BRDA:60,8,1,1
BRDA:77,9,0,1
BRDA:77,9,1,3
BRDA:77,10,0,4
BRDA:77,10,1,3
BRDA:77,10,2,3
BRDA:85,11,0,0
BRDA:85,11,1,0
BRDA:98,12,0,0
BRDA:98,12,1,0
BRDA:107,13,0,0
BRDA:107,13,1,0
BRDA:112,14,0,0
BRDA:112,14,1,0
BRDA:119,15,0,0
BRDA:119,15,1,0
BRDA:121,16,0,0
BRDA:121,16,1,0
BRDA:129,17,0,0
BRDA:129,17,1,0
BRDA:137,18,0,0
BRDA:137,18,1,0
BRDA:149,19,0,0
BRDA:149,19,1,0
BRDA:150,20,0,0
BRDA:150,20,1,0
BRDA:153,21,0,0
BRDA:153,21,1,0
BRDA:177,22,0,0
BRDA:177,22,1,0
BRDA:183,23,0,0
BRDA:183,23,1,0
BRDA:188,24,0,0
BRDA:188,24,1,0
BRDA:195,25,0,0
BRDA:195,25,1,0
BRDA:196,26,0,0
BRDA:196,26,1,0
BRDA:197,27,0,0
BRDA:197,27,1,0
BRDA:200,28,0,0
BRDA:200,28,1,0
BRDA:207,29,0,0
BRDA:207,29,1,0
BRF:63
BRH:25
end_of_record
TN:
SF:dist\src\middleware\multer.middleware.js
FN:2,(anonymous_0)
FN:10,(anonymous_1)
FN:15,(anonymous_2)
FN:22,(anonymous_3)
FNF:4
FNH:1
FNDA:10,(anonymous_0)
FNDA:0,(anonymous_1)
FNDA:0,(anonymous_2)
FNDA:0,(anonymous_3)
DA:2,5
DA:3,10
DA:5,5
DA:6,5
DA:7,5
DA:8,5
DA:9,5
DA:11,0
DA:12,0
DA:13,0
DA:16,0
DA:17,0
DA:18,0
DA:19,0
DA:22,5
DA:23,0
DA:24,0
DA:27,0
DA:30,5
DA:37,5
LF:20
LH:10
BRDA:2,0,0,5
BRDA:2,0,1,5
BRDA:2,0,2,5
BRDA:3,1,0,0
BRDA:3,1,1,10
BRDA:3,2,0,10
BRDA:3,2,1,10
BRDA:23,3,0,0
BRDA:23,3,1,0
BRF:9
BRH:6
end_of_record
TN:
SF:dist\src\models\comments_model.js
FN:2,(anonymous_0)
FN:6,(anonymous_1)
FN:9,(anonymous_2)
FN:13,(anonymous_3)
FN:15,(anonymous_4)
FN:18,(anonymous_5)
FN:19,(anonymous_6)
FN:20,(anonymous_7)
FN:27,(anonymous_8)
FNF:9
FNH:6
FNDA:265,(anonymous_0)
FNDA:10,(anonymous_1)
FNDA:0,(anonymous_2)
FNDA:5,(anonymous_3)
FNDA:0,(anonymous_4)
FNDA:5,(anonymous_5)
FNDA:5,(anonymous_6)
FNDA:0,(anonymous_7)
FNDA:5,(anonymous_8)
DA:2,5
DA:3,265
DA:4,265
DA:5,265
DA:6,260
DA:8,265
DA:10,0
DA:11,0
DA:13,5
DA:14,5
DA:16,0
DA:18,5
DA:19,5
DA:20,5
DA:21,0
DA:22,0
DA:23,0
DA:25,5
DA:27,5
DA:28,5
DA:29,5
DA:30,270
DA:31,5
DA:32,5
DA:35,5
DA:36,5
DA:37,5
DA:51,5
DA:52,5
LF:29
LH:23
BRDA:2,0,0,5
BRDA:2,0,1,5
BRDA:2,0,2,5
BRDA:2,1,0,5
BRDA:2,1,1,0
BRDA:3,2,0,265
BRDA:3,2,1,0
BRDA:5,3,0,260
BRDA:5,3,1,5
BRDA:5,4,0,265
BRDA:5,4,1,265
BRDA:5,5,0,0
BRDA:5,5,1,265
BRDA:5,6,0,265
BRDA:5,6,1,5
BRDA:10,7,0,0
BRDA:10,7,1,0
BRDA:13,8,0,5
BRDA:13,8,1,5
BRDA:13,8,2,5
BRDA:13,9,0,5
BRDA:13,9,1,0
BRDA:18,10,0,5
BRDA:18,10,1,5
BRDA:18,10,2,5
BRDA:20,11,0,5
BRDA:20,11,1,0
BRDA:22,12,0,0
BRDA:22,12,1,0
BRDA:28,13,0,0
BRDA:28,13,1,5
BRDA:28,14,0,5
BRDA:28,14,1,5
BRDA:30,15,0,5
BRDA:30,15,1,0
BRDA:30,16,0,265
BRDA:30,16,1,5
BRF:37
BRH:26
end_of_record
TN:
SF:dist\src\models\post_model.js
FN:2,(anonymous_0)
FNF:1
FNH:1
FNDA:5,(anonymous_0)
DA:2,5
DA:3,5
DA:5,5
DA:6,5
DA:7,5
DA:30,5
DA:31,5
LF:7
LH:7
BRDA:2,0,0,5
BRDA:2,0,1,5
BRDA:2,0,2,5
BRDA:3,1,0,0
BRDA:3,1,1,5
BRDA:3,2,0,5
BRDA:3,2,1,5
BRF:7
BRH:6
end_of_record
TN:
SF:dist\src\models\user_model.js
FN:2,(anonymous_0)
FNF:1
FNH:1
FNDA:5,(anonymous_0)
DA:2,5
DA:3,5
DA:5,5
DA:6,5
DA:7,5
DA:30,5
DA:31,5
LF:7
LH:7
BRDA:2,0,0,5
BRDA:2,0,1,5
BRDA:2,0,2,5
BRDA:3,1,0,0
BRDA:3,1,1,5
BRDA:3,2,0,5
BRDA:3,2,1,5
BRF:7
BRH:6
end_of_record
TN:
SF:dist\src\routes\auth_routes.js
FN:2,(anonymous_0)
FNF:1
FNH:1
FNDA:10,(anonymous_0)
DA:2,5
DA:3,10
DA:5,5
DA:6,5
DA:7,5
DA:8,5
DA:64,5
DA:101,5
DA:139,5
DA:166,5
DA:167,5
DA:168,5
DA:169,5
LF:13
LH:13
BRDA:2,0,0,5
BRDA:2,0,1,5
BRDA:2,0,2,5
BRDA:3,1,0,5
BRDA:3,1,1,5
BRDA:3,2,0,10
BRDA:3,2,1,10
BRF:7
BRH:7
end_of_record
TN:
SF:dist\src\routes\comments_routes.js
FN:2,(anonymous_0)
FNF:1
FNH:1
FNDA:10,(anonymous_0)
DA:2,5
DA:3,10
DA:5,5
DA:6,5
DA:7,5
DA:8,5
DA:9,5
DA:16,5
DA:17,5
DA:18,5
DA:19,5
DA:20,5
DA:21,5
LF:13
LH:13
BRDA:2,0,0,5
BRDA:2,0,1,5
BRDA:2,0,2,5
BRDA:3,1,0,5
BRDA:3,1,1,5
BRDA:3,2,0,10
BRDA:3,2,1,10
BRF:7
BRH:7
end_of_record
TN:
SF:dist\src\routes\file_routes.js
FN:2,(anonymous_0)
FN:3,adopt
FN:3,(anonymous_2)
FN:4,(anonymous_3)
FN:5,fulfilled
FN:6,rejected
FN:7,step
FN:11,(anonymous_7)
FN:29,(anonymous_8)
FN:36,(anonymous_9)
FN:41,(anonymous_10)
FN:48,(anonymous_11)
FN:59,(anonymous_12)
FN:59,(anonymous_13)
FNF:14
FNH:1
FNDA:0,(anonymous_0)
FNDA:0,adopt
FNDA:0,(anonymous_2)
FNDA:0,(anonymous_3)
FNDA:0,fulfilled
FNDA:0,rejected
FNDA:0,step
FNDA:25,(anonymous_7)
FNDA:0,(anonymous_8)
FNDA:0,(anonymous_9)
FNDA:0,(anonymous_10)
FNDA:0,(anonymous_11)
FNDA:0,(anonymous_12)
FNDA:0,(anonymous_13)
DA:2,5
DA:3,0
DA:4,0
DA:5,0
DA:6,0
DA:7,0
DA:8,0
DA:11,5
DA:12,25
DA:14,5
DA:15,5
DA:16,5
DA:17,5
DA:18,5
DA:19,5
DA:20,5
DA:21,5
DA:22,5
DA:23,5
DA:28,5
DA:30,0
DA:31,0
DA:32,0
DA:34,0
DA:37,0
DA:40,5
DA:41,5
DA:42,0
DA:43,0
DA:44,0
DA:46,0
DA:47,0
DA:48,0
DA:49,0
DA:50,0
DA:51,0
DA:52,0
DA:54,0
DA:55,0
DA:59,5
DA:60,0
DA:61,0
DA:62,0
DA:63,0
DA:65,0
DA:66,0
DA:67,0
DA:68,0
DA:69,0
DA:70,0
DA:71,0
DA:73,0
DA:74,0
DA:77,0
DA:78,0
DA:81,5
LF:56
LH:18
BRDA:2,0,0,5
BRDA:2,0,1,5
BRDA:2,0,2,5
BRDA:3,1,0,0
BRDA:3,1,1,0
BRDA:4,2,0,0
BRDA:4,2,1,0
BRDA:7,3,0,0
BRDA:7,3,1,0
BRDA:8,4,0,0
BRDA:8,4,1,0
BRDA:11,5,0,5
BRDA:11,5,1,5
BRDA:11,5,2,5
BRDA:12,6,0,5
BRDA:12,6,1,20
BRDA:12,7,0,25
BRDA:12,7,1,25
BRDA:23,8,0,5
BRDA:23,8,1,0
BRDA:24,9,0,0
BRDA:24,9,1,5
BRDA:31,10,0,0
BRDA:31,10,1,0
BRDA:42,11,0,0
BRDA:42,11,1,0
BRDA:49,12,0,0
BRDA:49,12,1,0
BRDA:61,13,0,0
BRDA:61,13,1,0
BRDA:69,14,0,0
BRDA:69,14,1,0
BRF:32
BRH:12
end_of_record
TN:
SF:dist\src\routes\posts_routes.js
FN:2,(anonymous_0)
FN:3,adopt
FN:3,(anonymous_2)
FN:4,(anonymous_3)
FN:5,fulfilled
FN:6,rejected
FN:7,step
FN:11,(anonymous_7)
FN:141,(anonymous_8)
FN:141,(anonymous_9)
FN:175,(anonymous_10)
FN:179,(anonymous_11)
FNF:12
FNH:8
FNDA:4,(anonymous_0)
FNDA:4,adopt
FNDA:0,(anonymous_2)
FNDA:4,(anonymous_3)
FNDA:4,fulfilled
FNDA:0,rejected
FNDA:8,step
FNDA:10,(anonymous_7)
FNDA:4,(anonymous_8)
FNDA:4,(anonymous_9)
FNDA:0,(anonymous_10)
FNDA:0,(anonymous_11)
DA:2,5
DA:3,4
DA:4,4
DA:5,4
DA:6,0
DA:7,8
DA:8,4
DA:11,5
DA:12,10
DA:14,5
DA:15,5
DA:16,5
DA:17,5
DA:18,5
DA:19,5
DA:74,5
DA:102,5
DA:141,5
DA:142,4
DA:143,4
DA:146,0
DA:174,5
DA:175,5
DA:176,0
DA:177,0
DA:178,0
DA:179,0
DA:181,5
DA:182,5
LF:29
LH:23
BRDA:2,0,0,5
BRDA:2,0,1,5
BRDA:2,0,2,5
BRDA:3,1,0,4
BRDA:3,1,1,0
BRDA:4,2,0,4
BRDA:4,2,1,4
BRDA:7,3,0,4
BRDA:7,3,1,4
BRDA:8,4,0,4
BRDA:8,4,1,4
BRDA:11,5,0,5
BRDA:11,5,1,5
BRDA:11,5,2,5
BRDA:12,6,0,5
BRDA:12,6,1,5
BRDA:12,7,0,10
BRDA:12,7,1,10
BRF:18
BRH:17
end_of_record
TN:
SF:dist\src\routes\user_routes.js
FN:2,(anonymous_0)
FNF:1
FNH:1
FNDA:10,(anonymous_0)
DA:2,5
DA:3,10
DA:5,5
DA:6,5
DA:7,5
DA:8,5
DA:9,5
DA:16,5
DA:17,5
DA:18,5
DA:19,5
DA:20,5
DA:21,5
LF:13
LH:13
BRDA:2,0,0,5
BRDA:2,0,1,5
BRDA:2,0,2,5
BRDA:3,1,0,5
BRDA:3,1,1,5
BRDA:3,2,0,10
BRDA:3,2,1,10
BRF:7
BRH:7
end_of_record
TN:
SF:dist\src\tests\setupTests.js
FN:2,(anonymous_0)
FN:3,adopt
FN:3,(anonymous_2)
FN:4,(anonymous_3)
FN:5,fulfilled
FN:6,rejected
FN:7,step
FN:11,(anonymous_7)
FN:21,(anonymous_8)
FN:21,(anonymous_9)
FN:46,(anonymous_10)
FN:46,(anonymous_11)
FNF:12
FNH:11
FNDA:4,(anonymous_0)
FNDA:8,adopt
FNDA:4,(anonymous_2)
FNDA:4,(anonymous_3)
FNDA:8,fulfilled
FNDA:0,rejected
FNDA:12,step
FNDA:6,(anonymous_7)
FNDA:2,(anonymous_8)
FNDA:2,(anonymous_9)
FNDA:2,(anonymous_10)
FNDA:2,(anonymous_11)
DA:2,2
DA:3,8
DA:4,4
DA:5,8
DA:6,0
DA:7,12
DA:8,4
DA:11,2
DA:12,6
DA:14,2
DA:15,2
DA:16,2
DA:17,2
DA:18,2
DA:19,2
DA:21,2
DA:22,2
DA:23,2
DA:25,2
DA:32,2
DA:38,2
DA:39,2
DA:40,2
DA:44,2
DA:46,2
DA:47,2
DA:48,2
LF:27
LH:26
BRDA:2,0,0,2
BRDA:2,0,1,2
BRDA:2,0,2,2
BRDA:3,1,0,4
BRDA:3,1,1,4
BRDA:4,2,0,4
BRDA:4,2,1,4
BRDA:7,3,0,4
BRDA:7,3,1,8
BRDA:8,4,0,4
BRDA:8,4,1,4
BRDA:11,5,0,2
BRDA:11,5,1,2
BRDA:11,5,2,2
BRDA:12,6,0,2
BRDA:12,6,1,4
BRDA:12,7,0,6
BRDA:12,7,1,6
BRF:18
BRH:18
end_of_record
TN:
SF:dist\tests\setupTests.js
FN:2,(anonymous_0)
FN:3,adopt
FN:3,(anonymous_2)
FN:4,(anonymous_3)
FN:5,fulfilled
FN:6,rejected
FN:7,step
FN:11,(anonymous_7)
FN:20,(anonymous_8)
FN:20,(anonymous_9)
FNF:10
FNH:9
FNDA:2,(anonymous_0)
FNDA:6,adopt
FNDA:4,(anonymous_2)
FNDA:2,(anonymous_3)
FNDA:6,fulfilled
FNDA:0,rejected
FNDA:8,step
FNDA:4,(anonymous_7)
FNDA:2,(anonymous_8)
FNDA:2,(anonymous_9)
DA:2,2
DA:3,6
DA:4,2
DA:5,6
DA:6,0
DA:7,8
DA:8,2
DA:11,2
DA:12,4
DA:14,2
DA:15,2
DA:16,2
DA:17,2
DA:18,2
DA:20,2
DA:21,2
DA:22,2
DA:24,2
DA:31,2
DA:37,2
DA:38,2
DA:39,2
DA:43,2
LF:23
LH:22
BRDA:2,0,0,2
BRDA:2,0,1,2
BRDA:2,0,2,2
BRDA:3,1,0,2
BRDA:3,1,1,4
BRDA:4,2,0,2
BRDA:4,2,1,2
BRDA:7,3,0,2
BRDA:7,3,1,6
BRDA:8,4,0,2
BRDA:8,4,1,2
BRDA:11,5,0,2
BRDA:11,5,1,2
BRDA:11,5,2,2
BRDA:12,6,0,2
BRDA:12,6,1,2
BRDA:12,7,0,4
BRDA:12,7,1,4
BRF:18
BRH:18
end_of_record
TN:
SF:src\chat.ts
FN:7,getChatCompletion
FNF:1
FNH:0
FNDA:0,getChatCompletion
DA:1,5
DA:3,5
DA:7,5
DA:8,0
DA:9,0
DA:14,0
DA:16,0
DA:17,0
LF:8
LH:3
BRDA:14,0,0,0
BRDA:14,0,1,0
BRDA:14,1,0,0
BRDA:14,1,1,0
BRDA:14,2,0,0
BRDA:14,2,1,0
BRDA:14,3,0,0
BRDA:14,3,1,0
BRDA:14,4,0,0
BRDA:14,4,1,0
BRDA:14,5,0,0
BRDA:14,5,1,0
BRF:12
BRH:0
end_of_record
TN:
SF:src\server.ts
FN:45,(anonymous_1)
FN:61,(anonymous_2)
FN:75,(anonymous_3)
FN:76,(anonymous_4)
FN:79,(anonymous_5)
FN:80,(anonymous_6)
FN:86,(anonymous_7)
FN:90,(anonymous_8)
FNF:8
FNH:5
FNDA:24,(anonymous_1)
FNDA:0,(anonymous_2)
FNDA:0,(anonymous_3)
FNDA:5,(anonymous_4)
FNDA:5,(anonymous_5)
FNDA:5,(anonymous_6)
FNDA:5,(anonymous_7)
FNDA:0,(anonymous_8)
DA:1,5
DA:2,5
DA:3,5
DA:4,5
DA:5,5
DA:6,5
DA:7,5
DA:8,5
DA:9,5
DA:11,5
DA:12,5
DA:13,5
DA:14,5
DA:15,5
DA:17,5
DA:19,5
DA:21,5
DA:33,5
DA:34,5
DA:36,5
DA:43,5
DA:44,5
DA:45,5
DA:46,24
DA:47,24
DA:48,24
DA:49,8
DA:51,24
DA:54,5
DA:55,5
DA:59,5
DA:61,5
DA:62,0
DA:66,5
DA:67,5
DA:68,5
DA:69,5
DA:70,5
DA:72,5
DA:74,5
DA:75,5
DA:76,5
DA:79,5
DA:80,5
DA:81,5
DA:82,0
DA:84,5
DA:87,5
DA:88,5
DA:91,0
DA:97,5
LF:51
LH:48
BRDA:48,0,0,8
BRDA:48,1,0,24
BRDA:48,1,1,18
BRDA:81,2,0,0
BRDA:81,2,1,5
BRF:5
BRH:4
end_of_record
TN:
SF:src\controllers\auth_controller.ts
FN:9,(anonymous_8)
FN:9,(anonymous_9)
FN:64,(anonymous_10)
FN:64,(anonymous_11)
FN:119,(anonymous_12)
FN:155,(anonymous_13)
FN:155,(anonymous_14)
FN:184,(anonymous_15)
FN:184,(anonymous_16)
FN:234,(anonymous_17)
FN:235,(anonymous_18)
FN:235,(anonymous_19)
FN:242,(anonymous_20)
FN:242,(anonymous_21)
FN:268,(anonymous_22)
FN:291,(anonymous_23)
FN:291,(anonymous_24)
FN:301,(anonymous_25)
FN:301,(anonymous_26)
FN:332,(anonymous_27)
FN:357,(anonymous_28)
FNF:21
FNH:17
FNDA:0,(anonymous_8)
FNDA:0,(anonymous_9)
FNDA:0,(anonymous_10)
FNDA:0,(anonymous_11)
FNDA:8,(anonymous_12)
FNDA:6,(anonymous_13)
FNDA:6,(anonymous_14)
FNDA:7,(anonymous_15)
FNDA:7,(anonymous_16)
FNDA:5,(anonymous_17)
FNDA:5,(anonymous_18)
FNDA:5,(anonymous_19)
FNDA:3,(anonymous_20)
FNDA:3,(anonymous_21)
FNDA:3,(anonymous_22)
FNDA:1,(anonymous_23)
FNDA:1,(anonymous_24)
FNDA:4,(anonymous_25)
FNDA:4,(anonymous_26)
FNDA:9,(anonymous_27)
FNDA:6,(anonymous_28)
DA:2,5
DA:3,5
DA:4,5
DA:6,5
DA:7,5
DA:9,5
DA:10,0
DA:11,0
DA:12,0
DA:14,0
DA:15,0
DA:18,0
DA:23,0
DA:24,0
DA:25,0
DA:28,0
DA:31,0
DA:32,0
DA:33,0
DA:37,0
DA:38,0
DA:39,0
DA:41,0
DA:47,0
DA:48,0
DA:49,0
DA:52,0
DA:59,0
DA:60,0
DA:64,5
DA:65,0
DA:66,0
DA:67,0
DA:69,0
DA:70,0
DA:73,0
DA:78,0
DA:79,0
DA:80,0
DA:83,0
DA:85,0
DA:87,0
DA:89,0
DA:90,0
DA:91,0
DA:93,0
DA:102,0
DA:103,0
DA:104,0
DA:107,0
DA:114,0
DA:115,0
DA:119,5
DA:120,8
DA:121,0
DA:124,8
DA:126,8
DA:127,8
DA:136,8
DA:145,8
DA:150,0
DA:151,0
DA:155,6
DA:156,6
DA:157,6
DA:158,6
DA:159,6
DA:160,5
DA:168,2
DA:170,2
DA:171,0
DA:174,2
DA:180,4
DA:184,7
DA:185,7
DA:186,7
DA:187,7
DA:188,1
DA:189,1
DA:191,6
DA:192,0
DA:193,0
DA:195,6
DA:196,6
DA:197,1
DA:198,1
DA:200,5
DA:201,0
DA:202,0
DA:205,5
DA:206,5
DA:207,0
DA:208,0
DA:210,5
DA:211,0
DA:213,5
DA:214,5
DA:215,5
DA:221,0
DA:234,5
DA:235,5
DA:236,5
DA:237,5
DA:238,2
DA:239,2
DA:242,3
DA:243,3
DA:244,0
DA:247,3
DA:250,3
DA:251,3
DA:252,3
DA:253,0
DA:256,3
DA:257,3
DA:258,3
DA:260,3
DA:262,1
DA:263,1
DA:264,1
DA:268,3
DA:269,2
DA:272,2
DA:273,2
DA:275,0
DA:279,2
DA:284,0
DA:291,5
DA:292,1
DA:293,1
DA:294,1
DA:296,0
DA:301,5
DA:302,4
DA:303,4
DA:304,1
DA:305,0
DA:307,1
DA:309,1
DA:310,0
DA:312,1
DA:313,0
DA:315,1
DA:316,1
DA:317,0
DA:324,4
DA:332,5
DA:333,9
DA:335,9
DA:336,9
DA:338,9
DA:342,9
DA:344,9
DA:345,3
DA:346,3
DA:347,3
DA:350,6
DA:351,6
DA:352,0
DA:353,0
DA:354,0
DA:357,6
DA:358,6
DA:359,0
DA:360,0
DA:361,0
DA:363,6
DA:364,6
DA:365,6
DA:367,6
DA:368,6
DA:372,5
LF:172
LH:100
BRDA:14,0,0,0
BRDA:24,1,0,0
BRDA:32,2,0,0
BRDA:48,3,0,0
BRDA:69,4,0,0
BRDA:79,5,0,0
BRDA:87,6,0,0
BRDA:103,7,0,0
BRDA:120,8,0,0
BRDA:120,9,0,8
BRDA:120,9,1,8
BRDA:120,9,2,8
BRDA:170,10,0,0
BRDA:187,11,0,1
BRDA:191,12,0,0
BRDA:196,13,0,1
BRDA:200,14,0,0
BRDA:206,15,0,0
BRDA:210,16,0,0
BRDA:237,17,0,2
BRDA:237,18,0,5
BRDA:237,18,1,3
BRDA:243,19,0,0
BRDA:252,20,0,0
BRDA:260,21,0,1
BRDA:260,22,0,3
BRDA:260,22,1,3
BRDA:273,23,0,0
BRDA:304,24,0,0
BRDA:309,25,0,0
BRDA:312,26,0,0
BRDA:338,27,0,6
BRDA:338,27,1,3
BRDA:338,28,0,1
BRDA:338,28,1,8
BRDA:338,29,0,9
BRDA:338,29,1,9
BRDA:344,30,0,3
BRDA:351,31,0,0
BRDA:358,32,0,0
BRF:40
BRH:18
end_of_record
TN:
SF:src\controllers\base_controller.ts
FN:6,(anonymous_7)
FN:10,(anonymous_8)
FN:25,(anonymous_10)
FN:40,(anonymous_12)
FN:50,(anonymous_14)
FNF:5
FNH:3
FNDA:10,(anonymous_7)
FNDA:3,(anonymous_8)
FNDA:0,(anonymous_10)
FNDA:0,(anonymous_12)
FNDA:1,(anonymous_14)
DA:7,10
DA:11,3
DA:12,3
DA:13,3
DA:14,1
DA:15,1
DA:17,2
DA:18,2
DA:21,0
DA:26,0
DA:28,0
DA:29,0
DA:30,0
DA:31,0
DA:33,0
DA:36,0
DA:41,0
DA:42,0
DA:43,0
DA:44,0
DA:46,0
DA:51,1
DA:52,1
DA:53,1
DA:54,1
DA:56,0
DA:61,5
LF:27
LH:13
BRDA:13,0,0,1
BRDA:13,0,1,2
BRDA:30,1,0,0
BRDA:30,1,1,0
BRF:4
BRH:2
end_of_record
TN:
SF:src\controllers\comments_controller.ts
FN:6,(anonymous_8)
FN:10,(anonymous_9)
FN:25,(anonymous_11)
FNF:3
FNH:3
FNDA:5,(anonymous_8)
FNDA:1,(anonymous_9)
FNDA:2,(anonymous_11)
DA:2,5
DA:3,5
DA:7,5
DA:11,1
DA:12,1
DA:13,1
DA:14,0
DA:15,0
DA:16,0
DA:18,0
DA:20,1
DA:21,1
DA:26,2
DA:27,2
DA:28,2
DA:29,2
DA:31,0
DA:32,0
DA:39,5
LF:19
LH:13
BRDA:14,0,0,0
BRF:1
BRH:0
end_of_record
TN:
SF:src\controllers\post_controller.ts
FN:8,(anonymous_8)
FN:12,(anonymous_9)
FN:41,(anonymous_11)
FN:57,(anonymous_13)
FN:79,(anonymous_15)
FN:102,(anonymous_17)
FN:123,(anonymous_18)
FN:158,(anonymous_19)
FNF:8
FNH:4
FNDA:5,(anonymous_8)
FNDA:3,(anonymous_9)
FNDA:2,(anonymous_11)
FNDA:3,(anonymous_13)
FNDA:0,(anonymous_15)
FNDA:0,(anonymous_17)
FNDA:0,(anonymous_18)
FNDA:0,(anonymous_19)
DA:1,5
DA:3,5
DA:4,5
DA:5,5
DA:9,5
DA:13,3
DA:14,3
DA:34,3
DA:36,0
DA:37,0
DA:42,2
DA:43,2
DA:44,2
DA:45,2
DA:46,1
DA:47,1
DA:49,1
DA:50,1
DA:52,0
DA:53,0
DA:58,3
DA:59,3
DA:61,3
DA:62,1
DA:63,1
DA:66,2
DA:67,2
DA:69,0
DA:70,0
DA:71,0
DA:73,0
DA:74,0
DA:80,0
DA:82,0
DA:83,0
DA:84,0
DA:85,0
DA:86,0
DA:88,0
DA:89,0
DA:90,0
DA:91,0
DA:93,0
DA:95,0
DA:96,0
DA:97,0
DA:98,0
DA:101,0
DA:102,0
DA:105,0
DA:107,0
DA:109,0
DA:110,0
DA:111,0
DA:112,0
DA:113,0
DA:114,0
DA:118,0
DA:121,0
DA:123,0
DA:124,0
DA:125,0
DA:128,0
DA:129,0
DA:131,0
DA:132,0
DA:133,0
DA:136,0
DA:139,0
DA:141,0
DA:144,0
DA:145,0
DA:148,0
DA:149,0
DA:150,0
DA:152,0
DA:153,0
DA:159,0
DA:160,0
DA:161,0
DA:162,0
DA:164,0
DA:165,0
DA:166,0
DA:167,0
DA:169,0
DA:170,0
DA:172,0
DA:173,0
DA:174,0
DA:175,0
DA:178,0
DA:179,0
DA:181,0
DA:182,0
DA:183,0
DA:186,0
DA:187,0
DA:189,0
DA:190,0
DA:191,0
DA:192,0
DA:194,0
DA:196,0
DA:206,0
DA:208,0
DA:209,0
DA:210,0
DA:213,0
DA:215,0
DA:216,0
DA:217,0
DA:219,0
DA:220,0
DA:225,5
LF:115
LH:24
BRDA:45,0,0,1
BRDA:61,1,0,1
BRDA:61,2,0,3
BRDA:61,2,1,2
BRDA:61,2,2,2
BRDA:69,3,0,0
BRDA:84,4,0,0
BRDA:95,5,0,0
BRDA:101,6,0,0
BRDA:110,7,0,0
BRDA:112,8,0,0
BRDA:121,9,0,0
BRDA:121,9,1,0
BRDA:128,10,0,0
BRDA:144,11,0,0
BRDA:144,11,1,0
BRDA:145,12,0,0
BRDA:145,12,1,0
BRDA:148,13,0,0
BRDA:148,13,1,0
BRDA:173,14,0,0
BRDA:181,15,0,0
BRDA:187,16,0,0
BRDA:187,16,1,0
BRDA:199,17,0,0
BRDA:199,17,1,0
BRDA:200,18,0,0
BRDA:200,18,1,0
BRDA:201,19,0,0
BRDA:201,19,1,0
BRDA:208,20,0,0
BRDA:215,21,0,0
BRF:32
BRH:5
end_of_record
TN:
SF:src\controllers\user_controller.ts
FN:7,(anonymous_8)
FN:7,(anonymous_9)
FN:27,(anonymous_10)
FN:27,(anonymous_11)
FN:67,(anonymous_12)
FN:67,(anonymous_13)
FN:94,(anonymous_14)
FN:94,(anonymous_15)
FNF:8
FNH:6
FNDA:2,(anonymous_8)
FNDA:2,(anonymous_9)
FNDA:2,(anonymous_10)
FNDA:2,(anonymous_11)
FNDA:0,(anonymous_12)
FNDA:0,(anonymous_13)
FNDA:2,(anonymous_14)
FNDA:2,(anonymous_15)
DA:2,5
DA:3,5
DA:4,5
DA:7,5
DA:8,2
DA:9,2
DA:11,2
DA:12,2
DA:13,1
DA:14,1
DA:17,1
DA:18,1
DA:19,1
DA:21,1
DA:23,0
DA:27,5
DA:28,2
DA:29,2
DA:30,2
DA:32,2
DA:33,2
DA:34,2
DA:36,2
DA:37,2
DA:38,2
DA:40,2
DA:41,0
DA:43,2
DA:44,1
DA:47,2
DA:53,2
DA:54,1
DA:55,1
DA:58,1
DA:59,1
DA:61,0
DA:62,0
DA:67,5
DA:68,0
DA:69,0
DA:70,0
DA:72,0
DA:73,0
DA:76,0
DA:77,0
DA:80,0
DA:81,0
DA:83,0
DA:85,0
DA:88,0
DA:89,0
DA:94,5
DA:95,2
DA:96,2
DA:97,2
DA:99,2
DA:100,2
DA:102,2
DA:103,1
DA:104,1
DA:107,1
DA:109,0
DA:110,0
LF:63
LH:44
BRDA:12,0,0,1
BRDA:37,1,0,2
BRDA:40,2,0,0
BRDA:43,3,0,1
BRDA:53,4,0,1
BRDA:72,5,0,0
BRDA:76,6,0,0
BRDA:102,7,0,1
BRDA:102,8,0,2
BRDA:102,8,1,2
BRF:10
BRH:7
end_of_record
TN:
SF:src\middleware\multer.middleware.ts
FN:6,(anonymous_1)
FN:12,(anonymous_2)
FN:20,(anonymous_3)
FNF:3
FNH:0
FNDA:0,(anonymous_1)
FNDA:0,(anonymous_2)
FNDA:0,(anonymous_3)
DA:1,5
DA:2,5
DA:5,5
DA:7,0
DA:8,0
DA:9,0
DA:13,0
DA:14,0
DA:15,0
DA:16,0
DA:20,5
DA:21,0
DA:22,0
DA:24,0
DA:28,5
DA:36,5
LF:16
LH:6
BRDA:21,0,0,0
BRDA:21,0,1,0
BRF:2
BRH:0
end_of_record
TN:
SF:src\models\comments_model.ts
FNF:0
FNH:0
DA:1,5
DA:9,5
DA:24,5
DA:26,5
LF:4
LH:4
BRF:0
BRH:0
end_of_record
TN:
SF:src\models\post_model.ts
FNF:0
FNH:0
DA:1,5
DA:12,5
DA:36,5
DA:38,5
LF:4
LH:4
BRF:0
BRH:0
end_of_record
TN:
SF:src\models\user_model.ts
FNF:0
FNH:0
DA:1,5
DA:11,5
DA:35,5
DA:37,5
LF:4
LH:4
BRF:0
BRH:0
end_of_record
TN:
SF:src\routes\auth_routes.ts
FNF:0
FNH:0
DA:1,5
DA:2,5
DA:3,5
DA:248,5
DA:249,5
DA:250,5
DA:251,5
DA:252,5
DA:253,5
DA:255,5
LF:10
LH:10
BRF:0
BRH:0
end_of_record
TN:
SF:src\routes\chat_routes.ts
FN:6,(anonymous_8)
FN:6,(anonymous_9)
FNF:2
FNH:0
FNDA:0,(anonymous_8)
FNDA:0,(anonymous_9)
DA:1,5
DA:2,5
DA:4,5
DA:6,5
DA:7,0
DA:8,0
DA:9,0
DA:10,0
DA:11,0
DA:14,0
DA:15,0
DA:17,0
DA:18,0
DA:22,5
LF:14
LH:5
BRDA:9,0,0,0
BRF:1
BRH:0
end_of_record
TN:
SF:src\routes\comments_routes.ts
FNF:0
FNH:0
DA:1,5
DA:2,5
DA:3,5
DA:4,5
DA:81,5
DA:108,5
DA:137,5
DA:167,5
DA:194,5
DA:196,5
LF:10
LH:10
BRF:0
BRH:0
end_of_record
TN:
SF:src\routes\file_routes.ts
FN:25,(anonymous_8)
FN:32,(anonymous_9)
FN:70,(anonymous_10)
FN:79,(anonymous_11)
FN:133,(anonymous_12)
FN:133,(anonymous_13)
FNF:6
FNH:0
FNDA:0,(anonymous_8)
FNDA:0,(anonymous_9)
FNDA:0,(anonymous_10)
FNDA:0,(anonymous_11)
FNDA:0,(anonymous_12)
FNDA:0,(anonymous_13)
DA:1,5
DA:2,5
DA:3,5
DA:4,5
DA:5,5
DA:6,5
DA:7,5
DA:9,5
DA:18,5
DA:24,5
DA:26,0
DA:27,0
DA:28,0
DA:30,0
DA:33,0
DA:37,5
DA:70,5
DA:71,0
DA:72,0
DA:73,0
DA:76,0
DA:77,0
DA:79,0
DA:80,0
DA:81,0
DA:82,0
DA:83,0
DA:86,0
DA:87,0
DA:133,5
DA:134,0
DA:135,0
DA:136,0
DA:137,0
DA:140,0
DA:141,0
DA:142,0
DA:144,0
DA:150,0
DA:151,0
DA:152,0
DA:155,0
DA:156,0
DA:158,0
DA:159,0
DA:163,5
LF:46
LH:14
BRDA:18,0,0,5
BRDA:18,0,1,0
BRDA:19,1,0,0
BRDA:19,1,1,5
BRDA:27,2,0,0
BRDA:71,3,0,0
BRDA:80,4,0,0
BRDA:135,5,0,0
BRDA:150,6,0,0
BRF:9
BRH:2
end_of_record
TN:
SF:src\routes\posts_routes.ts
FN:134,(anonymous_8)
FN:134,(anonymous_9)
FN:236,(anonymous_10)
FN:240,(anonymous_11)
FNF:4
FNH:2
FNDA:3,(anonymous_8)
FNDA:3,(anonymous_9)
FNDA:0,(anonymous_10)
FNDA:0,(anonymous_11)
DA:1,5
DA:2,5
DA:3,5
DA:4,5
DA:5,5
DA:64,5
DA:93,5
DA:134,5
DA:135,3
DA:136,0
DA:164,5
DA:236,5
DA:237,0
DA:238,0
DA:239,0
DA:240,0
DA:243,5
DA:247,5
LF:18
LH:13
BRF:0
BRH:0
end_of_record
TN:
SF:src\routes\user_routes.ts
FN:75,(anonymous_1)
FN:75,(anonymous_2)
FN:81,(anonymous_3)
FN:84,(anonymous_4)
FN:200,(anonymous_5)
FNF:5
FNH:3
FNDA:20,(anonymous_1)
FNDA:6,(anonymous_2)
FNDA:0,(anonymous_3)
FNDA:0,(anonymous_4)
FNDA:2,(anonymous_5)
DA:1,5
DA:2,5
DA:3,5
DA:4,5
DA:5,5
DA:7,5
DA:75,20
DA:76,6
DA:80,5
DA:82,0
DA:85,0
DA:86,0
DA:90,5
DA:118,5
DA:156,5
DA:198,5
DA:200,5
DA:201,2
DA:202,2
DA:254,5
DA:257,5
LF:21
LH:18
BRF:0
BRH:0
end_of_record
TN:
SF:src\tests\setupTests.ts
FN:10,(anonymous_8)
FN:10,(anonymous_9)
FNF:2
FNH:2
FNDA:2,(anonymous_8)
FNDA:2,(anonymous_9)
DA:1,2
DA:2,2
DA:5,2
DA:10,2
DA:11,2
DA:12,2
DA:15,2
DA:23,2
DA:30,2
DA:31,2
DA:33,2
DA:38,2
LF:12
LH:12
BRF:0
BRH:0
end_of_record
